CutSize 1243
GroupA 2861
C3
C8
C13
C15
C16
C18
C25
C29
C30
C31
C36
C37
C46
C47
C50
C51
C55
C57
C59
C65
C70
C71
C79
C80
C82
C85
C86
C87
C94
C97
C99
C104
C108
C109
C114
C118
C124
C130
C132
C139
C148
C149
C151
C158
C160
C168
C173
C178
C182
C185
C188
C192
C205
C208
C217
C221
C222
C228
C240
C245
C250
C273
C275
C276
C282
C284
C287
C291
C294
C298
C302
C308
C318
C319
C342
C347
C348
C357
C364
C369
C386
C387
C388
C394
C396
C398
C401
C405
C411
C417
C421
C425
C427
C432
C437
C439
C441
C443
C444
C446
C450
C453
C457
C459
C461
C483
C486
C488
C493
C495
C500
C502
C503
C506
C510
C512
C515
C520
C521
C523
C524
C530
C533
C542
C555
C558
C559
C561
C571
C576
C577
C578
C596
C608
C614
C617
C620
C621
C622
C626
C630
C638
C640
C642
C645
C649
C650
C654
C655
C657
C658
C662
C669
C680
C682
C690
C693
C696
C703
C704
C716
C717
C723
C726
C728
C730
C732
C733
C734
C739
C741
C745
C748
C751
C761
C764
C765
C767
C773
C775
C778
C781
C784
C789
C791
C793
C808
C811
C816
C823
C824
C827
C828
C830
C832
C840
C845
C852
C854
C857
C866
C871
C873
C875
C876
C885
C886
C887
C888
C892
C894
C903
C907
C908
C909
C910
C911
C912
C923
C928
C943
C947
C951
C952
C957
C960
C961
C962
C965
C968
C973
C975
C977
C979
C988
C989
C998
C1006
C1007
C1008
C1019
C1021
C1024
C1027
C1033
C1037
C1050
C1069
C1076
C1078
C1080
C1082
C1088
C1095
C1101
C1108
C1112
C1116
C1118
C1122
C1124
C1130
C1135
C1138
C1145
C1157
C1159
C1160
C1161
C1163
C1170
C1172
C1173
C1180
C1184
C1188
C1190
C1193
C1196
C1198
C1204
C1209
C1215
C1218
C1220
C1223
C1235
C1238
C1244
C1245
C1246
C1247
C1258
C1261
C1265
C1284
C1285
C1289
C1294
C1306
C1309
C1310
C1313
C1315
C1320
C1322
C1324
C1326
C1328
C1332
C1342
C1351
C1369
C1382
C1383
C1405
C1409
C1419
C1421
C1422
C1428
C1432
C1434
C1440
C1442
C1443
C1444
C1447
C1451
C1455
C1459
C1463
C1467
C1475
C1481
C1489
C1492
C1494
C1501
C1502
C1505
C1512
C1522
C1524
C1530
C1534
C1536
C1538
C1555
C1557
C1559
C1560
C1562
C1569
C1573
C1574
C1582
C1586
C1588
C1596
C1597
C1598
C1603
C1604
C1605
C1610
C1614
C1618
C1621
C1633
C1634
C1635
C1640
C1643
C1644
C1647
C1666
C1668
C1678
C1682
C1683
C1684
C1686
C1687
C1691
C1692
C1695
C1696
C1700
C1706
C1707
C1709
C1712
C1715
C1729
C1736
C1743
C1745
C1751
C1767
C1771
C1773
C1779
C1781
C1782
C1784
C1786
C1800
C1803
C1806
C1810
C1811
C1813
C1818
C1827
C1829
C1833
C1851
C1852
C1855
C1856
C1858
C1867
C1868
C1872
C1877
C1900
C1906
C1907
C1922
C1929
C1932
C1939
C1940
C1950
C1951
C1952
C1955
C1962
C1966
C1967
C1975
C1980
C1992
C1993
C1997
C2000
C2001
C2005
C2007
C2008
C2009
C2012
C2014
C2015
C2017
C2019
C2023
C2031
C2035
C2036
C2040
C2043
C2051
C2056
C2057
C2059
C2073
C2074
C2078
C2080
C2089
C2104
C2110
C2112
C2122
C2126
C2128
C2136
C2141
C2142
C2143
C2144
C2146
C2148
C2157
C2158
C2167
C2169
C2172
C2179
C2185
C2205
C2206
C2207
C2208
C2211
C2216
C2230
C2238
C2243
C2245
C2246
C2247
C2248
C2258
C2259
C2261
C2262
C2264
C2268
C2270
C2271
C2274
C2280
C2283
C2290
C2292
C2295
C2297
C2302
C2304
C2306
C2307
C2311
C2313
C2314
C2316
C2324
C2327
C2331
C2332
C2336
C2338
C2343
C2345
C2346
C2349
C2365
C2373
C2378
C2379
C2381
C2384
C2387
C2388
C2397
C2399
C2401
C2405
C2406
C2407
C2409
C2410
C2412
C2417
C2424
C2430
C2434
C2436
C2444
C2448
C2450
C2458
C2459
C2461
C2464
C2465
C2482
C2499
C2501
C2506
C2507
C2514
C2520
C2522
C2528
C2530
C2534
C2536
C2538
C2542
C2543
C2558
C2565
C2566
C2569
C2571
C2601
C2604
C2607
C2608
C2610
C2617
C2618
C2624
C2627
C2629
C2630
C2632
C2636
C2640
C2648
C2657
C2660
C2662
C2668
C2679
C2680
C2681
C2686
C2697
C2701
C2702
C2707
C2717
C2724
C2727
C2732
C2733
C2740
C2742
C2745
C2746
C2750
C2752
C2754
C2757
C2769
C2774
C2785
C2789
C2794
C2796
C2798
C2799
C2807
C2808
C2816
C2821
C2828
C2834
C2836
C2838
C2839
C2843
C2847
C2848
C2850
C2854
C2859
C2860
C2877
C2879
C2885
C2890
C2895
C2899
C2900
C2902
C2903
C2913
C2917
C2930
C2957
C2971
C2976
C2980
C2984
C2985
C2994
C2997
C2999
C3007
C3012
C3015
C3016
C3017
C3023
C3046
C3056
C3058
C3061
C3063
C3068
C3074
C3076
C3077
C3087
C3089
C3090
C3091
C3100
C3101
C3107
C3115
C3118
C3121
C3132
C3146
C3158
C3159
C3164
C3165
C3166
C3168
C3171
C3172
C3180
C3183
C3189
C3198
C3202
C3210
C3214
C3215
C3221
C3224
C3225
C3227
C3228
C3231
C3232
C3236
C3238
C3239
C3246
C3250
C3252
C3253
C3254
C3258
C3265
C3269
C3272
C3284
C3288
C3292
C3299
C3307
C3312
C3313
C3316
C3317
C3327
C3341
C3342
C3352
C3353
C3360
C3363
C3369
C3384
C3388
C3389
C3390
C3399
C3402
C3404
C3409
C3414
C3416
C3419
C3421
C3423
C3429
C3431
C3436
C3438
C3442
C3445
C3456
C3467
C3469
C3477
C3479
C3481
C3488
C3501
C3503
C3504
C3507
C3509
C3511
C3514
C3517
C3521
C3533
C3544
C3545
C3548
C3549
C3551
C3555
C3564
C3565
C3571
C3578
C3581
C3582
C3591
C3595
C3599
C3604
C3607
C3613
C3615
C3618
C3626
C3627
C3629
C3635
C3636
C3645
C3652
C3654
C3655
C3658
C3659
C3670
C3674
C3681
C3682
C3683
C3687
C3691
C3692
C3697
C3701
C3708
C3711
C3715
C3718
C3722
C3725
C3742
C3747
C3761
C3764
C3765
C3770
C3772
C3774
C3775
C3777
C3780
C3785
C3788
C3789
C3790
C3792
C3796
C3798
C3804
C3813
C3816
C3819
C3825
C3830
C3834
C3838
C3840
C3843
C3845
C3857
C3860
C3867
C3869
C3870
C3878
C3879
C3885
C3886
C3888
C3892
C3901
C3902
C3904
C3916
C3917
C3928
C3932
C3933
C3936
C3938
C3939
C3955
C3967
C3970
C3973
C3977
C3981
C3989
C3996
C3999
C4004
C4007
C4008
C4010
C4011
C4013
C4017
C4027
C4028
C4038
C4040
C4049
C4054
C4056
C4058
C4060
C4061
C4067
C4068
C4072
C4080
C4086
C4087
C4092
C4093
C4095
C4098
C4113
C4122
C4124
C4130
C4132
C4144
C4152
C4153
C4161
C4164
C4165
C4167
C4168
C4171
C4177
C4193
C4196
C4197
C4199
C4203
C4208
C4221
C4223
C4229
C4234
C4239
C4242
C4252
C4256
C4267
C4270
C4272
C4273
C4283
C4285
C4291
C4292
C4293
C4294
C4295
C4297
C4299
C4311
C4315
C4317
C4319
C4320
C4324
C4333
C4354
C4356
C4365
C4366
C4368
C4372
C4376
C4377
C4388
C4399
C4412
C4421
C4425
C4426
C4428
C4438
C4441
C4443
C4444
C4451
C4453
C4461
C4463
C4467
C4475
C4482
C4486
C4490
C4501
C4505
C4508
C4513
C4519
C4536
C4545
C4547
C4550
C4552
C4554
C4558
C4570
C4572
C4573
C4577
C4578
C4579
C4592
C4595
C4596
C4601
C4603
C4607
C4616
C4619
C4627
C4632
C4633
C4634
C4644
C4649
C4653
C4663
C4664
C4675
C4684
C4694
C4701
C4702
C4703
C4707
C4711
C4714
C4719
C4721
C4723
C4727
C4734
C4737
C4741
C4742
C4750
C4751
C4755
C4766
C4771
C4776
C4778
C4780
C4783
C4789
C4791
C4796
C4797
C4801
C4806
C4807
C4811
C4814
C4817
C4820
C4826
C4829
C4831
C4832
C4842
C4843
C4845
C4851
C4856
C4871
C4872
C4875
C4879
C4882
C4883
C4886
C4889
C4893
C4896
C4897
C4898
C4911
C4914
C4920
C4950
C4956
C4960
C4962
C4964
C4969
C4971
C4975
C4979
C4980
C4987
C4996
C4999
C5009
C5018
C5027
C5031
C5034
C5038
C5045
C5046
C5050
C5052
C5069
C5073
C5077
C5085
C5090
C5093
C5095
C5105
C5115
C5119
C5124
C5129
C5133
C5135
C5147
C5152
C5154
C5165
C5172
C5176
C5177
C5180
C5181
C5182
C5196
C5206
C5208
C5210
C5214
C5215
C5221
C5228
C5234
C5235
C5236
C5248
C5250
C5253
C5259
C5262
C5267
C5274
C5286
C5294
C5307
C5310
C5312
C5315
C5316
C5320
C5322
C5339
C5345
C5349
C5351
C5352
C5355
C5357
C5359
C5371
C5375
C5378
C5379
C5380
C5382
C5389
C5394
C5398
C5405
C5407
C5410
C5413
C5421
C5422
C5424
C5426
C5430
C5432
C5433
C5434
C5441
C5447
C5451
C5452
C5454
C5459
C5460
C5462
C5463
C5472
C5473
C5476
C5479
C5502
C5503
C5513
C5516
C5523
C5525
C5528
C5537
C5554
C5556
C5557
C5560
C5561
C5571
C5573
C5577
C5584
C5586
C5587
C5590
C5594
C5596
C5598
C5599
C5600
C5601
C5604
C5614
C5615
C5623
C5629
C5630
C5631
C5638
C5639
C5644
C5651
C5652
C5653
C5657
C5660
C5674
C5675
C5677
C5682
C5688
C5695
C5697
C5703
C5704
C5718
C5719
C5720
C5721
C5731
C5737
C5741
C5748
C5751
C5758
C5759
C5762
C5763
C5765
C5766
C5770
C5772
C5775
C5780
C5783
C5792
C5793
C5794
C5795
C5797
C5802
C5804
C5813
C5823
C5825
C5839
C5845
C5864
C5866
C5870
C5874
C5876
C5877
C5879
C5881
C5885
C5890
C5897
C5903
C5911
C5915
C5918
C5931
C5937
C5939
C5940
C5941
C5945
C5948
C5957
C5959
C5962
C5969
C5971
C5978
C5981
C5985
C5990
C5994
C5995
C6000
C6005
C6007
C6008
C6009
C6011
C6014
C6015
C6016
C6023
C6026
C6029
C6030
C6038
C6052
C6055
C6058
C6062
C6070
C6072
C6073
C6078
C6080
C6095
C6099
C6101
C6108
C6114
C6116
C6118
C6121
C6132
C6133
C6138
C6145
C6147
C6151
C6157
C6159
C6173
C6182
C6184
C6193
C6199
C6203
C6208
C6213
C6214
C6215
C6228
C6241
C6247
C6257
C6264
C6265
C6270
C6271
C6273
C6274
C6285
C6286
C6287
C6290
C6293
C6297
C6308
C6314
C6316
C6317
C6322
C6326
C6337
C6342
C6344
C6347
C6351
C6354
C6364
C6365
C6368
C6378
C6379
C6392
C6393
C6400
C6402
C6409
C6410
C6415
C6416
C6423
C6429
C6437
C6438
C6440
C6443
C6445
C6447
C6448
C6449
C6450
C6451
C6453
C6459
C6460
C6462
C6465
C6473
C6484
C6488
C6489
C6493
C6502
C6504
C6510
C6511
C6512
C6513
C6514
C6516
C6531
C6532
C6535
C6536
C6538
C6552
C6554
C6555
C6558
C6560
C6561
C6563
C6564
C6566
C6567
C6572
C6580
C6581
C6582
C6587
C6589
C6603
C6604
C6605
C6608
C6617
C6622
C6624
C6627
C6631
C6633
C6644
C6648
C6656
C6658
C6660
C6666
C6668
C6677
C6679
C6685
C6686
C6687
C6688
C6713
C6714
C6720
C6722
C6730
C6733
C6739
C6750
C6756
C6758
C6777
C6780
C6785
C6786
C6793
C6796
C6798
C6808
C6809
C6811
C6814
C6815
C6816
C6817
C6821
C6822
C6827
C6833
C6839
C6843
C6846
C6850
C6852
C6853
C6855
C6856
C6862
C6866
C6874
C6876
C6880
C6881
C6891
C6894
C6907
C6909
C6918
C6924
C6927
C6929
C6930
C6932
C6933
C6936
C6941
C6945
C6968
C6982
C6984
C6988
C6989
C6998
C7018
C7026
C7030
C7035
C7043
C7049
C7051
C7054
C7057
C7060
C7064
C7067
C7068
C7076
C7078
C7084
C7086
C7088
C7093
C7094
C7101
C7104
C7105
C7109
C7111
C7112
C7122
C7125
C7134
C7137
C7143
C7145
C7154
C7155
C7166
C7170
C7174
C7181
C7182
C7188
C7197
C7207
C7215
C7217
C7223
C7225
C7227
C7236
C7239
C7245
C7248
C7264
C7283
C7288
C7289
C7291
C7292
C7295
C7308
C7309
C7310
C7311
C7313
C7316
C7317
C7322
C7337
C7344
C7349
C7350
C7357
C7358
C7360
C7361
C7365
C7373
C7377
C7388
C7390
C7391
C7392
C7395
C7399
C7401
C7402
C7404
C7406
C7415
C7416
C7425
C7432
C7434
C7439
C7446
C7450
C7453
C7455
C7457
C7460
C7472
C7473
C7479
C7481
C7485
C7487
C7490
C7508
C7511
C7512
C7516
C7521
C7526
C7528
C7538
C7539
C7540
C7542
C7549
C7551
C7554
C7558
C7562
C7565
C7566
C7567
C7568
C7569
C7570
C7571
C7584
C7585
C7588
C7596
C7597
C7598
C7602
C7611
C7612
C7617
C7621
C7624
C7630
C7643
C7649
C7652
C7653
C7660
C7661
C7664
C7665
C7667
C7670
C7675
C7678
C7681
C7682
C7683
C7698
C7699
C7700
C7704
C7706
C7719
C7723
C7731
C7733
C7740
C7741
C7742
C7744
C7747
C7762
C7764
C7769
C7773
C7774
C7779
C7783
C7784
C7786
C7792
C7800
C7805
C7807
C7808
C7810
C7813
C7814
C7816
C7818
C7819
C7826
C7827
C7828
C7829
C7830
C7832
C7835
C7836
C7857
C7859
C7860
C7861
C7866
C7872
C7884
C7889
C7894
C7901
C7903
C7905
C7908
C7910
C7914
C7926
C7931
C7933
C7934
C7936
C7938
C7939
C7944
C7947
C7951
C7952
C7953
C7971
C7982
C7986
C7990
C7991
C7995
C8000
C8003
C8004
C8005
C8007
C8018
C8021
C8025
C8030
C8033
C8034
C8045
C8047
C8050
C8057
C8064
C8066
C8073
C8076
C8092
C8093
C8094
C8095
C8096
C8108
C8111
C8116
C8127
C8134
C8136
C8141
C8142
C8147
C8150
C8151
C8156
C8159
C8162
C8166
C8169
C8171
C8172
C8183
C8184
C8187
C8192
C8205
C8206
C8208
C8209
C8211
C8218
C8221
C8222
C8223
C8225
C8226
C8233
C8234
C8243
C8244
C8246
C8247
C8256
C8257
C8265
C8274
C8278
C8280
C8285
C8292
C8295
C8301
C8306
C8318
C8321
C8326
C8332
C8342
C8356
C8357
C8363
C8365
C8368
C8374
C8387
C8390
C8401
C8409
C8412
C8415
C8418
C8420
C8422
C8426
C8427
C8434
C8436
C8437
C8440
C8442
C8444
C8451
C8453
C8454
C8455
C8465
C8468
C8469
C8486
C8488
C8490
C8503
C8512
C8521
C8523
C8524
C8526
C8529
C8532
C8535
C8538
C8548
C8549
C8550
C8554
C8559
C8561
C8567
C8571
C8575
C8579
C8583
C8592
C8594
C8597
C8602
C8604
C8608
C8612
C8615
C8618
C8621
C8624
C8630
C8631
C8632
C8635
C8636
C8642
C8648
C8652
C8658
C8663
C8665
C8669
C8676
C8680
C8685
C8688
C8693
C8694
C8696
C8699
C8701
C8703
C8705
C8712
C8714
C8719
C8724
C8725
C8727
C8736
C8737
C8738
C8739
C8741
C8749
C8752
C8755
C8765
C8767
C8772
C8773
C8774
C8778
C8779
C8790
C8793
C8804
C8807
C8808
C8812
C8817
C8818
C8820
C8821
C8822
C8825
C8828
C8831
C8833
C8840
C8849
C8853
C8861
C8874
C8877
C8882
C8884
C8887
C8902
C8903
C8908
C8912
C8914
C8920
C8922
C8933
C8939
C8942
C8945
C8955
C8958
C8959
C8969
C8970
C8977
C8979
C8981
C8984
C8992
C9001
C9003
C9005
C9011
C9015
C9016
C9019
C9022
C9025
C9026
C9028
C9036
C9045
C9049
C9068
C9075
C9082
C9083
C9084
C9085
C9091
C9096
C9104
C9106
C9109
C9110
C9112
C9113
C9114
C9118
C9123
C9133
C9137
C9140
C9142
C9153
C9156
C9159
C9160
C9164
C9169
C9171
C9178
C9179
C9184
C9186
C9187
C9199
C9200
C9202
C9205
C9208
C9216
C9243
C9248
C9255
C9260
C9263
C9265
C9267
C9268
C9272
C9288
C9289
C9298
C9304
C9305
C9308
C9314
C9316
C9321
C9326
C9329
C9334
C9338
C9339
C9343
C9348
C9349
C9350
C9354
C9365
C9366
C9368
C9371
C9372
C9373
C9379
C9381
C9385
C9387
C9395
C9405
C9406
C9407
C9408
C9410
C9411
C9415
C9417
C9419
C9424
C9425
C9433
C9436
C9440
C9444
C9445
C9446
C9450
C9455
C9461
C9467
C9469
C9474
C9475
C9481
C9482
C9487
C9489
C9490
C9492
C9493
C9501
C9502
C9503
C9513
C9517
C9523
C9527
C9532
C9540
C9542
C9545
C9560
C9565
C9567
C9571
C9572
C9582
C9587
C9591
C9611
C9612
C9615
C9617
C9619
C9620
C9624
C9625
C9631
C9632
C9639
C9641
C9642
C9651
C9653
C9659
C9668
C9675
C9680
C9682
C9683
C9684
C9688
C9693
C9695
C9700
C9702
C9710
C9712
C9723
C9725
C9738
C9739
C9752
C9755
C9761
C9766
C9778
C9781
C9784
C9792
C9794
C9796
C9800
C9802
C9811
C9813
C9825
C9827
C9828
C9831
C9833
C9841
C9843
C9848
C9851
C9857
C9863
C9864
C9865
C9870
C9872
C9877
C9878
C9884
C9892
C9896
C9904
C9907
C9909
C9911
C9914
C9920
C9922
C9933
C9935
C9939
C9945
C9969
C9978
C9982
C9989
C9996
C10003
C10018
C10034
C10038
C10042
C10044
C10051
C10056
C10058
C10059
C10070
C10071
C10080
C10084
C10085
C10087
C10088
C10090
C10091
C10094
C10095
C10096
C10100
C10108
C10109
C10116
C10118
C10120
C10122
C10126
C10131
C10134
C10136
C10137
C10138
C10140
C10141
C10142
C10144
C10146
C10147
C10149
C10152
C10155
C10162
C10167
C10172
C10176
C10184
C10189
C10199
C10205
C10211
C10219
C10222
C10231
C10237
C10241
C10244
C10246
C10248
C10251
C10253
C10255
C10259
C10260
C10261
C10270
C10271
C10273
C10274
C10279
C10280
C10282
C10283
C10284
C10285
C10287
C10290
C10296
C10308
C10310
C10313
C10318
C10322
C10324
C10326
C10327
C10328
C10330
C10331
C10335
C10336
C10342
C10363
C10379
C10383
C10386
C10392
C10402
C10409
C10415
C10419
C10424
C10427
C10430
C10435
C10437
C10442
C10443
C10448
C10451
C10454
C10459
C10461
C10467
C10473
C10475
C10479
C10487
C10499
C10504
C10506
C10509
C10513
C10514
C10515
C10517
C10522
C10528
C10529
C10530
C10533
C10536
C10546
C10550
C10561
C10565
C10567
C10571
C10577
C10579
C10580
C10582
C10585
C10588
C10589
C10594
C10597
C10600
C10601
C10616
C10618
C10627
C10628
C10630
C10640
C10641
C10645
C10646
C10650
C10659
C10661
C10665
C10668
C10669
C10678
C10680
C10681
C10683
C10685
C10691
C10695
C10702
C10705
C10707
C10709
C10716
C10720
C10721
C10724
C10729
C10732
C10734
C10735
C10737
C10739
C10741
C10742
C10743
C10746
C10768
C10772
C10782
C10791
C10793
C10795
C10796
C10798
C10809
C10810
C10811
C10814
C10817
C10819
C10830
C10833
C10838
C10839
C10840
C10842
C10861
C10865
C10870
C10887
C10889
C10891
C10900
C10902
C10909
C10921
C10922
C10923
C10929
C10930
C10951
C10952
C10953
C10956
C10959
C10960
C10963
C10964
C10976
C10981
C10986
C10995
C10998
C11008
C11010
C11011
C11012
C11019
C11020
C11021
C11027
C11028
C11033
C11036
C11039
C11046
C11052
C11053
C11059
C11074
C11076
C11086
C11088
C11090
C11099
C11106
C11108
C11109
C11111
C11112
C11116
C11118
C11123
C11127
C11128
C11137
C11138
C11140
C11145
C11149
C11151
C11154
C11159
C11160
C11162
C11167
C11170
C11172
C11173
C11178
C11188
C11193
C11199
C11203
C11208
C11221
C11224
C11227
C11228
C11230
C11231
C11233
C11235
C11237
C11242
C11249
C11253
C11254
C11255
C11259
C11260
C11266
C11268
C11273
C11279
C11286
C11290
C11296
C11298
C11299
C11303
C11305
C11310
C11312
C11321
C11323
C11324
C11331
C11333
C11335
C11340
C11342
C11349
C11354
C11357
C11362
C11364
C11365
C11368
C11373
C11376
C11377
C11383
C11384
C11393
C11395
C11401
C11402
C11403
C11404
C11409
C11418
C11420
C11421
C11423
C11425
C11428
C11439
C11441
C11442
C11447
C11452
C11462
C11468
C11470
C11473
C11477
C11482
C11483
C11484
C11489
C11500
C11504
C11509
C11512
C11513
C11527
C11534
C11540
C11541
C11546
C11551
C11555
C11568
C11569
C11573
C11574
C11575
C11578
C11579
C11600
C11601
C11602
C11604
C11607
C11617
C11626
C11631
C11639
C11644
C11646
C11647
C11649
C11653
C11658
C11663
C11667
C11672
C11681
C11683
C11695
C11696
C11699
C11704
C11707
C11709
C11711
C11714
C11715
C11725
C11729
C11740
C11742
C11744
C11745
C11748
C11750
C11752
C11754
C11762
C11777
C11779
C11788
C11791
C11795
C11800
C11803
C11804
C11806
C11809
C11814
C11820
C11822
C11825
C11828
C11830
C11837
C11848
C11859
C11862
C11864
C11866
C11869
C11870
C11876
C11882
C11883
C11889
C11891
C11902
C11905
C11913
C11916
C11921
C11928
C11938
C11940
C11941
C11945
C11949
C11959
C11973
C11975
C11980
C11986
C11988
C11991
C11998
C12002
C12007
C12015
C12016
C12029
C12034
C12037
C12038
C12042
C12044
C12045
C12046
C12055
C12060
C12061
C12062
C12068
C12071
C12075
C12077
C12082
C12084
C12092
C12096
C12102
C12104
C12105
C12115
C12125
C12128
C12130
C12135
C12136
C12137
C12139
C12140
C12148
C12154
C12159
C12165
C12166
C12173
C12176
C12181
C12182
C12192
C12195
C12199
C12200
C12201
C12207
C12214
C12215
C12216
C12217
C12221
C12228
C12229
C12231
C12236
C12239
C12244
C12246
C12249
C12258
C12260
C12265
C12266
C12267
C12268
C12269
C12271
C12272
C12281
C12283
C12291
C12299
C12302
C12306
C12309
C12310
C12311
C12318
C12319
C12321
C12324
C12325
C12327
C12337
C12345
C12346
C12350
C12354
C12359
C12364
C12367
C12370
C12375
C12377
C12380
C12383
C12385
C12386
C12389
C12391
C12395
C12402
C12403
C12404
C12406
C12418
C12420
C12434
C12435
C12437
C12438
C12445
C12446
C12447
C12449
C12457
C12459
C12470
C12479
C12490
C12495
C12499
C12504
C12506
C12512
C12519
C12527
C12530
C12555
C12558
C12581
C12592
C12595
C12606
C12612
C12663
C12677
C12678
C12693
C12719
C12752

GroupB 3522
C1
C4
C7
C12
C14
C20
C21
C22
C28
C34
C38
C39
C44
C54
C64
C67
C74
C78
C89
C92
C93
C95
C103
C106
C107
C111
C113
C117
C122
C128
C129
C131
C134
C138
C140
C141
C142
C144
C145
C150
C152
C162
C166
C169
C175
C181
C186
C187
C189
C193
C195
C198
C202
C206
C207
C209
C213
C214
C215
C216
C219
C220
C223
C231
C237
C238
C241
C242
C243
C244
C246
C251
C252
C253
C255
C256
C259
C260
C266
C267
C271
C272
C281
C283
C286
C288
C295
C304
C305
C311
C317
C321
C322
C324
C332
C333
C335
C336
C343
C345
C351
C352
C353
C355
C358
C362
C365
C373
C374
C379
C383
C384
C390
C391
C392
C404
C412
C415
C418
C419
C420
C426
C429
C434
C435
C436
C440
C449
C451
C458
C462
C469
C471
C474
C478
C479
C481
C484
C485
C491
C492
C494
C496
C505
C514
C517
C518
C526
C527
C528
C531
C535
C536
C538
C539
C540
C545
C547
C548
C553
C554
C556
C564
C565
C566
C568
C572
C579
C580
C582
C583
C585
C586
C590
C598
C599
C600
C601
C604
C610
C612
C615
C624
C629
C632
C634
C635
C636
C643
C646
C652
C653
C665
C668
C672
C681
C687
C689
C694
C695
C697
C700
C705
C710
C712
C714
C719
C720
C721
C725
C735
C744
C747
C749
C750
C753
C758
C763
C766
C770
C771
C772
C774
C776
C779
C780
C787
C790
C794
C796
C800
C801
C802
C803
C804
C806
C809
C812
C814
C819
C820
C833
C835
C844
C848
C849
C851
C855
C863
C865
C867
C868
C893
C896
C897
C898
C900
C913
C916
C917
C926
C927
C931
C932
C934
C945
C946
C948
C953
C954
C964
C969
C970
C971
C986
C987
C992
C993
C994
C995
C997
C999
C1001
C1010
C1014
C1020
C1022
C1023
C1026
C1028
C1031
C1038
C1039
C1041
C1044
C1045
C1046
C1048
C1052
C1054
C1055
C1060
C1061
C1062
C1063
C1065
C1070
C1071
C1072
C1074
C1077
C1079
C1086
C1096
C1102
C1110
C1111
C1114
C1115
C1117
C1123
C1125
C1128
C1131
C1134
C1136
C1139
C1144
C1146
C1147
C1149
C1152
C1154
C1156
C1158
C1162
C1164
C1166
C1168
C1169
C1171
C1174
C1178
C1179
C1183
C1185
C1186
C1189
C1192
C1199
C1200
C1202
C1205
C1206
C1214
C1217
C1221
C1225
C1227
C1228
C1229
C1230
C1231
C1232
C1234
C1237
C1241
C1242
C1243
C1250
C1252
C1254
C1257
C1262
C1264
C1266
C1267
C1268
C1270
C1277
C1283
C1287
C1291
C1292
C1293
C1296
C1298
C1301
C1302
C1304
C1314
C1317
C1323
C1329
C1331
C1335
C1336
C1338
C1339
C1343
C1348
C1352
C1356
C1358
C1360
C1364
C1368
C1370
C1380
C1381
C1388
C1393
C1394
C1395
C1396
C1398
C1403
C1404
C1406
C1410
C1414
C1417
C1423
C1424
C1429
C1431
C1433
C1435
C1437
C1448
C1450
C1453
C1456
C1464
C1469
C1470
C1471
C1476
C1478
C1486
C1495
C1496
C1497
C1510
C1517
C1521
C1523
C1526
C1527
C1528
C1535
C1537
C1542
C1544
C1547
C1549
C1550
C1552
C1554
C1556
C1563
C1566
C1567
C1572
C1576
C1578
C1580
C1583
C1584
C1587
C1591
C1592
C1595
C1601
C1606
C1613
C1620
C1622
C1626
C1631
C1632
C1642
C1645
C1651
C1656
C1657
C1659
C1660
C1671
C1675
C1676
C1681
C1685
C1694
C1698
C1708
C1710
C1711
C1713
C1714
C1721
C1722
C1724
C1725
C1732
C1735
C1739
C1740
C1741
C1742
C1746
C1749
C1754
C1756
C1757
C1758
C1764
C1766
C1769
C1770
C1775
C1777
C1787
C1788
C1789
C1790
C1791
C1792
C1793
C1797
C1799
C1804
C1807
C1809
C1814
C1816
C1817
C1819
C1821
C1824
C1825
C1828
C1837
C1838
C1839
C1840
C1842
C1845
C1846
C1847
C1848
C1849
C1850
C1860
C1862
C1866
C1873
C1874
C1875
C1878
C1879
C1882
C1883
C1885
C1889
C1890
C1894
C1896
C1897
C1901
C1903
C1909
C1910
C1913
C1919
C1920
C1927
C1930
C1936
C1938
C1942
C1944
C1946
C1948
C1949
C1957
C1959
C1964
C1965
C1969
C1971
C1976
C1981
C1986
C1991
C1999
C2002
C2003
C2004
C2006
C2010
C2011
C2016
C2018
C2024
C2028
C2030
C2032
C2033
C2034
C2037
C2041
C2047
C2048
C2060
C2062
C2063
C2066
C2067
C2069
C2081
C2082
C2084
C2085
C2088
C2090
C2095
C2096
C2098
C2103
C2106
C2109
C2113
C2114
C2118
C2127
C2129
C2130
C2132
C2133
C2147
C2150
C2151
C2156
C2160
C2161
C2164
C2170
C2171
C2174
C2176
C2177
C2178
C2186
C2187
C2189
C2194
C2197
C2201
C2210
C2213
C2217
C2218
C2225
C2227
C2228
C2229
C2233
C2239
C2240
C2242
C2244
C2249
C2251
C2253
C2254
C2256
C2263
C2265
C2267
C2269
C2276
C2277
C2281
C2286
C2291
C2293
C2294
C2300
C2301
C2305
C2309
C2315
C2317
C2326
C2330
C2351
C2355
C2357
C2358
C2359
C2361
C2362
C2366
C2370
C2380
C2382
C2385
C2393
C2403
C2404
C2413
C2416
C2418
C2419
C2425
C2428
C2431
C2432
C2437
C2439
C2440
C2442
C2445
C2446
C2449
C2454
C2455
C2457
C2460
C2463
C2474
C2479
C2487
C2488
C2494
C2495
C2497
C2509
C2511
C2512
C2515
C2519
C2524
C2529
C2531
C2532
C2533
C2537
C2546
C2547
C2559
C2564
C2568
C2570
C2572
C2573
C2578
C2583
C2584
C2585
C2586
C2591
C2605
C2606
C2609
C2611
C2613
C2614
C2616
C2619
C2634
C2638
C2641
C2644
C2646
C2650
C2656
C2659
C2661
C2664
C2667
C2671
C2673
C2683
C2684
C2685
C2687
C2688
C2689
C2691
C2694
C2695
C2704
C2705
C2708
C2709
C2712
C2714
C2716
C2718
C2721
C2722
C2731
C2741
C2747
C2749
C2751
C2758
C2761
C2767
C2768
C2770
C2772
C2775
C2777
C2780
C2790
C2792
C2793
C2803
C2804
C2809
C2810
C2811
C2814
C2817
C2818
C2822
C2824
C2829
C2833
C2837
C2840
C2845
C2846
C2849
C2853
C2855
C2861
C2863
C2865
C2867
C2868
C2869
C2870
C2872
C2882
C2888
C2892
C2893
C2897
C2898
C2901
C2905
C2908
C2914
C2915
C2916
C2921
C2924
C2925
C2927
C2928
C2929
C2933
C2941
C2942
C2947
C2948
C2949
C2951
C2956
C2959
C2964
C2966
C2969
C2970
C2972
C2975
C2979
C2987
C2988
C2991
C2992
C2993
C2995
C2996
C2998
C3009
C3011
C3013
C3014
C3019
C3024
C3027
C3033
C3036
C3038
C3039
C3041
C3050
C3053
C3054
C3062
C3064
C3067
C3069
C3071
C3072
C3073
C3075
C3078
C3085
C3092
C3093
C3094
C3099
C3103
C3105
C3108
C3110
C3112
C3114
C3127
C3128
C3129
C3135
C3141
C3145
C3153
C3155
C3167
C3169
C3176
C3177
C3181
C3182
C3184
C3185
C3186
C3190
C3192
C3193
C3196
C3199
C3200
C3206
C3211
C3212
C3218
C3222
C3233
C3235
C3237
C3243
C3244
C3247
C3259
C3262
C3277
C3278
C3280
C3281
C3282
C3287
C3290
C3293
C3296
C3297
C3298
C3300
C3302
C3311
C3315
C3319
C3323
C3326
C3331
C3332
C3334
C3336
C3338
C3340
C3343
C3345
C3346
C3351
C3354
C3358
C3361
C3362
C3367
C3371
C3375
C3382
C3385
C3387
C3393
C3397
C3403
C3407
C3408
C3410
C3413
C3418
C3422
C3425
C3426
C3430
C3432
C3435
C3439
C3443
C3447
C3448
C3449
C3453
C3458
C3461
C3462
C3465
C3466
C3476
C3480
C3484
C3487
C3489
C3494
C3495
C3497
C3508
C3516
C3522
C3525
C3526
C3527
C3529
C3530
C3534
C3538
C3542
C3553
C3554
C3556
C3558
C3560
C3563
C3566
C3567
C3572
C3576
C3580
C3584
C3585
C3587
C3589
C3590
C3594
C3601
C3603
C3606
C3608
C3612
C3616
C3617
C3619
C3622
C3623
C3625
C3630
C3637
C3638
C3639
C3644
C3648
C3651
C3653
C3657
C3660
C3663
C3666
C3677
C3678
C3679
C3680
C3686
C3694
C3698
C3702
C3710
C3713
C3716
C3717
C3721
C3726
C3727
C3732
C3733
C3735
C3738
C3739
C3743
C3744
C3745
C3750
C3751
C3752
C3753
C3755
C3757
C3758
C3762
C3766
C3781
C3782
C3795
C3797
C3800
C3806
C3808
C3818
C3820
C3823
C3832
C3835
C3837
C3849
C3851
C3852
C3855
C3861
C3862
C3864
C3876
C3880
C3882
C3883
C3884
C3891
C3894
C3896
C3897
C3906
C3908
C3911
C3913
C3915
C3922
C3924
C3925
C3926
C3927
C3943
C3945
C3946
C3951
C3954
C3958
C3960
C3962
C3964
C3971
C3975
C3983
C3984
C3991
C3997
C4000
C4002
C4005
C4009
C4018
C4025
C4026
C4029
C4030
C4034
C4035
C4041
C4043
C4047
C4051
C4059
C4069
C4070
C4071
C4077
C4079
C4081
C4082
C4090
C4091
C4094
C4096
C4099
C4108
C4110
C4111
C4112
C4119
C4121
C4123
C4125
C4134
C4136
C4139
C4141
C4143
C4146
C4149
C4150
C4151
C4157
C4162
C4163
C4166
C4170
C4174
C4181
C4182
C4192
C4194
C4198
C4206
C4207
C4210
C4212
C4216
C4218
C4220
C4222
C4225
C4226
C4227
C4233
C4240
C4247
C4248
C4250
C4251
C4253
C4257
C4258
C4260
C4262
C4264
C4266
C4268
C4278
C4279
C4281
C4284
C4286
C4287
C4290
C4301
C4302
C4303
C4309
C4312
C4313
C4314
C4316
C4326
C4328
C4335
C4336
C4337
C4340
C4342
C4347
C4351
C4352
C4357
C4364
C4373
C4379
C4381
C4386
C4387
C4391
C4394
C4397
C4403
C4404
C4411
C4417
C4418
C4423
C4424
C4430
C4437
C4440
C4450
C4457
C4460
C4462
C4466
C4468
C4470
C4471
C4477
C4481
C4483
C4489
C4509
C4515
C4517
C4518
C4520
C4521
C4523
C4524
C4526
C4528
C4533
C4538
C4549
C4559
C4560
C4562
C4569
C4571
C4576
C4580
C4582
C4584
C4585
C4587
C4589
C4590
C4593
C4597
C4599
C4600
C4602
C4604
C4605
C4606
C4608
C4609
C4610
C4611
C4612
C4614
C4621
C4622
C4629
C4630
C4635
C4636
C4640
C4642
C4651
C4655
C4659
C4661
C4665
C4667
C4668
C4671
C4672
C4673
C4676
C4677
C4682
C4685
C4686
C4688
C4689
C4692
C4695
C4700
C4704
C4705
C4706
C4709
C4716
C4720
C4722
C4725
C4728
C4729
C4731
C4733
C4738
C4743
C4745
C4748
C4754
C4760
C4768
C4770
C4772
C4779
C4782
C4786
C4787
C4788
C4790
C4794
C4800
C4803
C4804
C4805
C4809
C4822
C4830
C4835
C4839
C4846
C4847
C4849
C4857
C4860
C4862
C4863
C4864
C4866
C4869
C4870
C4891
C4895
C4901
C4905
C4908
C4909
C4910
C4912
C4915
C4917
C4918
C4919
C4921
C4922
C4924
C4925
C4928
C4929
C4930
C4932
C4934
C4935
C4938
C4940
C4941
C4943
C4945
C4951
C4955
C4957
C4958
C4965
C4970
C4974
C4981
C4985
C4990
C4994
C4995
C4997
C5000
C5001
C5003
C5005
C5010
C5012
C5014
C5015
C5017
C5026
C5029
C5033
C5039
C5040
C5041
C5063
C5072
C5074
C5075
C5076
C5080
C5082
C5084
C5087
C5089
C5100
C5101
C5108
C5114
C5117
C5123
C5126
C5127
C5130
C5134
C5139
C5144
C5145
C5148
C5149
C5157
C5162
C5163
C5167
C5170
C5178
C5186
C5187
C5190
C5191
C5192
C5193
C5197
C5199
C5200
C5203
C5204
C5207
C5223
C5224
C5226
C5233
C5237
C5243
C5244
C5245
C5246
C5260
C5261
C5266
C5268
C5270
C5271
C5272
C5278
C5280
C5281
C5285
C5288
C5300
C5301
C5303
C5305
C5309
C5314
C5317
C5319
C5323
C5324
C5328
C5329
C5331
C5332
C5333
C5336
C5341
C5342
C5348
C5353
C5362
C5367
C5383
C5384
C5385
C5388
C5392
C5393
C5395
C5399
C5400
C5402
C5409
C5412
C5416
C5417
C5420
C5427
C5428
C5435
C5436
C5437
C5438
C5443
C5445
C5449
C5457
C5461
C5464
C5478
C5480
C5481
C5486
C5489
C5491
C5493
C5495
C5507
C5509
C5511
C5512
C5514
C5518
C5520
C5524
C5526
C5529
C5536
C5538
C5540
C5542
C5551
C5553
C5558
C5569
C5570
C5574
C5580
C5589
C5592
C5593
C5595
C5597
C5605
C5606
C5607
C5618
C5620
C5621
C5627
C5628
C5633
C5637
C5641
C5643
C5645
C5646
C5649
C5658
C5659
C5667
C5668
C5672
C5690
C5693
C5694
C5701
C5705
C5708
C5710
C5711
C5713
C5715
C5716
C5717
C5723
C5729
C5730
C5733
C5739
C5740
C5752
C5753
C5754
C5755
C5757
C5761
C5764
C5776
C5777
C5778
C5779
C5785
C5786
C5787
C5788
C5790
C5796
C5798
C5807
C5810
C5814
C5817
C5822
C5824
C5826
C5828
C5830
C5832
C5833
C5834
C5841
C5842
C5843
C5855
C5857
C5865
C5867
C5868
C5872
C5873
C5878
C5882
C5887
C5889
C5891
C5892
C5893
C5895
C5899
C5901
C5908
C5910
C5912
C5917
C5920
C5921
C5922
C5927
C5930
C5932
C5938
C5943
C5954
C5955
C5973
C5975
C5977
C5983
C5986
C5991
C5992
C5993
C5996
C5998
C6006
C6012
C6013
C6025
C6032
C6033
C6036
C6042
C6044
C6045
C6049
C6056
C6059
C6061
C6064
C6067
C6069
C6074
C6087
C6088
C6089
C6093
C6094
C6096
C6097
C6107
C6110
C6111
C6120
C6125
C6128
C6130
C6131
C6135
C6137
C6150
C6154
C6156
C6160
C6162
C6163
C6167
C6170
C6171
C6178
C6179
C6180
C6181
C6183
C6186
C6187
C6190
C6194
C6195
C6196
C6197
C6206
C6207
C6217
C6219
C6220
C6227
C6229
C6230
C6236
C6237
C6242
C6243
C6246
C6248
C6250
C6251
C6252
C6253
C6258
C6260
C6268
C6277
C6284
C6302
C6304
C6307
C6312
C6315
C6319
C6321
C6331
C6334
C6335
C6340
C6345
C6349
C6352
C6355
C6356
C6362
C6366
C6371
C6373
C6374
C6375
C6377
C6381
C6384
C6386
C6389
C6394
C6397
C6398
C6399
C6401
C6403
C6404
C6407
C6411
C6412
C6420
C6422
C6427
C6442
C6444
C6446
C6452
C6454
C6464
C6469
C6471
C6472
C6474
C6478
C6480
C6481
C6482
C6485
C6486
C6490
C6495
C6497
C6499
C6501
C6508
C6515
C6534
C6541
C6556
C6559
C6562
C6565
C6573
C6574
C6576
C6578
C6579
C6586
C6590
C6591
C6593
C6594
C6595
C6596
C6598
C6600
C6609
C6610
C6614
C6615
C6619
C6621
C6635
C6639
C6640
C6643
C6649
C6652
C6654
C6655
C6657
C6662
C6663
C6672
C6675
C6689
C6692
C6694
C6695
C6697
C6702
C6715
C6716
C6717
C6723
C6725
C6728
C6729
C6731
C6737
C6745
C6747
C6751
C6752
C6761
C6762
C6766
C6768
C6769
C6770
C6772
C6774
C6776
C6781
C6783
C6790
C6806
C6812
C6813
C6820
C6824
C6826
C6828
C6830
C6847
C6848
C6849
C6857
C6859
C6860
C6868
C6870
C6884
C6888
C6889
C6896
C6899
C6903
C6906
C6912
C6913
C6916
C6917
C6922
C6925
C6926
C6931
C6934
C6935
C6940
C6948
C6949
C6953
C6954
C6955
C6957
C6960
C6965
C6969
C6972
C6977
C6980
C6987
C6990
C6995
C6996
C7001
C7002
C7004
C7006
C7008
C7009
C7015
C7016
C7020
C7023
C7025
C7028
C7032
C7034
C7042
C7048
C7050
C7056
C7059
C7061
C7062
C7063
C7069
C7072
C7074
C7080
C7089
C7091
C7092
C7095
C7097
C7099
C7108
C7110
C7114
C7115
C7121
C7123
C7124
C7127
C7131
C7135
C7139
C7140
C7142
C7146
C7148
C7158
C7162
C7169
C7172
C7173
C7175
C7176
C7177
C7184
C7185
C7186
C7187
C7189
C7190
C7193
C7196
C7199
C7204
C7210
C7212
C7213
C7218
C7220
C7222
C7224
C7228
C7232
C7237
C7247
C7250
C7251
C7252
C7253
C7255
C7258
C7263
C7266
C7268
C7271
C7274
C7278
C7280
C7285
C7287
C7293
C7299
C7300
C7301
C7303
C7304
C7305
C7306
C7314
C7319
C7324
C7325
C7330
C7332
C7335
C7336
C7345
C7347
C7352
C7354
C7359
C7368
C7372
C7374
C7384
C7385
C7398
C7403
C7408
C7414
C7418
C7428
C7430
C7436
C7437
C7438
C7440
C7441
C7448
C7449
C7452
C7454
C7459
C7461
C7462
C7466
C7474
C7484
C7492
C7495
C7496
C7500
C7509
C7514
C7519
C7520
C7522
C7523
C7529
C7532
C7537
C7544
C7545
C7552
C7559
C7560
C7573
C7574
C7581
C7591
C7593
C7594
C7603
C7606
C7609
C7610
C7625
C7626
C7628
C7631
C7638
C7641
C7645
C7647
C7651
C7654
C7662
C7663
C7686
C7687
C7692
C7693
C7697
C7701
C7711
C7718
C7729
C7737
C7739
C7750
C7760
C7763
C7765
C7768
C7770
C7781
C7788
C7793
C7794
C7809
C7812
C7821
C7822
C7824
C7833
C7834
C7837
C7842
C7844
C7848
C7850
C7856
C7863
C7875
C7879
C7880
C7883
C7887
C7888
C7893
C7895
C7899
C7902
C7904
C7915
C7916
C7917
C7918
C7919
C7922
C7928
C7930
C7948
C7954
C7955
C7956
C7959
C7961
C7963
C7965
C7966
C7974
C7976
C7979
C7981
C7987
C7988
C7989
C7994
C7998
C8009
C8010
C8028
C8029
C8032
C8036
C8037
C8040
C8041
C8042
C8055
C8059
C8060
C8061
C8063
C8072
C8077
C8079
C8088
C8091
C8098
C8101
C8102
C8112
C8117
C8119
C8120
C8122
C8123
C8124
C8125
C8126
C8128
C8129
C8130
C8133
C8139
C8143
C8144
C8148
C8152
C8154
C8160
C8165
C8173
C8174
C8175
C8176
C8180
C8185
C8194
C8195
C8196
C8198
C8201
C8202
C8204
C8210
C8213
C8215
C8219
C8228
C8231
C8235
C8236
C8237
C8238
C8239
C8241
C8249
C8255
C8259
C8260
C8264
C8266
C8267
C8271
C8273
C8282
C8283
C8287
C8291
C8294
C8299
C8300
C8302
C8308
C8312
C8315
C8323
C8327
C8328
C8330
C8335
C8338
C8340
C8350
C8351
C8364
C8367
C8370
C8372
C8376
C8379
C8381
C8384
C8391
C8393
C8394
C8395
C8398
C8405
C8410
C8413
C8416
C8419
C8421
C8428
C8430
C8433
C8441
C8443
C8445
C8448
C8457
C8459
C8460
C8464
C8475
C8478
C8480
C8481
C8489
C8491
C8493
C8494
C8495
C8497
C8499
C8500
C8509
C8510
C8516
C8518
C8522
C8525
C8527
C8530
C8534
C8542
C8544
C8545
C8547
C8552
C8556
C8558
C8560
C8574
C8580
C8582
C8585
C8589
C8599
C8605
C8606
C8614
C8616
C8620
C8625
C8641
C8644
C8645
C8649
C8651
C8655
C8659
C8661
C8662
C8666
C8671
C8672
C8673
C8674
C8678
C8679
C8681
C8683
C8684
C8690
C8691
C8695
C8697
C8698
C8706
C8707
C8708
C8710
C8711
C8723
C8729
C8730
C8734
C8735
C8740
C8742
C8745
C8746
C8754
C8759
C8762
C8764
C8768
C8776
C8777
C8780
C8781
C8784
C8785
C8789
C8792
C8798
C8805
C8809
C8810
C8811
C8815
C8823
C8824
C8829
C8832
C8834
C8836
C8837
C8839
C8842
C8844
C8845
C8846
C8847
C8852
C8854
C8856
C8858
C8860
C8862
C8865
C8867
C8872
C8876
C8878
C8885
C8898
C8901
C8904
C8909
C8913
C8923
C8925
C8926
C8929
C8932
C8934
C8937
C8940
C8941
C8944
C8946
C8949
C8953
C8960
C8964
C8965
C8971
C8972
C8978
C8985
C8987
C8993
C8995
C9000
C9004
C9007
C9014
C9017
C9018
C9020
C9023
C9033
C9034
C9038
C9039
C9040
C9042
C9051
C9052
C9057
C9059
C9061
C9062
C9066
C9072
C9076
C9097
C9101
C9111
C9115
C9119
C9127
C9130
C9131
C9134
C9136
C9139
C9145
C9147
C9150
C9151
C9155
C9157
C9161
C9176
C9177
C9181
C9185
C9193
C9197
C9209
C9218
C9223
C9226
C9232
C9238
C9244
C9246
C9253
C9256
C9269
C9277
C9280
C9281
C9282
C9283
C9287
C9295
C9301
C9302
C9303
C9311
C9324
C9327
C9332
C9333
C9336
C9341
C9344
C9346
C9353
C9355
C9357
C9359
C9360
C9363
C9374
C9390
C9393
C9394
C9396
C9402
C9403
C9413
C9420
C9421
C9423
C9426
C9429
C9430
C9435
C9437
C9438
C9439
C9441
C9448
C9453
C9456
C9458
C9460
C9462
C9463
C9471
C9477
C9483
C9484
C9486
C9488
C9495
C9496
C9500
C9504
C9511
C9520
C9530
C9531
C9533
C9535
C9536
C9539
C9543
C9547
C9548
C9549
C9550
C9551
C9558
C9561
C9566
C9568
C9573
C9577
C9580
C9581
C9590
C9593
C9594
C9597
C9599
C9600
C9602
C9604
C9605
C9608
C9609
C9613
C9626
C9628
C9630
C9634
C9635
C9636
C9637
C9643
C9645
C9649
C9650
C9654
C9656
C9658
C9661
C9664
C9665
C9666
C9667
C9670
C9672
C9673
C9678
C9681
C9686
C9689
C9691
C9703
C9721
C9724
C9726
C9729
C9731
C9734
C9740
C9743
C9745
C9746
C9747
C9749
C9754
C9756
C9759
C9764
C9769
C9773
C9777
C9779
C9780
C9782
C9786
C9788
C9793
C9799
C9803
C9805
C9806
C9808
C9812
C9815
C9817
C9818
C9823
C9834
C9836
C9840
C9842
C9844
C9845
C9847
C9850
C9859
C9861
C9866
C9867
C9873
C9882
C9887
C9888
C9897
C9899
C9903
C9908
C9910
C9912
C9915
C9919
C9923
C9927
C9931
C9934
C9938
C9941
C9944
C9947
C9953
C9954
C9958
C9960
C9961
C9963
C9964
C9965
C9973
C9975
C9979
C9980
C9985
C9986
C9987
C9994
C9995
C9997
C9998
C9999
C10001
C10004
C10007
C10009
C10010
C10017
C10019
C10021
C10022
C10024
C10028
C10032
C10037
C10040
C10048
C10050
C10052
C10053
C10055
C10057
C10062
C10063
C10067
C10068
C10075
C10078
C10079
C10089
C10092
C10099
C10103
C10105
C10107
C10111
C10112
C10115
C10119
C10123
C10128
C10130
C10132
C10133
C10143
C10148
C10156
C10157
C10159
C10163
C10164
C10165
C10166
C10168
C10171
C10175
C10178
C10179
C10180
C10181
C10182
C10185
C10186
C10188
C10197
C10198
C10200
C10203
C10216
C10220
C10227
C10228
C10230
C10233
C10236
C10239
C10240
C10243
C10245
C10247
C10250
C10252
C10257
C10258
C10277
C10286
C10291
C10298
C10306
C10314
C10316
C10321
C10325
C10333
C10338
C10341
C10353
C10356
C10357
C10358
C10360
C10366
C10373
C10374
C10380
C10381
C10388
C10391
C10394
C10398
C10399
C10414
C10416
C10421
C10422
C10423
C10425
C10431
C10444
C10446
C10450
C10452
C10460
C10463
C10465
C10469
C10476
C10483
C10486
C10488
C10490
C10496
C10498
C10500
C10501
C10503
C10508
C10510
C10518
C10521
C10523
C10531
C10532
C10535
C10537
C10538
C10540
C10541
C10543
C10555
C10556
C10558
C10560
C10562
C10563
C10573
C10575
C10581
C10584
C10586
C10587
C10590
C10595
C10596
C10598
C10605
C10607
C10613
C10614
C10620
C10626
C10631
C10632
C10634
C10639
C10642
C10643
C10652
C10656
C10657
C10663
C10664
C10666
C10670
C10671
C10674
C10676
C10677
C10684
C10688
C10692
C10699
C10700
C10717
C10719
C10727
C10728
C10731
C10733
C10736
C10740
C10745
C10748
C10749
C10750
C10751
C10759
C10760
C10761
C10765
C10769
C10773
C10775
C10776
C10778
C10784
C10787
C10790
C10794
C10797
C10802
C10808
C10813
C10822
C10825
C10827
C10828
C10829
C10832
C10841
C10843
C10845
C10848
C10850
C10853
C10854
C10859
C10860
C10864
C10868
C10869
C10872
C10874
C10875
C10878
C10879
C10886
C10897
C10898
C10899
C10901
C10903
C10908
C10910
C10912
C10915
C10926
C10928
C10931
C10934
C10936
C10938
C10940
C10941
C10943
C10944
C10945
C10955
C10968
C10971
C10972
C10978
C10979
C10983
C10984
C10985
C10987
C10990
C11005
C11009
C11014
C11016
C11017
C11024
C11025
C11029
C11030
C11035
C11040
C11042
C11043
C11050
C11051
C11054
C11055
C11060
C11061
C11064
C11071
C11077
C11078
C11080
C11083
C11084
C11087
C11094
C11098
C11104
C11107
C11113
C11114
C11115
C11120
C11126
C11129
C11142
C11143
C11152
C11157
C11158
C11161
C11163
C11166
C11171
C11174
C11175
C11176
C11177
C11181
C11183
C11190
C11191
C11194
C11198
C11205
C11206
C11217
C11219
C11220
C11223
C11226
C11229
C11234
C11239
C11244
C11245
C11247
C11262
C11264
C11265
C11267
C11269
C11270
C11271
C11281
C11282
C11283
C11284
C11288
C11293
C11294
C11301
C11302
C11304
C11308
C11313
C11316
C11317
C11322
C11326
C11327
C11328
C11330
C11332
C11334
C11336
C11337
C11341
C11344
C11346
C11355
C11363
C11367
C11369
C11372
C11380
C11382
C11387
C11389
C11390
C11392
C11397
C11400
C11406
C11413
C11415
C11416
C11417
C11419
C11435
C11444
C11445
C11446
C11451
C11454
C11457
C11459
C11460
C11461
C11465
C11466
C11474
C11475
C11476
C11479
C11486
C11488
C11493
C11494
C11496
C11497
C11501
C11502
C11506
C11510
C11517
C11519
C11521
C11525
C11526
C11530
C11532
C11535
C11538
C11539
C11548
C11550
C11556
C11557
C11563
C11565
C11572
C11582
C11585
C11586
C11590
C11592
C11595
C11596
C11598
C11610
C11611
C11612
C11616
C11619
C11621
C11633
C11634
C11635
C11638
C11641
C11642
C11654
C11657
C11661
C11666
C11674
C11676
C11677
C11679
C11684
C11687
C11693
C11710
C11712
C11713
C11719
C11721
C11723
C11731
C11735
C11736
C11739
C11741
C11746
C11753
C11755
C11757
C11759
C11764
C11769
C11771
C11776
C11780
C11783
C11784
C11786
C11797
C11799
C11810
C11811
C11812
C11813
C11818
C11821
C11824
C11826
C11831
C11835
C11838
C11839
C11841
C11842
C11844
C11845
C11847
C11850
C11853
C11857
C11865
C11867
C11868
C11871
C11885
C11892
C11896
C11897
C11900
C11903
C11904
C11906
C11909
C11915
C11917
C11925
C11929
C11932
C11934
C11943
C11948
C11951
C11956
C11963
C11964
C11966
C11968
C11969
C11970
C11977
C11978
C11990
C11995
C11996
C11997
C12000
C12001
C12003
C12004
C12005
C12006
C12008
C12009
C12010
C12013
C12018
C12019
C12020
C12021
C12024
C12025
C12028
C12033
C12036
C12040
C12047
C12056
C12065
C12066
C12067
C12069
C12080
C12081
C12086
C12088
C12089
C12090
C12094
C12097
C12107
C12110
C12111
C12112
C12113
C12116
C12118
C12119
C12120
C12122
C12123
C12124
C12131
C12133
C12141
C12144
C12147
C12155
C12157
C12160
C12161
C12162
C12164
C12167
C12174
C12179
C12180
C12186
C12189
C12191
C12194
C12196
C12197
C12198
C12203
C12210
C12211
C12218
C12223
C12226
C12232
C12240
C12241
C12251
C12256
C12264
C12273
C12275
C12278
C12279
C12280
C12284
C12287
C12292
C12296
C12300
C12301
C12312
C12317
C12320
C12329
C12334
C12338
C12339
C12340
C12342
C12343
C12347
C12348
C12351
C12358
C12361
C12371
C12374
C12378
C12381
C12384
C12387
C12390
C12392
C12393
C12394
C12405
C12407
C12410
C12412
C12413
C12414
C12421
C12427
C12428
C12431
C12432
C12440
C12443
C12448
C12450
C12452
C12453
C12455
C12456
C12460
C12471
C12473
C12476
C12480
C12482
C12488
C12489
C12491
C12498
C12500
C12516
C12517
C12535
C12542
C12554
C12560
C12563
C12570
C12593
C12600
C12610
C12614
C12617
C12619
C12633
C12640
C12642
C12643
C12647
C12660
C12662
C12668
C12707
C12715
C12727
C12734
C12748
C12750

GroupC 2859
C2
C10
C17
C32
C41
C42
C45
C48
C49
C52
C53
C58
C60
C66
C69
C72
C73
C76
C81
C84
C88
C90
C91
C96
C98
C100
C101
C110
C115
C116
C119
C121
C126
C135
C143
C146
C147
C154
C155
C157
C159
C161
C163
C165
C167
C170
C172
C180
C183
C184
C191
C194
C199
C203
C211
C218
C224
C226
C227
C234
C239
C247
C249
C262
C268
C269
C270
C274
C277
C278
C279
C280
C292
C293
C297
C306
C312
C313
C315
C320
C328
C331
C337
C350
C356
C359
C360
C361
C363
C368
C371
C372
C397
C400
C402
C403
C407
C408
C409
C410
C413
C422
C424
C428
C430
C431
C438
C442
C447
C448
C455
C456
C463
C465
C472
C473
C475
C477
C480
C489
C490
C497
C498
C499
C501
C508
C516
C519
C522
C532
C534
C537
C544
C552
C557
C563
C567
C573
C574
C581
C587
C588
C591
C597
C605
C607
C609
C613
C616
C618
C619
C628
C639
C647
C651
C656
C659
C660
C663
C667
C670
C671
C675
C676
C677
C685
C686
C691
C698
C706
C707
C708
C709
C711
C713
C718
C722
C727
C729
C740
C743
C752
C755
C756
C759
C768
C777
C783
C786
C795
C798
C799
C813
C817
C825
C829
C836
C838
C839
C843
C847
C850
C856
C859
C860
C861
C864
C872
C877
C878
C882
C883
C884
C890
C899
C901
C905
C906
C914
C918
C920
C921
C924
C930
C936
C937
C942
C944
C949
C959
C967
C972
C976
C983
C991
C996
C1000
C1002
C1005
C1009
C1011
C1012
C1015
C1034
C1035
C1040
C1043
C1051
C1053
C1058
C1064
C1066
C1073
C1081
C1083
C1085
C1087
C1090
C1091
C1093
C1098
C1100
C1103
C1104
C1105
C1106
C1119
C1121
C1132
C1133
C1137
C1141
C1143
C1155
C1165
C1167
C1176
C1191
C1195
C1201
C1203
C1207
C1211
C1212
C1216
C1219
C1222
C1224
C1226
C1239
C1255
C1256
C1259
C1263
C1269
C1273
C1274
C1278
C1281
C1286
C1288
C1290
C1297
C1299
C1303
C1305
C1307
C1312
C1319
C1321
C1337
C1345
C1350
C1362
C1363
C1367
C1371
C1373
C1374
C1375
C1376
C1387
C1390
C1391
C1402
C1408
C1412
C1416
C1418
C1441
C1452
C1454
C1458
C1460
C1462
C1466
C1468
C1473
C1493
C1499
C1500
C1503
C1504
C1513
C1516
C1529
C1532
C1533
C1539
C1541
C1545
C1546
C1551
C1564
C1565
C1568
C1571
C1575
C1579
C1581
C1585
C1589
C1593
C1599
C1607
C1615
C1617
C1623
C1624
C1625
C1637
C1639
C1641
C1650
C1652
C1664
C1665
C1667
C1670
C1674
C1679
C1689
C1690
C1697
C1701
C1704
C1716
C1717
C1726
C1727
C1733
C1744
C1750
C1759
C1768
C1772
C1776
C1780
C1798
C1802
C1805
C1812
C1815
C1823
C1831
C1832
C1835
C1841
C1844
C1859
C1863
C1870
C1880
C1881
C1886
C1891
C1892
C1898
C1899
C1904
C1908
C1924
C1925
C1926
C1928
C1931
C1934
C1937
C1943
C1945
C1953
C1954
C1956
C1960
C1972
C1974
C1979
C1987
C1988
C1989
C1995
C1996
C1998
C2025
C2029
C2038
C2039
C2042
C2046
C2049
C2050
C2052
C2053
C2054
C2061
C2065
C2068
C2070
C2071
C2072
C2087
C2091
C2094
C2097
C2100
C2105
C2107
C2108
C2121
C2124
C2125
C2131
C2138
C2139
C2140
C2145
C2149
C2152
C2155
C2162
C2163
C2166
C2180
C2181
C2183
C2184
C2191
C2196
C2198
C2204
C2209
C2214
C2220
C2222
C2223
C2224
C2236
C2250
C2252
C2257
C2260
C2275
C2278
C2279
C2284
C2296
C2299
C2303
C2312
C2318
C2320
C2321
C2322
C2325
C2333
C2334
C2335
C2337
C2340
C2341
C2342
C2353
C2356
C2368
C2369
C2371
C2372
C2374
C2376
C2386
C2389
C2390
C2394
C2396
C2398
C2402
C2408
C2411
C2414
C2421
C2422
C2423
C2426
C2427
C2435
C2447
C2453
C2456
C2466
C2467
C2468
C2469
C2470
C2471
C2472
C2475
C2476
C2483
C2490
C2493
C2500
C2503
C2505
C2508
C2510
C2527
C2540
C2545
C2548
C2549
C2550
C2551
C2556
C2557
C2562
C2567
C2574
C2575
C2576
C2580
C2582
C2587
C2590
C2592
C2593
C2594
C2598
C2600
C2602
C2620
C2621
C2625
C2626
C2633
C2637
C2642
C2643
C2645
C2647
C2649
C2653
C2655
C2665
C2669
C2676
C2677
C2678
C2682
C2690
C2692
C2696
C2698
C2703
C2706
C2711
C2713
C2720
C2728
C2730
C2734
C2736
C2739
C2748
C2755
C2759
C2760
C2762
C2763
C2764
C2765
C2773
C2776
C2779
C2781
C2783
C2786
C2791
C2801
C2805
C2819
C2820
C2823
C2825
C2826
C2831
C2841
C2842
C2844
C2852
C2856
C2857
C2862
C2864
C2871
C2874
C2875
C2883
C2887
C2889
C2896
C2910
C2918
C2919
C2920
C2932
C2937
C2940
C2943
C2944
C2945
C2946
C2950
C2952
C2953
C2955
C2960
C2968
C2974
C2986
C2989
C3004
C3010
C3018
C3020
C3021
C3031
C3034
C3037
C3040
C3043
C3044
C3047
C3048
C3051
C3060
C3082
C3086
C3098
C3102
C3109
C3113
C3119
C3122
C3124
C3133
C3139
C3143
C3144
C3148
C3150
C3152
C3156
C3161
C3162
C3163
C3173
C3174
C3175
C3179
C3187
C3188
C3197
C3201
C3203
C3204
C3207
C3209
C3213
C3216
C3223
C3226
C3229
C3230
C3240
C3245
C3251
C3261
C3264
C3268
C3279
C3285
C3294
C3295
C3303
C3304
C3306
C3318
C3320
C3321
C3322
C3324
C3328
C3330
C3333
C3337
C3339
C3348
C3349
C3355
C3357
C3359
C3364
C3365
C3366
C3370
C3374
C3376
C3377
C3392
C3394
C3395
C3401
C3411
C3415
C3417
C3420
C3424
C3427
C3434
C3437
C3450
C3451
C3452
C3454
C3457
C3460
C3463
C3470
C3473
C3475
C3485
C3490
C3491
C3496
C3499
C3502
C3512
C3515
C3518
C3519
C3524
C3528
C3532
C3535
C3536
C3541
C3547
C3550
C3561
C3562
C3568
C3569
C3575
C3579
C3588
C3593
C3596
C3597
C3598
C3609
C3611
C3620
C3621
C3628
C3632
C3634
C3640
C3641
C3646
C3647
C3656
C3662
C3665
C3667
C3672
C3673
C3690
C3693
C3699
C3700
C3703
C3704
C3707
C3712
C3724
C3728
C3736
C3737
C3741
C3746
C3754
C3756
C3759
C3763
C3767
C3771
C3773
C3783
C3786
C3787
C3794
C3799
C3801
C3803
C3815
C3817
C3821
C3824
C3826
C3831
C3836
C3839
C3844
C3846
C3858
C3865
C3866
C3871
C3877
C3881
C3887
C3889
C3890
C3893
C3898
C3903
C3905
C3907
C3909
C3912
C3919
C3921
C3929
C3931
C3935
C3940
C3944
C3947
C3949
C3952
C3953
C3956
C3957
C3959
C3963
C3968
C3972
C3976
C3978
C3980
C3985
C3988
C3992
C3993
C3998
C4001
C4006
C4012
C4014
C4020
C4021
C4022
C4033
C4036
C4045
C4050
C4053
C4055
C4057
C4064
C4065
C4075
C4078
C4084
C4085
C4100
C4101
C4102
C4106
C4109
C4115
C4117
C4118
C4120
C4126
C4129
C4133
C4137
C4147
C4154
C4156
C4160
C4172
C4176
C4178
C4180
C4183
C4188
C4189
C4191
C4195
C4202
C4205
C4211
C4215
C4219
C4224
C4228
C4235
C4237
C4238
C4243
C4244
C4246
C4254
C4255
C4275
C4276
C4288
C4298
C4300
C4305
C4306
C4318
C4321
C4323
C4327
C4329
C4332
C4343
C4350
C4353
C4359
C4360
C4362
C4363
C4367
C4370
C4374
C4375
C4380
C4382
C4383
C4384
C4392
C4393
C4396
C4407
C4409
C4410
C4414
C4415
C4416
C4419
C4420
C4427
C4431
C4433
C4442
C4445
C4447
C4448
C4449
C4454
C4459
C4472
C4473
C4474
C4478
C4479
C4484
C4491
C4493
C4502
C4507
C4510
C4511
C4514
C4516
C4522
C4527
C4534
C4544
C4551
C4553
C4555
C4557
C4561
C4563
C4567
C4575
C4586
C4588
C4591
C4594
C4598
C4613
C4618
C4628
C4631
C4638
C4643
C4645
C4648
C4650
C4652
C4654
C4660
C4680
C4687
C4690
C4693
C4696
C4708
C4710
C4717
C4718
C4724
C4726
C4735
C4736
C4739
C4744
C4746
C4747
C4752
C4753
C4759
C4762
C4765
C4769
C4773
C4774
C4775
C4777
C4781
C4784
C4785
C4795
C4798
C4808
C4810
C4813
C4815
C4818
C4819
C4821
C4827
C4828
C4833
C4834
C4837
C4840
C4852
C4854
C4861
C4867
C4873
C4874
C4876
C4877
C4880
C4884
C4885
C4892
C4894
C4899
C4904
C4906
C4907
C4926
C4927
C4936
C4937
C4942
C4944
C4947
C4949
C4954
C4961
C4963
C4966
C4967
C4968
C4973
C4976
C4978
C4988
C4998
C5006
C5007
C5013
C5019
C5021
C5022
C5024
C5028
C5030
C5035
C5037
C5049
C5051
C5053
C5062
C5064
C5065
C5067
C5070
C5071
C5078
C5086
C5091
C5092
C5096
C5097
C5098
C5103
C5104
C5107
C5109
C5110
C5122
C5128
C5132
C5141
C5142
C5143
C5153
C5156
C5158
C5159
C5160
C5164
C5168
C5169
C5174
C5175
C5183
C5184
C5188
C5189
C5194
C5202
C5209
C5211
C5218
C5222
C5225
C5227
C5229
C5230
C5232
C5242
C5249
C5251
C5252
C5254
C5269
C5282
C5283
C5284
C5289
C5290
C5291
C5292
C5297
C5302
C5304
C5311
C5318
C5325
C5327
C5334
C5337
C5340
C5344
C5346
C5361
C5364
C5366
C5368
C5373
C5387
C5391
C5396
C5403
C5404
C5406
C5408
C5415
C5431
C5439
C5442
C5444
C5448
C5450
C5455
C5458
C5465
C5470
C5471
C5475
C5482
C5483
C5484
C5490
C5494
C5498
C5499
C5504
C5505
C5510
C5517
C5519
C5521
C5522
C5527
C5530
C5531
C5533
C5543
C5544
C5545
C5546
C5549
C5550
C5555
C5563
C5565
C5572
C5576
C5578
C5583
C5591
C5603
C5608
C5611
C5612
C5616
C5619
C5624
C5634
C5635
C5636
C5640
C5647
C5655
C5656
C5661
C5664
C5665
C5669
C5670
C5671
C5681
C5683
C5686
C5691
C5698
C5699
C5700
C5706
C5707
C5709
C5712
C5726
C5727
C5728
C5734
C5735
C5745
C5747
C5750
C5774
C5784
C5789
C5791
C5800
C5805
C5808
C5818
C5835
C5837
C5838
C5840
C5844
C5846
C5848
C5850
C5852
C5856
C5860
C5880
C5883
C5888
C5896
C5898
C5900
C5905
C5906
C5907
C5909
C5914
C5919
C5925
C5926
C5929
C5944
C5949
C5952
C5958
C5960
C5961
C5963
C5964
C5968
C5972
C5974
C5976
C5979
C5980
C5982
C5984
C5989
C5999
C6002
C6017
C6019
C6024
C6027
C6031
C6034
C6039
C6040
C6041
C6043
C6046
C6060
C6063
C6068
C6071
C6079
C6082
C6098
C6100
C6102
C6104
C6105
C6115
C6117
C6124
C6126
C6127
C6139
C6140
C6141
C6143
C6144
C6148
C6155
C6176
C6189
C6201
C6202
C6204
C6211
C6212
C6226
C6231
C6233
C6238
C6239
C6245
C6249
C6256
C6259
C6262
C6266
C6272
C6275
C6276
C6280
C6282
C6288
C6291
C6292
C6294
C6295
C6298
C6299
C6305
C6309
C6311
C6313
C6318
C6323
C6327
C6330
C6333
C6338
C6341
C6343
C6346
C6348
C6353
C6358
C6359
C6361
C6367
C6369
C6372
C6382
C6387
C6395
C6396
C6405
C6417
C6418
C6421
C6424
C6425
C6428
C6430
C6435
C6439
C6458
C6461
C6466
C6468
C6476
C6483
C6492
C6494
C6496
C6500
C6507
C6509
C6518
C6521
C6522
C6523
C6524
C6525
C6527
C6530
C6533
C6537
C6539
C6547
C6548
C6551
C6553
C6557
C6568
C6570
C6577
C6583
C6584
C6585
C6592
C6601
C6602
C6613
C6620
C6623
C6625
C6626
C6632
C6634
C6636
C6645
C6650
C6659
C6661
C6669
C6670
C6673
C6674
C6681
C6683
C6684
C6690
C6691
C6693
C6698
C6699
C6703
C6705
C6706
C6707
C6709
C6711
C6718
C6721
C6726
C6727
C6735
C6740
C6742
C6743
C6748
C6749
C6755
C6757
C6763
C6765
C6767
C6771
C6778
C6779
C6782
C6784
C6788
C6789
C6791
C6795
C6799
C6800
C6804
C6818
C6819
C6829
C6832
C6834
C6835
C6841
C6851
C6858
C6863
C6864
C6867
C6873
C6875
C6877
C6879
C6887
C6890
C6897
C6898
C6905
C6908
C6923
C6937
C6938
C6943
C6946
C6947
C6951
C6964
C6967
C6970
C6971
C6974
C6986
C6993
C7003
C7007
C7010
C7012
C7014
C7021
C7022
C7024
C7033
C7036
C7039
C7040
C7041
C7044
C7045
C7055
C7065
C7066
C7070
C7071
C7073
C7085
C7087
C7096
C7103
C7116
C7118
C7119
C7120
C7126
C7128
C7130
C7138
C7141
C7144
C7147
C7150
C7152
C7159
C7164
C7178
C7179
C7194
C7203
C7205
C7208
C7209
C7214
C7216
C7219
C7226
C7229
C7234
C7235
C7243
C7244
C7261
C7262
C7267
C7269
C7270
C7272
C7275
C7282
C7284
C7296
C7298
C7302
C7323
C7326
C7327
C7328
C7334
C7348
C7351
C7353
C7355
C7367
C7369
C7376
C7380
C7386
C7393
C7405
C7412
C7424
C7429
C7431
C7433
C7443
C7444
C7445
C7447
C7451
C7458
C7463
C7467
C7470
C7471
C7480
C7483
C7486
C7489
C7491
C7497
C7498
C7499
C7501
C7503
C7506
C7507
C7510
C7513
C7517
C7524
C7525
C7527
C7530
C7531
C7534
C7535
C7536
C7541
C7543
C7548
C7557
C7563
C7564
C7575
C7579
C7580
C7586
C7589
C7590
C7595
C7599
C7604
C7607
C7613
C7614
C7616
C7618
C7619
C7627
C7633
C7636
C7639
C7642
C7644
C7650
C7656
C7657
C7659
C7668
C7671
C7674
C7676
C7679
C7680
C7688
C7691
C7696
C7709
C7714
C7715
C7717
C7730
C7734
C7735
C7736
C7743
C7748
C7755
C7756
C7758
C7772
C7776
C7777
C7780
C7790
C7796
C7798
C7801
C7802
C7803
C7804
C7806
C7811
C7817
C7831
C7839
C7840
C7847
C7849
C7852
C7853
C7862
C7864
C7868
C7870
C7871
C7873
C7876
C7878
C7881
C7882
C7897
C7898
C7900
C7906
C7909
C7921
C7923
C7924
C7935
C7940
C7941
C7943
C7945
C7949
C7950
C7957
C7958
C7967
C7975
C7978
C7983
C7984
C7992
C7993
C7997
C7999
C8001
C8002
C8011
C8012
C8016
C8022
C8027
C8039
C8048
C8049
C8054
C8056
C8062
C8069
C8070
C8071
C8074
C8080
C8083
C8084
C8086
C8097
C8099
C8105
C8106
C8107
C8109
C8135
C8137
C8140
C8155
C8158
C8161
C8170
C8177
C8178
C8186
C8188
C8189
C8197
C8199
C8200
C8212
C8217
C8220
C8224
C8227
C8240
C8242
C8248
C8250
C8253
C8254
C8269
C8272
C8276
C8281
C8289
C8290
C8293
C8298
C8304
C8307
C8309
C8310
C8311
C8314
C8316
C8317
C8319
C8320
C8329
C8331
C8337
C8339
C8341
C8343
C8345
C8346
C8348
C8349
C8352
C8353
C8354
C8358
C8359
C8360
C8362
C8366
C8369
C8373
C8375
C8377
C8378
C8382
C8385
C8388
C8392
C8396
C8404
C8407
C8408
C8411
C8417
C8425
C8431
C8432
C8447
C8452
C8456
C8467
C8470
C8472
C8473
C8477
C8483
C8484
C8485
C8496
C8502
C8504
C8508
C8513
C8517
C8519
C8528
C8531
C8537
C8539
C8543
C8551
C8553
C8555
C8562
C8565
C8566
C8568
C8576
C8578
C8584
C8586
C8587
C8595
C8598
C8600
C8609
C8611
C8623
C8626
C8629
C8637
C8643
C8647
C8653
C8654
C8656
C8660
C8664
C8667
C8689
C8700
C8709
C8713
C8717
C8721
C8743
C8744
C8747
C8751
C8753
C8760
C8766
C8770
C8791
C8795
C8796
C8797
C8800
C8801
C8806
C8819
C8826
C8827
C8838
C8841
C8843
C8848
C8850
C8855
C8857
C8863
C8864
C8869
C8871
C8880
C8886
C8890
C8893
C8894
C8896
C8906
C8907
C8911
C8915
C8916
C8927
C8930
C8931
C8947
C8948
C8954
C8956
C8967
C8975
C8976
C8986
C8988
C8989
C8991
C8998
C8999
C9002
C9008
C9009
C9012
C9013
C9021
C9027
C9030
C9031
C9032
C9037
C9041
C9043
C9047
C9048
C9053
C9054
C9055
C9056
C9060
C9065
C9067
C9071
C9074
C9077
C9079
C9080
C9088
C9090
C9092
C9094
C9099
C9102
C9107
C9108
C9116
C9117
C9146
C9148
C9158
C9162
C9163
C9166
C9172
C9174
C9188
C9189
C9190
C9191
C9192
C9198
C9203
C9204
C9207
C9210
C9215
C9222
C9224
C9240
C9241
C9242
C9247
C9250
C9251
C9262
C9266
C9270
C9276
C9286
C9291
C9292
C9300
C9306
C9310
C9312
C9315
C9317
C9320
C9322
C9323
C9330
C9340
C9361
C9362
C9376
C9378
C9386
C9391
C9392
C9397
C9398
C9409
C9414
C9422
C9428
C9431
C9432
C9434
C9443
C9447
C9449
C9452
C9454
C9459
C9464
C9466
C9468
C9472
C9476
C9485
C9491
C9497
C9498
C9508
C9509
C9510
C9514
C9519
C9521
C9522
C9525
C9526
C9528
C9534
C9538
C9552
C9554
C9562
C9563
C9564
C9569
C9585
C9588
C9595
C9598
C9603
C9616
C9621
C9623
C9627
C9633
C9648
C9662
C9663
C9671
C9676
C9677
C9679
C9685
C9690
C9694
C9698
C9699
C9704
C9705
C9706
C9708
C9709
C9714
C9716
C9719
C9727
C9733
C9736
C9741
C9753
C9757
C9760
C9767
C9770
C9775
C9776
C9783
C9787
C9789
C9790
C9795
C9797
C9798
C9809
C9810
C9816
C9819
C9820
C9822
C9824
C9830
C9846
C9849
C9854
C9860
C9868
C9869
C9871
C9875
C9876
C9879
C9885
C9886
C9889
C9893
C9894
C9898
C9901
C9906
C9913
C9917
C9924
C9925
C9930
C9936
C9937
C9943
C9946
C9948
C9950
C9951
C9952
C9955
C9957
C9967
C9970
C9971
C9974
C9981
C9984
C9988
C9990
C9991
C10002
C10014
C10027
C10030
C10033
C10035
C10039
C10046
C10060
C10065
C10074
C10077
C10081
C10083
C10093
C10102
C10117
C10121
C10125
C10129
C10139
C10150
C10154
C10158
C10160
C10174
C10177
C10187
C10193
C10194
C10195
C10202
C10206
C10207
C10210
C10213
C10217
C10223
C10225
C10235
C10242
C10249
C10254
C10256
C10262
C10264
C10266
C10267
C10269
C10272
C10275
C10278
C10281
C10288
C10289
C10293
C10294
C10295
C10297
C10300
C10302
C10303
C10309
C10311
C10312
C10317
C10319
C10323
C10329
C10334
C10340
C10345
C10346
C10349
C10351
C10355
C10362
C10368
C10372
C10375
C10390
C10393
C10403
C10405
C10408
C10410
C10412
C10418
C10420
C10429
C10432
C10433
C10439
C10445
C10449
C10453
C10455
C10457
C10458
C10466
C10470
C10472
C10482
C10484
C10489
C10492
C10493
C10494
C10495
C10502
C10505
C10507
C10519
C10520
C10524
C10526
C10534
C10548
C10549
C10551
C10552
C10553
C10557
C10559
C10564
C10566
C10568
C10569
C10572
C10574
C10583
C10599
C10602
C10603
C10606
C10608
C10609
C10611
C10612
C10615
C10624
C10625
C10635
C10636
C10648
C10649
C10651
C10654
C10675
C10679
C10686
C10690
C10696
C10697
C10698
C10701
C10706
C10708
C10713
C10714
C10718
C10722
C10725
C10744
C10753
C10756
C10758
C10762
C10764
C10767
C10771
C10783
C10785
C10788
C10800
C10801
C10804
C10805
C10812
C10815
C10816
C10818
C10824
C10831
C10835
C10837
C10847
C10849
C10851
C10855
C10857
C10877
C10881
C10882
C10883
C10890
C10892
C10893
C10894
C10895
C10906
C10907
C10913
C10914
C10919
C10920
C10924
C10925
C10927
C10932
C10937
C10939
C10942
C10957
C10958
C10962
C10965
C10966
C10967
C10970
C10974
C10977
C10982
C10989
C10993
C10994
C10996
C10997
C10999
C11002
C11003
C11004
C11006
C11037
C11038
C11045
C11049
C11057
C11062
C11063
C11068
C11069
C11075
C11079
C11085
C11097
C11101
C11102
C11105
C11122
C11131
C11132
C11133
C11136
C11139
C11147
C11153
C11155
C11156
C11168
C11179
C11182
C11184
C11185
C11187
C11196
C11204
C11207
C11210
C11211
C11213
C11214
C11216
C11218
C11222
C11236
C11238
C11243
C11250
C11256
C11258
C11272
C11277
C11278
C11285
C11289
C11295
C11300
C11307
C11314
C11315
C11319
C11325
C11338
C11339
C11343
C11347
C11351
C11356
C11359
C11360
C11361
C11366
C11374
C11375
C11379
C11386
C11388
C11396
C11399
C11405
C11408
C11414
C11424
C11426
C11427
C11430
C11434
C11437
C11438
C11440
C11456
C11463
C11467
C11471
C11472
C11478
C11481
C11487
C11490
C11491
C11498
C11503
C11505
C11507
C11508
C11515
C11516
C11518
C11522
C11523
C11524
C11543
C11544
C11547
C11549
C11558
C11562
C11567
C11570
C11571
C11577
C11583
C11584
C11587
C11588
C11591
C11594
C11599
C11606
C11608
C11618
C11629
C11632
C11636
C11640
C11648
C11650
C11651
C11656
C11660
C11668
C11669
C11670
C11673
C11675
C11682
C11685
C11686
C11688
C11694
C11703
C11708
C11718
C11726
C11727
C11728
C11733
C11737
C11738
C11743
C11747
C11751
C11756
C11758
C11760
C11761
C11763
C11765
C11767
C11772
C11774
C11775
C11785
C11790
C11793
C11798
C11801
C11802
C11805
C11819
C11823
C11827
C11832
C11836
C11846
C11849
C11852
C11854
C11860
C11863
C11872
C11874
C11881
C11888
C11890
C11894
C11898
C11908
C11911
C11912
C11914
C11922
C11923
C11924
C11946
C11950
C11953
C11954
C11957
C11958
C11972
C11974
C11979
C11987
C11989
C12017
C12022
C12026
C12027
C12030
C12041
C12043
C12053
C12054
C12059
C12063
C12070
C12076
C12078
C12083
C12095
C12099
C12100
C12101
C12108
C12127
C12129
C12142
C12143
C12146
C12149
C12156
C12168
C12169
C12172
C12177
C12178
C12183
C12185
C12188
C12190
C12202
C12204
C12205
C12209
C12212
C12213
C12224
C12230
C12234
C12235
C12237
C12238
C12242
C12243
C12248
C12250
C12252
C12253
C12255
C12257
C12259
C12261
C12274
C12276
C12285
C12286
C12288
C12290
C12293
C12294
C12295
C12297
C12298
C12304
C12307
C12308
C12314
C12315
C12316
C12322
C12323
C12330
C12331
C12333
C12344
C12349
C12356
C12357
C12365
C12366
C12369
C12373
C12388
C12396
C12397
C12399
C12401
C12415
C12416
C12417
C12422
C12429
C12436
C12442
C12444
C12451
C12458
C12467
C12469
C12474
C12477
C12478
C12481
C12493
C12496
C12497
C12565
C12607
C12686
C12701

GroupD 3510
C5
C6
C9
C11
C19
C23
C24
C26
C27
C33
C35
C40
C43
C56
C61
C62
C63
C68
C75
C77
C83
C102
C105
C112
C120
C123
C125
C127
C133
C136
C137
C153
C156
C164
C171
C174
C176
C177
C179
C190
C196
C197
C200
C201
C204
C210
C212
C225
C229
C230
C232
C233
C235
C236
C248
C254
C257
C258
C261
C263
C264
C265
C285
C289
C290
C296
C299
C300
C301
C303
C307
C309
C310
C314
C316
C323
C325
C326
C327
C329
C330
C334
C338
C339
C340
C341
C344
C346
C349
C354
C366
C367
C370
C375
C376
C377
C378
C380
C381
C382
C385
C389
C393
C395
C399
C406
C414
C416
C423
C433
C445
C452
C454
C460
C464
C466
C467
C468
C470
C476
C482
C487
C504
C507
C509
C511
C513
C525
C529
C541
C543
C546
C549
C550
C551
C560
C562
C569
C570
C575
C584
C589
C592
C593
C594
C595
C602
C603
C606
C611
C623
C625
C627
C631
C633
C637
C641
C644
C648
C661
C664
C666
C673
C674
C678
C679
C683
C684
C688
C692
C699
C701
C702
C715
C724
C731
C736
C737
C738
C742
C746
C754
C757
C760
C762
C769
C782
C785
C788
C792
C797
C805
C807
C810
C815
C818
C821
C822
C826
C831
C834
C837
C841
C842
C846
C853
C858
C862
C869
C870
C874
C879
C880
C881
C889
C891
C895
C902
C904
C915
C919
C922
C925
C929
C933
C935
C938
C939
C940
C941
C950
C955
C956
C958
C963
C966
C974
C978
C980
C981
C982
C984
C985
C990
C1003
C1004
C1013
C1016
C1017
C1018
C1025
C1029
C1030
C1032
C1036
C1042
C1047
C1049
C1056
C1057
C1059
C1067
C1068
C1075
C1084
C1089
C1092
C1094
C1097
C1099
C1107
C1109
C1113
C1120
C1126
C1127
C1129
C1140
C1142
C1148
C1150
C1151
C1153
C1175
C1177
C1181
C1182
C1187
C1194
C1197
C1208
C1210
C1213
C1233
C1236
C1240
C1248
C1249
C1251
C1253
C1260
C1271
C1272
C1275
C1276
C1279
C1280
C1282
C1295
C1300
C1308
C1311
C1316
C1318
C1325
C1327
C1330
C1333
C1334
C1340
C1341
C1344
C1346
C1347
C1349
C1353
C1354
C1355
C1357
C1359
C1361
C1365
C1366
C1372
C1377
C1378
C1379
C1384
C1385
C1386
C1389
C1392
C1397
C1399
C1400
C1401
C1407
C1411
C1413
C1415
C1420
C1425
C1426
C1427
C1430
C1436
C1438
C1439
C1445
C1446
C1449
C1457
C1461
C1465
C1472
C1474
C1477
C1479
C1480
C1482
C1483
C1484
C1485
C1487
C1488
C1490
C1491
C1498
C1506
C1507
C1508
C1509
C1511
C1514
C1515
C1518
C1519
C1520
C1525
C1531
C1540
C1543
C1548
C1553
C1558
C1561
C1570
C1577
C1590
C1594
C1600
C1602
C1608
C1609
C1611
C1612
C1616
C1619
C1627
C1628
C1629
C1630
C1636
C1638
C1646
C1648
C1649
C1653
C1654
C1655
C1658
C1661
C1662
C1663
C1669
C1672
C1673
C1677
C1680
C1688
C1693
C1699
C1702
C1703
C1705
C1718
C1719
C1720
C1723
C1728
C1730
C1731
C1734
C1737
C1738
C1747
C1748
C1752
C1753
C1755
C1760
C1761
C1762
C1763
C1765
C1774
C1778
C1783
C1785
C1794
C1795
C1796
C1801
C1808
C1820
C1822
C1826
C1830
C1834
C1836
C1843
C1853
C1854
C1857
C1861
C1864
C1865
C1869
C1871
C1876
C1884
C1887
C1888
C1893
C1895
C1902
C1905
C1911
C1912
C1914
C1915
C1916
C1917
C1918
C1921
C1923
C1933
C1935
C1941
C1947
C1958
C1961
C1963
C1968
C1970
C1973
C1977
C1978
C1982
C1983
C1984
C1985
C1990
C1994
C2013
C2020
C2021
C2022
C2026
C2027
C2044
C2045
C2055
C2058
C2064
C2075
C2076
C2077
C2079
C2083
C2086
C2092
C2093
C2099
C2101
C2102
C2111
C2115
C2116
C2117
C2119
C2120
C2123
C2134
C2135
C2137
C2153
C2154
C2159
C2165
C2168
C2173
C2175
C2182
C2188
C2190
C2192
C2193
C2195
C2199
C2200
C2202
C2203
C2212
C2215
C2219
C2221
C2226
C2231
C2232
C2234
C2235
C2237
C2241
C2255
C2266
C2272
C2273
C2282
C2285
C2287
C2288
C2289
C2298
C2308
C2310
C2319
C2323
C2328
C2329
C2339
C2344
C2347
C2348
C2350
C2352
C2354
C2360
C2363
C2364
C2367
C2375
C2377
C2383
C2391
C2392
C2395
C2400
C2415
C2420
C2429
C2433
C2438
C2441
C2443
C2451
C2452
C2462
C2473
C2477
C2478
C2480
C2481
C2484
C2485
C2486
C2489
C2491
C2492
C2496
C2498
C2502
C2504
C2513
C2516
C2517
C2518
C2521
C2523
C2525
C2526
C2535
C2539
C2541
C2544
C2552
C2553
C2554
C2555
C2560
C2561
C2563
C2577
C2579
C2581
C2588
C2589
C2595
C2596
C2597
C2599
C2603
C2612
C2615
C2622
C2623
C2628
C2631
C2635
C2639
C2651
C2652
C2654
C2658
C2663
C2666
C2670
C2672
C2674
C2675
C2693
C2699
C2700
C2710
C2715
C2719
C2723
C2725
C2726
C2729
C2735
C2737
C2738
C2743
C2744
C2753
C2756
C2766
C2771
C2778
C2782
C2784
C2787
C2788
C2795
C2797
C2800
C2802
C2806
C2812
C2813
C2815
C2827
C2830
C2832
C2835
C2851
C2858
C2866
C2873
C2876
C2878
C2880
C2881
C2884
C2886
C2891
C2894
C2904
C2906
C2907
C2909
C2911
C2912
C2922
C2923
C2926
C2931
C2934
C2935
C2936
C2938
C2939
C2954
C2958
C2961
C2962
C2963
C2965
C2967
C2973
C2977
C2978
C2981
C2982
C2983
C2990
C3000
C3001
C3002
C3003
C3005
C3006
C3008
C3022
C3025
C3026
C3028
C3029
C3030
C3032
C3035
C3042
C3045
C3049
C3052
C3055
C3057
C3059
C3065
C3066
C3070
C3079
C3080
C3081
C3083
C3084
C3088
C3095
C3096
C3097
C3104
C3106
C3111
C3116
C3117
C3120
C3123
C3125
C3126
C3130
C3131
C3134
C3136
C3137
C3138
C3140
C3142
C3147
C3149
C3151
C3154
C3157
C3160
C3170
C3178
C3191
C3194
C3195
C3205
C3208
C3217
C3219
C3220
C3234
C3241
C3242
C3248
C3249
C3255
C3256
C3257
C3260
C3263
C3266
C3267
C3270
C3271
C3273
C3274
C3275
C3276
C3283
C3286
C3289
C3291
C3301
C3305
C3308
C3309
C3310
C3314
C3325
C3329
C3335
C3344
C3347
C3350
C3356
C3368
C3372
C3373
C3378
C3379
C3380
C3381
C3383
C3386
C3391
C3396
C3398
C3400
C3405
C3406
C3412
C3428
C3433
C3440
C3441
C3444
C3446
C3455
C3459
C3464
C3468
C3471
C3472
C3474
C3478
C3482
C3483
C3486
C3492
C3493
C3498
C3500
C3505
C3506
C3510
C3513
C3520
C3523
C3531
C3537
C3539
C3540
C3543
C3546
C3552
C3557
C3559
C3570
C3573
C3574
C3577
C3583
C3586
C3592
C3600
C3602
C3605
C3610
C3614
C3624
C3631
C3633
C3642
C3643
C3649
C3650
C3661
C3664
C3668
C3669
C3671
C3675
C3676
C3684
C3685
C3688
C3689
C3695
C3696
C3705
C3706
C3709
C3714
C3719
C3720
C3723
C3729
C3730
C3731
C3734
C3740
C3748
C3749
C3760
C3768
C3769
C3776
C3778
C3779
C3784
C3791
C3793
C3802
C3805
C3807
C3809
C3810
C3811
C3812
C3814
C3822
C3827
C3828
C3829
C3833
C3841
C3842
C3847
C3848
C3850
C3853
C3854
C3856
C3859
C3863
C3868
C3872
C3873
C3874
C3875
C3895
C3899
C3900
C3910
C3914
C3918
C3920
C3923
C3930
C3934
C3937
C3941
C3942
C3948
C3950
C3961
C3965
C3966
C3969
C3974
C3979
C3982
C3986
C3987
C3990
C3994
C3995
C4003
C4015
C4016
C4019
C4023
C4024
C4031
C4032
C4037
C4039
C4042
C4044
C4046
C4048
C4052
C4062
C4063
C4066
C4073
C4074
C4076
C4083
C4088
C4089
C4097
C4103
C4104
C4105
C4107
C4114
C4116
C4127
C4128
C4131
C4135
C4138
C4140
C4142
C4145
C4148
C4155
C4158
C4159
C4169
C4173
C4175
C4179
C4184
C4185
C4186
C4187
C4190
C4200
C4201
C4204
C4209
C4213
C4214
C4217
C4230
C4231
C4232
C4236
C4241
C4245
C4249
C4259
C4261
C4263
C4265
C4269
C4271
C4274
C4277
C4280
C4282
C4289
C4296
C4304
C4307
C4308
C4310
C4322
C4325
C4330
C4331
C4334
C4338
C4339
C4341
C4344
C4345
C4346
C4348
C4349
C4355
C4358
C4361
C4369
C4371
C4378
C4385
C4389
C4390
C4395
C4398
C4400
C4401
C4402
C4405
C4406
C4408
C4413
C4422
C4429
C4432
C4434
C4435
C4436
C4439
C4446
C4452
C4455
C4456
C4458
C4464
C4465
C4469
C4476
C4480
C4485
C4487
C4488
C4492
C4494
C4495
C4496
C4497
C4498
C4499
C4500
C4503
C4504
C4506
C4512
C4525
C4529
C4530
C4531
C4532
C4535
C4537
C4539
C4540
C4541
C4542
C4543
C4546
C4548
C4556
C4564
C4565
C4566
C4568
C4574
C4581
C4583
C4615
C4617
C4620
C4623
C4624
C4625
C4626
C4637
C4639
C4641
C4646
C4647
C4656
C4657
C4658
C4662
C4666
C4669
C4670
C4674
C4678
C4679
C4681
C4683
C4691
C4697
C4698
C4699
C4712
C4713
C4715
C4730
C4732
C4740
C4749
C4756
C4757
C4758
C4761
C4763
C4764
C4767
C4792
C4793
C4799
C4802
C4812
C4816
C4823
C4824
C4825
C4836
C4838
C4841
C4844
C4848
C4850
C4853
C4855
C4858
C4859
C4865
C4868
C4878
C4881
C4887
C4888
C4890
C4900
C4902
C4903
C4913
C4916
C4923
C4931
C4933
C4939
C4946
C4948
C4952
C4953
C4959
C4972
C4977
C4982
C4983
C4984
C4986
C4989
C4991
C4992
C4993
C5002
C5004
C5008
C5011
C5016
C5020
C5023
C5025
C5032
C5036
C5042
C5043
C5044
C5047
C5048
C5054
C5055
C5056
C5057
C5058
C5059
C5060
C5061
C5066
C5068
C5079
C5081
C5083
C5088
C5094
C5099
C5102
C5106
C5111
C5112
C5113
C5116
C5118
C5120
C5121
C5125
C5131
C5136
C5137
C5138
C5140
C5146
C5150
C5151
C5155
C5161
C5166
C5171
C5173
C5179
C5185
C5195
C5198
C5201
C5205
C5212
C5213
C5216
C5217
C5219
C5220
C5231
C5238
C5239
C5240
C5241
C5247
C5255
C5256
C5257
C5258
C5263
C5264
C5265
C5273
C5275
C5276
C5277
C5279
C5287
C5293
C5295
C5296
C5298
C5299
C5306
C5308
C5313
C5321
C5326
C5330
C5335
C5338
C5343
C5347
C5350
C5354
C5356
C5358
C5360
C5363
C5365
C5369
C5370
C5372
C5374
C5376
C5377
C5381
C5386
C5390
C5397
C5401
C5411
C5414
C5418
C5419
C5423
C5425
C5429
C5440
C5446
C5453
C5456
C5466
C5467
C5468
C5469
C5474
C5477
C5485
C5487
C5488
C5492
C5496
C5497
C5500
C5501
C5506
C5508
C5515
C5532
C5534
C5535
C5539
C5541
C5547
C5548
C5552
C5559
C5562
C5564
C5566
C5567
C5568
C5575
C5579
C5581
C5582
C5585
C5588
C5602
C5609
C5610
C5613
C5617
C5622
C5625
C5626
C5632
C5642
C5648
C5650
C5654
C5662
C5663
C5666
C5673
C5676
C5678
C5679
C5680
C5684
C5685
C5687
C5689
C5692
C5696
C5702
C5714
C5722
C5724
C5725
C5732
C5736
C5738
C5742
C5743
C5744
C5746
C5749
C5756
C5760
C5767
C5768
C5769
C5771
C5773
C5781
C5782
C5799
C5801
C5803
C5806
C5809
C5811
C5812
C5815
C5816
C5819
C5820
C5821
C5827
C5829
C5831
C5836
C5847
C5849
C5851
C5853
C5854
C5858
C5859
C5861
C5862
C5863
C5869
C5871
C5875
C5884
C5886
C5894
C5902
C5904
C5913
C5916
C5923
C5924
C5928
C5933
C5934
C5935
C5936
C5942
C5946
C5947
C5950
C5951
C5953
C5956
C5965
C5966
C5967
C5970
C5987
C5988
C5997
C6001
C6003
C6004
C6010
C6018
C6020
C6021
C6022
C6028
C6035
C6037
C6047
C6048
C6050
C6051
C6053
C6054
C6057
C6065
C6066
C6075
C6076
C6077
C6081
C6083
C6084
C6085
C6086
C6090
C6091
C6092
C6103
C6106
C6109
C6112
C6113
C6119
C6122
C6123
C6129
C6134
C6136
C6142
C6146
C6149
C6152
C6153
C6158
C6161
C6164
C6165
C6166
C6168
C6169
C6172
C6174
C6175
C6177
C6185
C6188
C6191
C6192
C6198
C6200
C6205
C6209
C6210
C6216
C6218
C6221
C6222
C6223
C6224
C6225
C6232
C6234
C6235
C6240
C6244
C6254
C6255
C6261
C6263
C6267
C6269
C6278
C6279
C6281
C6283
C6289
C6296
C6300
C6301
C6303
C6306
C6310
C6320
C6324
C6325
C6328
C6329
C6332
C6336
C6339
C6350
C6357
C6360
C6363
C6370
C6376
C6380
C6383
C6385
C6388
C6390
C6391
C6406
C6408
C6413
C6414
C6419
C6426
C6431
C6432
C6433
C6434
C6436
C6441
C6455
C6456
C6457
C6463
C6467
C6470
C6475
C6477
C6479
C6487
C6491
C6498
C6503
C6505
C6506
C6517
C6519
C6520
C6526
C6528
C6529
C6540
C6542
C6543
C6544
C6545
C6546
C6549
C6550
C6569
C6571
C6575
C6588
C6597
C6599
C6606
C6607
C6611
C6612
C6616
C6618
C6628
C6629
C6630
C6637
C6638
C6641
C6642
C6646
C6647
C6651
C6653
C6664
C6665
C6667
C6671
C6676
C6678
C6680
C6682
C6696
C6700
C6701
C6704
C6708
C6710
C6712
C6719
C6724
C6732
C6734
C6736
C6738
C6741
C6744
C6746
C6753
C6754
C6759
C6760
C6764
C6773
C6775
C6787
C6792
C6794
C6797
C6801
C6802
C6803
C6805
C6807
C6810
C6823
C6825
C6831
C6836
C6837
C6838
C6840
C6842
C6844
C6845
C6854
C6861
C6865
C6869
C6871
C6872
C6878
C6882
C6883
C6885
C6886
C6892
C6893
C6895
C6900
C6901
C6902
C6904
C6910
C6911
C6914
C6915
C6919
C6920
C6921
C6928
C6939
C6942
C6944
C6950
C6952
C6956
C6958
C6959
C6961
C6962
C6963
C6966
C6973
C6975
C6976
C6978
C6979
C6981
C6983
C6985
C6991
C6992
C6994
C6997
C6999
C7000
C7005
C7011
C7013
C7017
C7019
C7027
C7029
C7031
C7037
C7038
C7046
C7047
C7052
C7053
C7058
C7075
C7077
C7079
C7081
C7082
C7083
C7090
C7098
C7100
C7102
C7106
C7107
C7113
C7117
C7129
C7132
C7133
C7136
C7149
C7151
C7153
C7156
C7157
C7160
C7161
C7163
C7165
C7167
C7168
C7171
C7180
C7183
C7191
C7192
C7195
C7198
C7200
C7201
C7202
C7206
C7211
C7221
C7230
C7231
C7233
C7238
C7240
C7241
C7242
C7246
C7249
C7254
C7256
C7257
C7259
C7260
C7265
C7273
C7276
C7277
C7279
C7281
C7286
C7290
C7294
C7297
C7307
C7312
C7315
C7318
C7320
C7321
C7329
C7331
C7333
C7338
C7339
C7340
C7341
C7342
C7343
C7346
C7356
C7362
C7363
C7364
C7366
C7370
C7371
C7375
C7378
C7379
C7381
C7382
C7383
C7387
C7389
C7394
C7396
C7397
C7400
C7407
C7409
C7410
C7411
C7413
C7417
C7419
C7420
C7421
C7422
C7423
C7426
C7427
C7435
C7442
C7456
C7464
C7465
C7468
C7469
C7475
C7476
C7477
C7478
C7482
C7488
C7493
C7494
C7502
C7504
C7505
C7515
C7518
C7533
C7546
C7547
C7550
C7553
C7555
C7556
C7561
C7572
C7576
C7577
C7578
C7582
C7583
C7587
C7592
C7600
C7601
C7605
C7608
C7615
C7620
C7622
C7623
C7629
C7632
C7634
C7635
C7637
C7640
C7646
C7648
C7655
C7658
C7666
C7669
C7672
C7673
C7677
C7684
C7685
C7689
C7690
C7694
C7695
C7702
C7703
C7705
C7707
C7708
C7710
C7712
C7713
C7716
C7720
C7721
C7722
C7724
C7725
C7726
C7727
C7728
C7732
C7738
C7745
C7746
C7749
C7751
C7752
C7753
C7754
C7757
C7759
C7761
C7766
C7767
C7771
C7775
C7778
C7782
C7785
C7787
C7789
C7791
C7795
C7797
C7799
C7815
C7820
C7823
C7825
C7838
C7841
C7843
C7845
C7846
C7851
C7854
C7855
C7858
C7865
C7867
C7869
C7874
C7877
C7885
C7886
C7890
C7891
C7892
C7896
C7907
C7911
C7912
C7913
C7920
C7925
C7927
C7929
C7932
C7937
C7942
C7946
C7960
C7962
C7964
C7968
C7969
C7970
C7972
C7973
C7977
C7980
C7985
C7996
C8006
C8008
C8013
C8014
C8015
C8017
C8019
C8020
C8023
C8024
C8026
C8031
C8035
C8038
C8043
C8044
C8046
C8051
C8052
C8053
C8058
C8065
C8067
C8068
C8075
C8078
C8081
C8082
C8085
C8087
C8089
C8090
C8100
C8103
C8104
C8110
C8113
C8114
C8115
C8118
C8121
C8131
C8132
C8138
C8145
C8146
C8149
C8153
C8157
C8163
C8164
C8167
C8168
C8179
C8181
C8182
C8190
C8191
C8193
C8203
C8207
C8214
C8216
C8229
C8230
C8232
C8245
C8251
C8252
C8258
C8261
C8262
C8263
C8268
C8270
C8275
C8277
C8279
C8284
C8286
C8288
C8296
C8297
C8303
C8305
C8313
C8322
C8324
C8325
C8333
C8334
C8336
C8344
C8347
C8355
C8361
C8371
C8380
C8383
C8386
C8389
C8397
C8399
C8400
C8402
C8403
C8406
C8414
C8423
C8424
C8429
C8435
C8438
C8439
C8446
C8449
C8450
C8458
C8461
C8462
C8463
C8466
C8471
C8474
C8476
C8479
C8482
C8487
C8492
C8498
C8501
C8505
C8506
C8507
C8511
C8514
C8515
C8520
C8533
C8536
C8540
C8541
C8546
C8557
C8563
C8564
C8569
C8570
C8572
C8573
C8577
C8581
C8588
C8590
C8591
C8593
C8596
C8601
C8603
C8607
C8610
C8613
C8617
C8619
C8622
C8627
C8628
C8633
C8634
C8638
C8639
C8640
C8646
C8650
C8657
C8668
C8670
C8675
C8677
C8682
C8686
C8687
C8692
C8702
C8704
C8715
C8716
C8718
C8720
C8722
C8726
C8728
C8731
C8732
C8733
C8748
C8750
C8756
C8757
C8758
C8761
C8763
C8769
C8771
C8775
C8782
C8783
C8786
C8787
C8788
C8794
C8799
C8802
C8803
C8813
C8814
C8816
C8830
C8835
C8851
C8859
C8866
C8868
C8870
C8873
C8875
C8879
C8881
C8883
C8888
C8889
C8891
C8892
C8895
C8897
C8899
C8900
C8905
C8910
C8917
C8918
C8919
C8921
C8924
C8928
C8935
C8936
C8938
C8943
C8950
C8951
C8952
C8957
C8961
C8962
C8963
C8966
C8968
C8973
C8974
C8980
C8982
C8983
C8990
C8994
C8996
C8997
C9006
C9010
C9024
C9029
C9035
C9044
C9046
C9050
C9058
C9063
C9064
C9069
C9070
C9073
C9078
C9081
C9086
C9087
C9089
C9093
C9095
C9098
C9100
C9103
C9105
C9120
C9121
C9122
C9124
C9125
C9126
C9128
C9129
C9132
C9135
C9138
C9141
C9143
C9144
C9149
C9152
C9154
C9165
C9167
C9168
C9170
C9173
C9175
C9180
C9182
C9183
C9194
C9195
C9196
C9201
C9206
C9211
C9212
C9213
C9214
C9217
C9219
C9220
C9221
C9225
C9227
C9228
C9229
C9230
C9231
C9233
C9234
C9235
C9236
C9237
C9239
C9245
C9249
C9252
C9254
C9257
C9258
C9259
C9261
C9264
C9271
C9273
C9274
C9275
C9278
C9279
C9284
C9285
C9290
C9293
C9294
C9296
C9297
C9299
C9307
C9309
C9313
C9318
C9319
C9325
C9328
C9331
C9335
C9337
C9342
C9345
C9347
C9351
C9352
C9356
C9358
C9364
C9367
C9369
C9370
C9375
C9377
C9380
C9382
C9383
C9384
C9388
C9389
C9399
C9400
C9401
C9404
C9412
C9416
C9418
C9427
C9442
C9451
C9457
C9465
C9470
C9473
C9478
C9479
C9480
C9494
C9499
C9505
C9506
C9507
C9512
C9515
C9516
C9518
C9524
C9529
C9537
C9541
C9544
C9546
C9553
C9555
C9556
C9557
C9559
C9570
C9574
C9575
C9576
C9578
C9579
C9583
C9584
C9586
C9589
C9592
C9596
C9601
C9606
C9607
C9610
C9614
C9618
C9622
C9629
C9638
C9640
C9644
C9646
C9647
C9652
C9655
C9657
C9660
C9669
C9674
C9687
C9692
C9696
C9697
C9701
C9707
C9711
C9713
C9715
C9717
C9718
C9720
C9722
C9728
C9730
C9732
C9735
C9737
C9742
C9744
C9748
C9750
C9751
C9758
C9762
C9763
C9765
C9768
C9771
C9772
C9774
C9785
C9791
C9801
C9804
C9807
C9814
C9821
C9826
C9829
C9832
C9835
C9837
C9838
C9839
C9852
C9853
C9855
C9856
C9858
C9862
C9874
C9880
C9881
C9883
C9890
C9891
C9895
C9900
C9902
C9905
C9916
C9918
C9921
C9926
C9928
C9929
C9932
C9940
C9942
C9949
C9956
C9959
C9962
C9966
C9968
C9972
C9976
C9977
C9983
C9992
C9993
C10000
C10005
C10006
C10008
C10011
C10012
C10013
C10015
C10016
C10020
C10023
C10025
C10026
C10029
C10031
C10036
C10041
C10043
C10045
C10047
C10049
C10054
C10061
C10064
C10066
C10069
C10072
C10073
C10076
C10082
C10086
C10097
C10098
C10101
C10104
C10106
C10110
C10113
C10114
C10124
C10127
C10135
C10145
C10151
C10153
C10161
C10169
C10170
C10173
C10183
C10190
C10191
C10192
C10196
C10201
C10204
C10208
C10209
C10212
C10214
C10215
C10218
C10221
C10224
C10226
C10229
C10232
C10234
C10238
C10263
C10265
C10268
C10276
C10292
C10299
C10301
C10304
C10305
C10307
C10315
C10320
C10332
C10337
C10339
C10343
C10344
C10347
C10348
C10350
C10352
C10354
C10359
C10361
C10364
C10365
C10367
C10369
C10370
C10371
C10376
C10377
C10378
C10382
C10384
C10385
C10387
C10389
C10395
C10396
C10397
C10400
C10401
C10404
C10406
C10407
C10411
C10413
C10417
C10426
C10428
C10434
C10436
C10438
C10440
C10441
C10447
C10456
C10462
C10464
C10468
C10471
C10474
C10477
C10478
C10480
C10481
C10485
C10491
C10497
C10511
C10512
C10516
C10525
C10527
C10539
C10542
C10544
C10545
C10547
C10554
C10570
C10576
C10578
C10591
C10592
C10593
C10604
C10610
C10617
C10619
C10621
C10622
C10623
C10629
C10633
C10637
C10638
C10644
C10647
C10653
C10655
C10658
C10660
C10662
C10667
C10672
C10673
C10682
C10687
C10689
C10693
C10694
C10703
C10704
C10710
C10711
C10712
C10715
C10723
C10726
C10730
C10738
C10747
C10752
C10754
C10755
C10757
C10763
C10766
C10770
C10774
C10777
C10779
C10780
C10781
C10786
C10789
C10792
C10799
C10803
C10806
C10807
C10820
C10821
C10823
C10826
C10834
C10836
C10844
C10846
C10852
C10856
C10858
C10862
C10863
C10866
C10867
C10871
C10873
C10876
C10880
C10884
C10885
C10888
C10896
C10904
C10905
C10911
C10916
C10917
C10918
C10933
C10935
C10946
C10947
C10948
C10949
C10950
C10954
C10961
C10969
C10973
C10975
C10980
C10988
C10991
C10992
C11000
C11001
C11007
C11013
C11015
C11018
C11022
C11023
C11026
C11031
C11032
C11034
C11041
C11044
C11047
C11048
C11056
C11058
C11065
C11066
C11067
C11070
C11072
C11073
C11081
C11082
C11089
C11091
C11092
C11093
C11095
C11096
C11100
C11103
C11110
C11117
C11119
C11121
C11124
C11125
C11130
C11134
C11135
C11141
C11144
C11146
C11148
C11150
C11164
C11165
C11169
C11180
C11186
C11189
C11192
C11195
C11197
C11200
C11201
C11202
C11209
C11212
C11215
C11225
C11232
C11240
C11241
C11246
C11248
C11251
C11252
C11257
C11261
C11263
C11274
C11275
C11276
C11280
C11287
C11291
C11292
C11297
C11306
C11309
C11311
C11318
C11320
C11329
C11345
C11348
C11350
C11352
C11353
C11358
C11370
C11371
C11378
C11381
C11385
C11391
C11394
C11398
C11407
C11410
C11411
C11412
C11422
C11429
C11431
C11432
C11433
C11436
C11443
C11448
C11449
C11450
C11453
C11455
C11458
C11464
C11469
C11480
C11485
C11492
C11495
C11499
C11511
C11514
C11520
C11528
C11529
C11531
C11533
C11536
C11537
C11542
C11545
C11552
C11553
C11554
C11559
C11560
C11561
C11564
C11566
C11576
C11580
C11581
C11589
C11593
C11597
C11603
C11605
C11609
C11613
C11614
C11615
C11620
C11622
C11623
C11624
C11625
C11627
C11628
C11630
C11637
C11643
C11645
C11652
C11655
C11659
C11662
C11664
C11665
C11671
C11678
C11680
C11689
C11690
C11691
C11692
C11697
C11698
C11700
C11701
C11702
C11705
C11706
C11716
C11717
C11720
C11722
C11724
C11730
C11732
C11734
C11749
C11766
C11768
C11770
C11773
C11778
C11781
C11782
C11787
C11789
C11792
C11794
C11796
C11807
C11808
C11815
C11816
C11817
C11829
C11833
C11834
C11840
C11843
C11851
C11855
C11856
C11858
C11861
C11873
C11875
C11877
C11878
C11879
C11880
C11884
C11886
C11887
C11893
C11895
C11899
C11901
C11907
C11910
C11918
C11919
C11920
C11926
C11927
C11930
C11931
C11933
C11935
C11936
C11937
C11939
C11942
C11944
C11947
C11952
C11955
C11960
C11961
C11962
C11965
C11967
C11971
C11976
C11981
C11982
C11983
C11984
C11985
C11992
C11993
C11994
C11999
C12011
C12012
C12014
C12023
C12031
C12032
C12035
C12039
C12048
C12049
C12050
C12051
C12052
C12057
C12058
C12064
C12072
C12073
C12074
C12079
C12085
C12087
C12091
C12093
C12098
C12103
C12106
C12109
C12114
C12117
C12121
C12126
C12132
C12134
C12138
C12145
C12150
C12151
C12152
C12153
C12158
C12163
C12170
C12171
C12175
C12184
C12187
C12193
C12206
C12208
C12219
C12220
C12222
C12225
C12227
C12233
C12245
C12247
C12254
C12262
C12263
C12270
C12277
C12282
C12289
C12303
C12305
C12313
C12326
C12328
C12332
C12335
C12336
C12341
C12352
C12353
C12355
C12360
C12362
C12363
C12368
C12372
C12376
C12379
C12382
C12398
C12400
C12408
C12409
C12411
C12419
C12423
C12424
C12425
C12426
C12430
C12433
C12439
C12441
C12454
C12461
C12462
C12463
C12464
C12465
C12466
C12468
C12472
C12475
C12483
C12484
C12485
C12486
C12487
C12492
C12494
C12501
C12502
C12503
C12505
C12507
C12508
C12509
C12510
C12511
C12513
C12514
C12515
C12518
C12520
C12521
C12522
C12523
C12524
C12525
C12526
C12528
C12529
C12531
C12532
C12533
C12534
C12536
C12537
C12538
C12539
C12540
C12541
C12543
C12544
C12545
C12546
C12547
C12548
C12549
C12550
C12551
C12552
C12553
C12556
C12557
C12559
C12561
C12562
C12564
C12566
C12567
C12568
C12569
C12571
C12572
C12573
C12574
C12575
C12576
C12577
C12578
C12579
C12580
C12582
C12583
C12584
C12585
C12586
C12587
C12588
C12589
C12590
C12591
C12594
C12596
C12597
C12598
C12599
C12601
C12602
C12603
C12604
C12605
C12608
C12609
C12611
C12613
C12615
C12616
C12618
C12620
C12621
C12622
C12623
C12624
C12625
C12626
C12627
C12628
C12629
C12630
C12631
C12632
C12634
C12635
C12636
C12637
C12638
C12639
C12641
C12644
C12645
C12646
C12648
C12649
C12650
C12651
C12652
C12653
C12654
C12655
C12656
C12657
C12658
C12659
C12661
C12664
C12665
C12666
C12667
C12669
C12670
C12671
C12672
C12673
C12674
C12675
C12676
C12679
C12680
C12681
C12682
C12683
C12684
C12685
C12687
C12688
C12689
C12690
C12691
C12692
C12694
C12695
C12696
C12697
C12698
C12699
C12700
C12702
C12703
C12704
C12705
C12706
C12708
C12709
C12710
C12711
C12712
C12713
C12714
C12716
C12717
C12718
C12720
C12721
C12722
C12723
C12724
C12725
C12726
C12728
C12729
C12730
C12731
C12732
C12733
C12735
C12736
C12737
C12738
C12739
C12740
C12741
C12742
C12743
C12744
C12745
C12746
C12747
C12749
C12751

