###############################################################
#  Generated by:      Cadence Innovus 21.13-s100_1
#  OS:                Linux x86_64(Host ID ic22)
#  Generated on:      Thu Sep 25 17:05:49 2025
#  Design:            misty
#  Command:           summaryReport -noHtml -outfile summary.rpt
###############################################################


==============================
General Design Information
==============================
Design Status: Routed  
Design Name: misty  
# Instances: 12074  
# Hard Macros: 0  
# Std Cells: 12074  
    ------------------------------
    Standard Cells in Netlist
    ------------------------------
               Cell Type   Instance Count  Area (um^2)  
      AND3x1_ASAP7_75t_L                1           1.3997  
     AO211x2_ASAP7_75t_L                1           3.7325  
      AO21x1_ASAP7_75t_L                3           4.1990  
    AOI221xp5_ASAP7_75t_L                1           1.6330  
       BUFx2_ASAP7_75t_L               28          32.6592  
       BUFx3_ASAP7_75t_L                5           6.9984  
    DFFHQNx1_ASAP7_75t_L               28         130.6368  
     HB1xp67_ASAP7_75t_L               17          15.8630  
       INVx1_ASAP7_75t_L               19          13.2970  
     INVxp33_ASAP7_75t_L                2           1.3997  
     INVxp67_ASAP7_75t_L                2           1.3997  
    NAND2xp5_ASAP7_75t_L                2           1.8662  
    NOR2xp33_ASAP7_75t_L               45          41.9904  
    O2A1O1Ixp33_ASAP7_75t_L                3           4.1990  
    OAI21xp5_ASAP7_75t_L                9          10.4976  
       OR3x1_ASAP7_75t_L                1           1.3997  
     TAPCELL_ASAP7_75t_L             2445        1140.7392  
    XNOR2xp5_ASAP7_75t_L                1           2.0995  
     XOR2xp5_ASAP7_75t_L                2           4.1990  
    A2O1A1Ixp33_ASAP7_75t_SL              170         237.9456  
    A2O1A1O1Ixp25_ASAP7_75t_SL               10          20.9952  
     AND2x2_ASAP7_75t_SL              987        1381.4842  
     AND2x4_ASAP7_75t_SL              311         725.5008  
     AND2x6_ASAP7_75t_SL                6          16.7962  
     AND3x1_ASAP7_75t_SL               55          76.9824  
     AND3x2_ASAP7_75t_SL               11          17.9626  
     AND3x4_ASAP7_75t_SL               10          32.6592  
     AND4x1_ASAP7_75t_SL               12          19.5955  
     AND5x1_ASAP7_75t_SL               18          33.5923  
    AO211x2_ASAP7_75t_SL               23          85.8470  
     AO21x1_ASAP7_75t_SL               75         104.9760  
     AO21x2_ASAP7_75t_SL               12          19.5955  
    AO221x1_ASAP7_75t_SL              111         258.9408  
    AO221x2_ASAP7_75t_SL                7          17.9626  
    AO222x2_ASAP7_75t_SL              122         341.5219  
     AO22x1_ASAP7_75t_SL              119         249.8429  
     AO22x2_ASAP7_75t_SL               13          30.3264  
     AO31x2_ASAP7_75t_SL               20          74.6496  
     AO32x1_ASAP7_75t_SL               10          18.6624  
    AO332x1_ASAP7_75t_SL                3           7.6982  
     AO33x2_ASAP7_75t_SL                1           2.3328  
    AOI211x1_ASAP7_75t_SL               22          61.5859  
    AOI211xp5_ASAP7_75t_SL               85         118.9728  
    AOI21x1_ASAP7_75t_SL               47          87.7133  
    AOI21xp33_ASAP7_75t_SL                4           4.6656  
    AOI21xp5_ASAP7_75t_SL              259         302.0976  
    AOI221x1_ASAP7_75t_SL               50         163.2960  
    AOI221xp5_ASAP7_75t_SL              223         364.1501  
    AOI222xp33_ASAP7_75t_SL               96         223.9488  
    AOI22x1_ASAP7_75t_SL               40          93.3120  
    AOI22xp5_ASAP7_75t_SL              815        1140.7392  
    AOI311xp33_ASAP7_75t_SL                7          11.4307  
    AOI31xp33_ASAP7_75t_SL               16          22.3949  
    AOI31xp67_ASAP7_75t_SL                8          24.2611  
    AOI321xp33_ASAP7_75t_SL               20          37.3248  
    AOI322xp5_ASAP7_75t_SL               15          31.4928  
    AOI32xp33_ASAP7_75t_SL               22          35.9251  
    AOI331xp33_ASAP7_75t_SL                1           2.0995  
    AOI332xp33_ASAP7_75t_SL                3           6.9984  
     BUFx10_ASAP7_75t_SL                4          13.0637  
    BUFx12f_ASAP7_75t_SL               15          62.9856  
      BUFx2_ASAP7_75t_SL              102         118.9728  
      BUFx3_ASAP7_75t_SL               54          75.5827  
     BUFx4f_ASAP7_75t_SL               12          22.3949  
     BUFx6f_ASAP7_75t_SL               50         116.6400  
    DFFHQNx1_ASAP7_75t_SL              263        1227.0528  
    DFFHQx4_ASAP7_75t_SL               41         239.1120  
      HAxp5_ASAP7_75t_SL                2           4.1990  
    HB1xp67_ASAP7_75t_SL              110         102.6432  
     INVx11_ASAP7_75t_SL                2           6.0653  
      INVx1_ASAP7_75t_SL              734         513.6826  
      INVx2_ASAP7_75t_SL              195         181.9584  
      INVx3_ASAP7_75t_SL               59          68.8176  
      INVx4_ASAP7_75t_SL               37          51.7882  
      INVx5_ASAP7_75t_SL               11          17.9626  
      INVx6_ASAP7_75t_SL               14          26.1274  
      INVx8_ASAP7_75t_SL                2           4.6656  
    INVxp33_ASAP7_75t_SL               51          35.6918  
    INVxp67_ASAP7_75t_SL               89          62.2858  
    NAND2x1_ASAP7_75t_SL               69          96.5779  
    NAND2x1p5_ASAP7_75t_SL               76         141.8342  
    NAND2x2_ASAP7_75t_SL               13          30.3264  
    NAND2xp33_ASAP7_75t_SL                6           5.5987  
    NAND2xp5_ASAP7_75t_SL              702         655.0502  
    NAND3x1_ASAP7_75t_SL               48         123.1718  
    NAND3x2_ASAP7_75t_SL                4          18.6624  
    NAND3xp33_ASAP7_75t_SL              214         249.6096  
    NAND4xp25_ASAP7_75t_SL               46          64.3853  
    NAND4xp75_ASAP7_75t_SL               37         120.8390  
    NAND5xp2_ASAP7_75t_SL               18          29.3933  
     NOR2x1_ASAP7_75t_SL              136         190.3565  
    NOR2x1p5_ASAP7_75t_SL               44          82.1146  
     NOR2x2_ASAP7_75t_SL                8          18.6624  
    NOR2xp33_ASAP7_75t_SL              233         217.4170  
    NOR2xp67_ASAP7_75t_SL                6           8.3981  
     NOR3x1_ASAP7_75t_SL               27          69.2842  
     NOR3x2_ASAP7_75t_SL                3          13.9968  
    NOR3xp33_ASAP7_75t_SL               45          52.4880  
    NOR4xp25_ASAP7_75t_SL               12          16.7962  
    NOR4xp75_ASAP7_75t_SL               28          91.4458  
    NOR5xp2_ASAP7_75t_SL                5           8.1648  
    O2A1O1Ixp33_ASAP7_75t_SL               44          61.5859  
    O2A1O1Ixp5_ASAP7_75t_SL               28          52.2547  
    OA211x2_ASAP7_75t_SL               31          57.8534  
     OA21x2_ASAP7_75t_SL              139         226.9814  
    OA221x2_ASAP7_75t_SL               27         100.7770  
    OA222x2_ASAP7_75t_SL               41         114.7738  
     OA22x2_ASAP7_75t_SL               29          67.6512  
     OA31x2_ASAP7_75t_SL                5          17.4960  
    OA331x1_ASAP7_75t_SL                1           2.3328  
    OA332x1_ASAP7_75t_SL                9          23.0947  
     OA33x2_ASAP7_75t_SL                4           9.3312  
    OAI211xp5_ASAP7_75t_SL              107         149.7658  
    OAI21x1_ASAP7_75t_SL               77         143.7005  
    OAI21xp5_ASAP7_75t_SL              297         346.4208  
    OAI221xp5_ASAP7_75t_SL               87         142.0675  
    OAI222xp33_ASAP7_75t_SL               27          62.9856  
    OAI22x1_ASAP7_75t_SL               20          46.6560  
    OAI22xp5_ASAP7_75t_SL              183         256.1414  
    OAI311xp33_ASAP7_75t_SL                7          11.4307  
    OAI31xp33_ASAP7_75t_SL               20          27.9936  
    OAI31xp67_ASAP7_75t_SL                7          21.2285  
    OAI321xp33_ASAP7_75t_SL               15          27.9936  
    OAI322xp33_ASAP7_75t_SL               16          33.5923  
    OAI32xp33_ASAP7_75t_SL               11          17.9626  
    OAI331xp33_ASAP7_75t_SL                3           6.2986  
    OAI332xp33_ASAP7_75t_SL                4           9.3312  
    OAI333xp33_ASAP7_75t_SL                2           5.1322  
      OR2x2_ASAP7_75t_SL              243         340.1222  
      OR2x4_ASAP7_75t_SL                4           7.4650  
      OR2x6_ASAP7_75t_SL               47         131.5699  
      OR3x1_ASAP7_75t_SL               15          20.9952  
      OR4x1_ASAP7_75t_SL                5           8.1648  
      OR4x2_ASAP7_75t_SL                1           1.8662  
      OR5x1_ASAP7_75t_SL               15          27.9936  
      OR5x2_ASAP7_75t_SL                1           2.0995  
    XNOR2x1_ASAP7_75t_SL               53         148.3661  
    XNOR2x2_ASAP7_75t_SL               45         115.4736  
    XNOR2xp5_ASAP7_75t_SL              149         312.8285  
     XOR2x1_ASAP7_75t_SL               12          33.5923  
     XOR2x2_ASAP7_75t_SL               79         202.7203  
    XOR2xp5_ASAP7_75t_SL               83         174.2602  
# Pads: 0  
# Net: 9807  
# Special Net: 2  
# IO Pins: 
    ------------------------------
    Issued IO Information
    ------------------------------
    # Unplaced IO Pin  0  
    # Floating IO  0  
    # IO Connected to Non-IO Inst  
        ------------------------------
        IO Connected to Non-IO Inst
        ------------------------------
                     IO Name      Non-IO Inst Name  
                  data_in[0]                g19161  
                  data_in[1]                g19162  
                  data_in[2]                g19163  
                  data_in[3]                g19164  
                  data_in[4]                g19150  
                  data_in[5]                g19152  
                  data_in[6]                g19165  
                  data_in[7]                g19151  
                  data_in[8]                g19153  
                  data_in[9]                g19154  
                 data_in[10]                g19155  
                 data_in[11]                g19156  
                 data_in[12]                g19157  
                 data_in[13]                g19158  
                 data_in[14]                g19159  
                 data_in[15]                g19160  
                 data_in[16]                g19096  
                 data_in[17]                g19097  
                 data_in[18]                g19098  
                 data_in[19]                g19099  
                 data_in[20]                g19100  
                 data_in[21]                g19101  
                 data_in[22]                g19104  
                 data_in[23]                g19086  
                 data_in[24]                g19103  
                 data_in[25]                g19105  
                 data_in[26]                g19106  
                 data_in[27]                g19107  
                 data_in[28]                g19108  
                 data_in[29]                g19109  
                 data_in[30]                g19110  
                 data_in[31]                g19111  
                 data_in[32]                g19161  
                 data_in[33]                g19162  
                 data_in[34]                g19163  
                 data_in[35]                g19164  
                 data_in[36]                g19150  
                 data_in[37]                g19152  
                 data_in[38]                g19165  
                 data_in[39]                g19151  
                 data_in[40]                g19153  
                 data_in[41]                g19154  
                 data_in[42]                g19155  
                 data_in[43]                g19156  
                 data_in[44]                g19157  
                 data_in[45]                g19158  
                 data_in[46]                g19159  
                 data_in[47]                g19160  
                 data_in[48]                g19128  
                 data_in[49]                g19129  
                 data_in[50]                g19130  
                 data_in[51]                g19131  
                 data_in[52]                g19132  
                 data_in[53]                g19133  
                 data_in[54]                g19136  
                 data_in[55]                g19118  
                 data_in[56]                g19135  
                 data_in[57]                g19137  
                 data_in[58]                g19138  
                 data_in[59]                g19139  
                 data_in[60]                g19140  
                 data_in[61]                g19141  
                 data_in[62]                g19142  
                 data_in[63]                g19143  
                 data_in[64]                g19596  
                 data_in[65]                g19598  
                 data_in[66]                g19599  
                 data_in[67]                g19601  
                 data_in[68]                g19602  
                 data_in[69]                g19603  
                 data_in[70]                g19604  
                 data_in[71]                g19606  
                 data_in[72]                g19607  
                 data_in[73]                g19608  
                 data_in[74]                g19609  
                 data_in[75]                g19613  
                 data_in[76]                g19610  
                 data_in[77]                g19612  
                 data_in[78]                g19614  
                 data_in[79]                g19615  
                 data_in[80]                g19616  
                 data_in[81]                g19617  
                 data_in[82]                g19618  
                 data_in[83]                g19619  
                 data_in[84]                g19628  
                 data_in[85]                g19620  
                 data_in[86]                g19621  
                 data_in[87]                g19622  
                 data_in[88]                g19625  
                 data_in[89]                g19626  
                 data_in[90]                g19627  
                 data_in[91]                g19623  
                 data_in[92]                g19629  
                 data_in[93]                g19630  
                 data_in[94]                g19516  
                 data_in[95]                g19503  
                 data_in[96]                g19505  
                 data_in[97]                g19506  
                 data_in[98]                g19507  
                 data_in[99]                g19509  
                data_in[100]                g19600  
                data_in[101]                g19520  
                data_in[102]                g19510  
                data_in[103]                g19511  
                data_in[104]                g19512  
                data_in[105]                g19513  
                data_in[106]                g19514  
                data_in[107]                g19517  
                data_in[108]                g19521  
                data_in[109]                g19515  
                data_in[110]                g19518  
                data_in[111]                g19624  
                data_in[112]                g19795  
                data_in[113]                g19798  
                data_in[114]                g19771  
                data_in[115]                g19767  
                data_in[116]                g19769  
                data_in[117]                g19797  
                data_in[118]                g19796  
                data_in[119]                g19783  
                data_in[120]                g19763  
                data_in[121]                g19770  
                data_in[122]                g19773  
                data_in[123]                g19774  
                data_in[124]                g19775  
                data_in[125]                g19776  
                data_in[126]                g19777  
                data_in[127]                g19778  
                      EncDec          FE_RC_1067_0  
                     key_rdy                g19492  
                    data_rdy                g19766  
                      nreset                g19220  
                         clk   CTS_ccl_a_buf_00028  
                        busy               g101469  
                   key_valid               g101473  
                  data_valid                g13198  
                 data_out[0]           FE_RC_750_0  
                 data_out[1]          g96028__2398  
                 data_out[2]            FE_RC_31_0  
                 data_out[3]           FE_RC_888_0  
                 data_out[4]                g19115  
                 data_out[5]          g96034__6783  
                 data_out[6]            FE_RC_16_1  
                 data_out[7]             FE_RC_9_0  
                 data_out[8]          FE_RC_1205_0  
                 data_out[9]          g96093__1617  
                data_out[10]          g96081__7410  
                data_out[11]          g96082__6417  
                data_out[12]          g96066__1705  
                data_out[13]          g96080__1666  
                data_out[14]          g96069__7098  
                data_out[15]          g96079__2346  
                data_out[16]           FE_RC_656_0  
                data_out[17]           FE_RC_632_0  
                data_out[18]                g97259  
                data_out[19]                g97381  
                data_out[20]                g97033  
                data_out[21]                g97258  
                data_out[22]                g97257  
                data_out[23]                g97256  
                data_out[24]           FE_RC_630_0  
                data_out[25]                g97784  
                data_out[26]                g97841  
                data_out[27]                g97926  
                data_out[28]                g97927  
                data_out[29]                g97838  
                data_out[30]                g97840  
                data_out[31]                g98061  
                data_out[32]  FE_OCPC2275_data_out_32  
                data_out[33]                g19145  
                data_out[34]                g19146  
                data_out[35]          FE_RC_1158_0  
                data_out[36]           FE_RC_951_0  
                data_out[37]          g96030__6260  
                data_out[38]           FE_RC_861_0  
                data_out[39]            FE_RC_41_0  
                data_out[40]           FE_RC_261_0  
                data_out[41]          g96095__1705  
                data_out[42]          g96084__2398  
                data_out[43]          g96071__1881  
                data_out[44]          g96067__5122  
                data_out[45]          g96072__5115  
                data_out[46]          g96068__8246  
                data_out[47]          g96073__7482  
                data_out[48]                g97298  
                data_out[49]          FE_RC_1341_0  
                data_out[50]                g97296  
                data_out[51]                g97382  
                data_out[52]                g97032  
                data_out[53]                g97295  
                data_out[54]                g97303  
                data_out[55]                g97310  
                data_out[56]                g97340  
                data_out[57]                g97785  
                data_out[58]                g97842  
                data_out[59]                g97929  
                data_out[60]                g97928  
                data_out[61]                g97839  
                data_out[62]                g97843  
                data_out[63]                g98063  200  200  
# Pins: 
    ------------------------------
    Correctness of Pin Connectivity for All Instances
    ------------------------------
    # Floating Terms  0  
    # Output Term Marked Tie Hi/Lo  0  
    # Output Term Shorted to PG Net  0  36033  
# PG Pins: 
    ------------------------------
    Correctness of PG Pin Connectivity for All Instances
    ------------------------------
    # Instances that No Net Defined for Any PG Pin  0  
    # Floating PG Terms  0  
    # PG Pins Connect to Non-PG Net  0  
    # Power Pins Connect Ground Net  0  
    # Ground Pins Connect Power Net  0  24148  
Average Pins Per Net(Signal): 3.674  

==============================
General Library Information
==============================
# Routing Layers: 10  
# Masterslice Layers: 4  
# Pin Layers: 
    General Caution:
        1) Library have M1, M2 and M4 pins, you should setPlaceMode -prerouteAsObs {1 2 3}                                 to ensure these pins are accessible after placement

    ------------------------------
    Pin Layers
    ------------------------------
    M4  
    M2  
    M1  3  
# Layers: 
    ------------------------------
    Layer Pad Information
    ------------------------------
    Type  Routing  
    Wire Pitch X  16.000 um  
    Wire Pitch Y  16.000 um  
    Offset X  8.000 um  
    Offset Y  8.000 um  
    Wire Width  8.000 um  
    Spacing  8.000 um  
    ------------------------------
    Layer V9 Information
    ------------------------------
    Type  Cut  
    Wire Width  0.160 um  
    Vias  
        ------------------------------
        Via list in layer V9
        ------------------------------
                  Vias in V9  Default  
                     VIA9Pad      Yes  For complete list click here  
    Multiple Orientation Vias  CAUTION: There is only one default via in this layer  
    ------------------------------
    Layer M9 Information
    ------------------------------
    Type  Routing  
    Wire Pitch X  0.320 um  
    Wire Pitch Y  0.320 um  
    Offset X  0.160 um  
    Offset Y  0.160 um  
    Wire Width  0.160 um  
    Spacing  0.160 um  
    ------------------------------
    Layer V8 Information
    ------------------------------
    Type  Cut  
    Wire Width  0.160 um  
    Vias  
        ------------------------------
        Via list in layer V8
        ------------------------------
                  Vias in V8  Default  
                       VIA89      Yes  For complete list click here  
    Multiple Orientation Vias  CAUTION: There is only one default via in this layer  
    ------------------------------
    Layer M8 Information
    ------------------------------
    Type  Routing  
    Wire Pitch X  0.320 um  
    Wire Pitch Y  0.320 um  
    Offset X  0.160 um  
    Offset Y  0.160 um  
    Wire Width  0.160 um  
    Spacing  0.160 um  
    ------------------------------
    Layer V7 Information
    ------------------------------
    Type  Cut  
    Wire Width  0.128 um  
    Vias  
        ------------------------------
        Via list in layer V7
        ------------------------------
                  Vias in V7  Default  
                       VIA78      Yes  For complete list click here  
    Multiple Orientation Vias  CAUTION: There is only one default via in this layer  
    ------------------------------
    Layer M7 Information
    ------------------------------
    Type  Routing  
    Wire Pitch X  0.256 um  
    Wire Pitch Y  0.256 um  
    Offset X  0.128 um  
    Offset Y  0.128 um  
    Wire Width  0.128 um  
    Spacing  0.128 um  
    ------------------------------
    Layer V6 Information
    ------------------------------
    Type  Cut  
    Vias  
        ------------------------------
        Via list in layer V6
        ------------------------------
                  Vias in V6  Default  
                       VIA67      Yes  For complete list click here  
    Multiple Orientation Vias  CAUTION: There is only one default via in this layer  
    ------------------------------
    Layer M6 Information
    ------------------------------
    Type  Routing  
    Wire Pitch X  0.256 um  
    Wire Pitch Y  0.256 um  
    Offset X  0.128 um  
    Offset Y  0.128 um  
    Wire Width  0.128 um  
    Spacing  0.128 um  
    ------------------------------
    Layer V5 Information
    ------------------------------
    Type  Cut  
    Vias  
        ------------------------------
        Via list in layer V5
        ------------------------------
                  Vias in V5  Default  
                       VIA56      Yes  For complete list click here  
    Multiple Orientation Vias  CAUTION: There is only one default via in this layer  
    ------------------------------
    Layer M5 Information
    ------------------------------
    Type  Routing  
    Wire Pitch X  0.192 um  
    Wire Pitch Y  0.192 um  
    Wire Width  0.096 um  
    Spacing  0.096 um  
    ------------------------------
    Layer V4 Information
    ------------------------------
    Type  Cut  
    Vias  
        ------------------------------
        Via list in layer V4
        ------------------------------
                  Vias in V4  Default  
                       VIA45      Yes  For complete list click here  
    Multiple Orientation Vias  CAUTION: There is only one default via in this layer  
    ------------------------------
    Layer M4 Information
    ------------------------------
    Type  Routing  
    Wire Pitch X  0.192 um  
    Wire Pitch Y  0.192 um  
    Offset X  0.012 um  
    Offset Y  0.012 um  
    Wire Width  0.096 um  
    Spacing  0.096 um  
    ------------------------------
    Layer V3 Information
    ------------------------------
    Type  Cut  
    Vias  
        ------------------------------
        Via list in layer V3
        ------------------------------
                  Vias in V3  Default  
                       VIA34      Yes  For complete list click here  
    Multiple Orientation Vias  CAUTION: There is only one default via in this layer  
    ------------------------------
    Layer M3 Information
    ------------------------------
    Type  Routing  
    Wire Pitch X  0.144 um  
    Wire Pitch Y  0.144 um  
    Wire Width  0.072 um  
    Spacing  0.072 um  
    ------------------------------
    Layer V2 Information
    ------------------------------
    Type  Cut  
    Wire Width  0.072 um  
    Vias  
        ------------------------------
        Via list in layer V2
        ------------------------------
                  Vias in V2  Default  
                       VIA23      Yes  For complete list click here  
    Multiple Orientation Vias  CAUTION: There is only one default via in this layer  
    ------------------------------
    Layer M2 Information
    ------------------------------
    Type  Routing  
    Wire Pitch X  0.144 um  
    Wire Pitch Y  0.144 um  
    Wire Width  0.072 um  
    Spacing  0.072 um  
    ------------------------------
    Layer V1 Information
    ------------------------------
    Type  Cut  
    Wire Width  0.072 um  
    Vias  
        ------------------------------
        Via list in layer V1
        ------------------------------
                  Vias in V1  Default  
                       VIA12      Yes  For complete list click here  
    Multiple Orientation Vias  CAUTION: There is only one default via in this layer  
    ------------------------------
    Layer M1 Information
    ------------------------------
    Type  Routing  
    Wire Pitch X  0.144 um  
    Wire Pitch Y  0.144 um  
    Wire Width  0.072 um  
    Spacing  0.072 um  
    ------------------------------
    Layer V0 Information
    ------------------------------
    Type  Cut  
    Wire Width  0.072 um  
    Vias  
        ------------------------------
        Via list in layer V0
        ------------------------------  
    ------------------------------
    Layer Active Information
    ------------------------------
    Type  Masterslice  
    ------------------------------
    Layer Gate Information
    ------------------------------
    Type  Masterslice  
    ------------------------------
    Layer OVERLAP Information
    ------------------------------
    Type  Overlap  25  
# Pins without Physical Port: 0  
# Pins in Library without Timing Lib: 0  
# Pins Missing Direction: 0  
Antenna Summary Report: 
    General Caution:
        1) All Antenna Constructs are absent for the layer section of LEF.
        2) All Antenna Constructs are absent for the macro section of LEF.For more information click here  
# Cells Missing LEF Info: 0  
# Cells with Dimension Errors: 0  

==============================
Netlist Information
==============================
# HFO (>200) Nets: 0  
# No-driven Nets: 41  
    General Caution:
        1) TODO
    No-driven Nets  
    randomize_FO_sched_FIi2_S9_b_out[7]  
    randomize_FO_sched_FIi2_S9_b_out[8]  
    KL1[2]  
    KL1[5]  
    KL1[6]  
    KL1[12]  
    KL1[15]  
    KL1[16]  
    KL1[17]  
    KL1[18]  
    KL1[19]  
    KL1[20]  
    KL1[21]  
    KL1[22]  
    KL1[23]  
    KL1[24]  
    KL1[25]  
    KL1[26]  
    KL1[27]  
    KL1[28]  
    KL1[29]  
    KL1[30]  
    KL1[31]  
    KL2[6]  
    KL2[8]  
    KL2[14]  
    randomize_FO_sched_FIi2_S9_a_out[7]  
    randomize_FO_sched_FIi2_S9_a_out[8]  
    randomize_FO_sched_FIi2_in[7]  
    randomize_FO_sched_FIi2_in[9]  
    randomize_FO_sched_FIi2_in[12]  
    randomize_FO_sched_FIi2_in[13]  
    randomize_FO_sched_FIi2_in[14]  
    randomize_FO_sched_FIi2_round1_9bit[4]  
    randomize_FO_sched_FIi2_round1_9bit[5]  
    randomize_FO_sched_FIi2_round1_9bit[6]  
    randomize_FO_sched_FIi2_round2_9bit[1]  
    randomize_FO_sched_FIi2_round2_9bit[3]  
    randomize_FO_sched_FIi2_round2_9bit[4]  
    randomize_FO_sched_FIi2_round2_9bit[5]  
    randomize_FO_sched_FIi2_round2_9bit[8]  
# Multi-driven Nets: 0  
# Assign Statements: 0  
Is Design Uniquified: YES  
# Pins in Netlist without timing lib: 0  

==============================

==============================
: Internal  External  
No of Nets:       9764           0  
No of Connections:      26469           0  
Total Net Length (X): 9.2315e+04  0.0000e+00  
Total Net Length (Y): 7.9570e+04  0.0000e+00  
Total Net Length: 1.7189e+05  0.0000e+00  

==============================
Timing Information
==============================
# Clocks in design: 
    ------------------------------
    Clocks in Design
    ------------------------------
    view_tc/clk  1  
# Generated clocks: 0  
# "dont_use" cells from .libs: 0  
# "dont_touch" cells from .libs: 0  
# Cells in .lib with max_tran: 
    ------------------------------
    Cell List with max_tran
    ------------------------------
               Cell Name  Max Transition (ps)  
    A2O1A1Ixp33_ASAP7_75t_L  320  
    A2O1A1O1Ixp25_ASAP7_75t_L  320  
      AND2x2_ASAP7_75t_L  4000  
      AND2x4_ASAP7_75t_L  4000  
      AND2x6_ASAP7_75t_L  4000  
      AND3x1_ASAP7_75t_L  4000  
      AND3x2_ASAP7_75t_L  4000  
      AND3x4_ASAP7_75t_L  4000  
      AND4x1_ASAP7_75t_L  4000  
      AND4x2_ASAP7_75t_L  4000  
      AND5x1_ASAP7_75t_L  4000  
      AND5x2_ASAP7_75t_L  4000  
     AO211x2_ASAP7_75t_L  320  
      AO21x1_ASAP7_75t_L  320  
      AO21x2_ASAP7_75t_L  320  
     AO221x1_ASAP7_75t_L  320  
     AO221x2_ASAP7_75t_L  320  
     AO222x2_ASAP7_75t_L  320  
      AO22x1_ASAP7_75t_L  320  
      AO22x2_ASAP7_75t_L  320  
      AO31x2_ASAP7_75t_L  320  
     AO322x2_ASAP7_75t_L  320  
      AO32x1_ASAP7_75t_L  320  
      AO32x2_ASAP7_75t_L  320  
     AO331x1_ASAP7_75t_L  320  
     AO331x2_ASAP7_75t_L  320  
     AO332x1_ASAP7_75t_L  320  
     AO332x2_ASAP7_75t_L  320  
     AO333x1_ASAP7_75t_L  320  
     AO333x2_ASAP7_75t_L  320  
      AO33x2_ASAP7_75t_L  320  
    AOI211x1_ASAP7_75t_L  320  
    AOI211xp5_ASAP7_75t_L  320  
     AOI21x1_ASAP7_75t_L  320  
    AOI21xp33_ASAP7_75t_L  320  
    AOI21xp5_ASAP7_75t_L  320  
    AOI221x1_ASAP7_75t_L  320  
    AOI221xp5_ASAP7_75t_L  320  
    AOI222xp33_ASAP7_75t_L  320  
     AOI22x1_ASAP7_75t_L  320  
    AOI22xp33_ASAP7_75t_L  320  
    AOI22xp5_ASAP7_75t_L  320  
    AOI311xp33_ASAP7_75t_L  320  
    AOI31xp33_ASAP7_75t_L  320  
    AOI31xp67_ASAP7_75t_L  320  
    AOI321xp33_ASAP7_75t_L  320  
    AOI322xp5_ASAP7_75t_L  320  
    AOI32xp33_ASAP7_75t_L  320  
    AOI331xp33_ASAP7_75t_L  320  
    AOI332xp33_ASAP7_75t_L  320  
    AOI333xp33_ASAP7_75t_L  320  
    AOI33xp33_ASAP7_75t_L  320  
      BUFx10_ASAP7_75t_L  320  
      BUFx12_ASAP7_75t_L  320  
     BUFx12f_ASAP7_75t_L  320  
     BUFx16f_ASAP7_75t_L  320  
      BUFx24_ASAP7_75t_L  320  
       BUFx2_ASAP7_75t_L  320  
       BUFx3_ASAP7_75t_L  320  
       BUFx4_ASAP7_75t_L  320  
      BUFx4f_ASAP7_75t_L  320  
       BUFx5_ASAP7_75t_L  320  
      BUFx6f_ASAP7_75t_L  320  
       BUFx8_ASAP7_75t_L  320  
    CKINVDCx10_ASAP7_75t_L  320  
    CKINVDCx11_ASAP7_75t_L  320  
    CKINVDCx12_ASAP7_75t_L  320  
    CKINVDCx14_ASAP7_75t_L  320  
    CKINVDCx16_ASAP7_75t_L  320  
    CKINVDCx20_ASAP7_75t_L  320  
    CKINVDCx5p33_ASAP7_75t_L  320  
    CKINVDCx6p67_ASAP7_75t_L  320  
    CKINVDCx8_ASAP7_75t_L  320  
    CKINVDCx9p33_ASAP7_75t_L  320  
    DFFASRHQNx1_ASAP7_75t_L  320  
    DFFHQNx1_ASAP7_75t_L  320  
    DFFHQNx2_ASAP7_75t_L  320  
    DFFHQNx3_ASAP7_75t_L  320  
     DFFHQx4_ASAP7_75t_L  320  
    DFFLQNx1_ASAP7_75t_L  320  
    DFFLQNx2_ASAP7_75t_L  320  
    DFFLQNx3_ASAP7_75t_L  320  
     DFFLQx4_ASAP7_75t_L  320  
       DHLx1_ASAP7_75t_L  320  
       DHLx2_ASAP7_75t_L  320  
       DHLx3_ASAP7_75t_L  320  
       DLLx1_ASAP7_75t_L  320  
       DLLx2_ASAP7_75t_L  320  
       DLLx3_ASAP7_75t_L  320  
        FAx1_ASAP7_75t_L  4000  
       HAxp5_ASAP7_75t_L  4000  
     HB1xp67_ASAP7_75t_L  320  
     HB2xp67_ASAP7_75t_L  320  
     HB3xp67_ASAP7_75t_L  320  
     HB4xp67_ASAP7_75t_L  320  
       ICGx1_ASAP7_75t_L  320  
       ICGx2_ASAP7_75t_L  320  
    ICGx2p67DC_ASAP7_75t_L  320  
       ICGx3_ASAP7_75t_L  320  
     ICGx4DC_ASAP7_75t_L  320  
       ICGx4_ASAP7_75t_L  320  
       ICGx5_ASAP7_75t_L  320  
    ICGx5p33DC_ASAP7_75t_L  320  
    ICGx6p67DC_ASAP7_75t_L  320  
     ICGx8DC_ASAP7_75t_L  320  
      INVx11_ASAP7_75t_L  320  
      INVx13_ASAP7_75t_L  320  
       INVx1_ASAP7_75t_L  320  
       INVx2_ASAP7_75t_L  320  
       INVx3_ASAP7_75t_L  320  
       INVx4_ASAP7_75t_L  320  
       INVx5_ASAP7_75t_L  320  
       INVx6_ASAP7_75t_L  320  
       INVx8_ASAP7_75t_L  320  
     INVxp33_ASAP7_75t_L  320  
     INVxp67_ASAP7_75t_L  320  
     MAJIxp5_ASAP7_75t_L  4000  
       MAJx2_ASAP7_75t_L  4000  
       MAJx3_ASAP7_75t_L  4000  
     NAND2x1_ASAP7_75t_L  4000  
    NAND2x1p5_ASAP7_75t_L  4000  
     NAND2x2_ASAP7_75t_L  4000  
    NAND2xp33_ASAP7_75t_L  4000  
    NAND2xp5_ASAP7_75t_L  4000  
    NAND2xp67_ASAP7_75t_L  4000  
     NAND3x1_ASAP7_75t_L  4000  
     NAND3x2_ASAP7_75t_L  4000  
    NAND3xp33_ASAP7_75t_L  4000  
    NAND4xp25_ASAP7_75t_L  4000  
    NAND4xp75_ASAP7_75t_L  4000  
    NAND5xp2_ASAP7_75t_L  4000  
      NOR2x1_ASAP7_75t_L  4000  
    NOR2x1p5_ASAP7_75t_L  4000  
      NOR2x2_ASAP7_75t_L  4000  
    NOR2xp33_ASAP7_75t_L  4000  
    NOR2xp67_ASAP7_75t_L  4000  
      NOR3x1_ASAP7_75t_L  4000  
      NOR3x2_ASAP7_75t_L  4000  
    NOR3xp33_ASAP7_75t_L  4000  
    NOR4xp25_ASAP7_75t_L  4000  
    NOR4xp75_ASAP7_75t_L  4000  
     NOR5xp2_ASAP7_75t_L  4000  
    O2A1O1Ixp33_ASAP7_75t_L  320  
    O2A1O1Ixp5_ASAP7_75t_L  320  
     OA211x2_ASAP7_75t_L  320  
      OA21x2_ASAP7_75t_L  320  
     OA221x2_ASAP7_75t_L  320  
     OA222x2_ASAP7_75t_L  320  
      OA22x2_ASAP7_75t_L  320  
      OA31x2_ASAP7_75t_L  320  
     OA331x1_ASAP7_75t_L  320  
     OA331x2_ASAP7_75t_L  320  
     OA332x1_ASAP7_75t_L  320  
     OA332x2_ASAP7_75t_L  320  
     OA333x1_ASAP7_75t_L  320  
     OA333x2_ASAP7_75t_L  320  
      OA33x2_ASAP7_75t_L  320  
    OAI211xp5_ASAP7_75t_L  320  
     OAI21x1_ASAP7_75t_L  320  
    OAI21xp33_ASAP7_75t_L  320  
    OAI21xp5_ASAP7_75t_L  320  
    OAI221xp5_ASAP7_75t_L  320  
    OAI222xp33_ASAP7_75t_L  320  
     OAI22x1_ASAP7_75t_L  320  
    OAI22xp33_ASAP7_75t_L  320  
    OAI22xp5_ASAP7_75t_L  320  
    OAI311xp33_ASAP7_75t_L  320  
    OAI31xp33_ASAP7_75t_L  320  
    OAI31xp67_ASAP7_75t_L  320  
    OAI321xp33_ASAP7_75t_L  320  
    OAI322xp33_ASAP7_75t_L  320  
    OAI32xp33_ASAP7_75t_L  320  
    OAI331xp33_ASAP7_75t_L  320  
    OAI332xp33_ASAP7_75t_L  320  
    OAI333xp33_ASAP7_75t_L  320  
    OAI33xp33_ASAP7_75t_L  320  
       OR2x2_ASAP7_75t_L  4000  
       OR2x4_ASAP7_75t_L  4000  
       OR2x6_ASAP7_75t_L  4000  
       OR3x1_ASAP7_75t_L  4000  
       OR3x2_ASAP7_75t_L  4000  
       OR3x4_ASAP7_75t_L  4000  
       OR4x1_ASAP7_75t_L  4000  
       OR4x2_ASAP7_75t_L  4000  
       OR5x1_ASAP7_75t_L  4000  
       OR5x2_ASAP7_75t_L  4000  
      SDFHx1_ASAP7_75t_L  320  
      SDFHx2_ASAP7_75t_L  320  
      SDFHx3_ASAP7_75t_L  320  
      SDFHx4_ASAP7_75t_L  320  
      SDFLx1_ASAP7_75t_L  320  
      SDFLx2_ASAP7_75t_L  320  
      SDFLx3_ASAP7_75t_L  320  
      SDFLx4_ASAP7_75t_L  320  
     TIEHIx1_ASAP7_75t_L  4000  
     TIELOx1_ASAP7_75t_L  4000  
     XNOR2x1_ASAP7_75t_L  4000  
     XNOR2x2_ASAP7_75t_L  4000  
    XNOR2xp5_ASAP7_75t_L  4000  
      XOR2x1_ASAP7_75t_L  4000  
      XOR2x2_ASAP7_75t_L  4000  
     XOR2xp5_ASAP7_75t_L  4000  
    A2O1A1Ixp33_ASAP7_75t_SL  320  
    A2O1A1O1Ixp25_ASAP7_75t_SL  320  
     AND2x2_ASAP7_75t_SL  4000  
     AND2x4_ASAP7_75t_SL  4000  
     AND2x6_ASAP7_75t_SL  4000  
     AND3x1_ASAP7_75t_SL  4000  
     AND3x2_ASAP7_75t_SL  4000  
     AND3x4_ASAP7_75t_SL  4000  
     AND4x1_ASAP7_75t_SL  4000  
     AND4x2_ASAP7_75t_SL  4000  
     AND5x1_ASAP7_75t_SL  4000  
     AND5x2_ASAP7_75t_SL  4000  
    AO211x2_ASAP7_75t_SL  320  
     AO21x1_ASAP7_75t_SL  320  
     AO21x2_ASAP7_75t_SL  320  
    AO221x1_ASAP7_75t_SL  320  
    AO221x2_ASAP7_75t_SL  320  
    AO222x2_ASAP7_75t_SL  320  
     AO22x1_ASAP7_75t_SL  320  
     AO22x2_ASAP7_75t_SL  320  
     AO31x2_ASAP7_75t_SL  320  
    AO322x2_ASAP7_75t_SL  320  
     AO32x1_ASAP7_75t_SL  320  
     AO32x2_ASAP7_75t_SL  320  
    AO331x1_ASAP7_75t_SL  320  
    AO331x2_ASAP7_75t_SL  320  
    AO332x1_ASAP7_75t_SL  320  
    AO332x2_ASAP7_75t_SL  320  
    AO333x1_ASAP7_75t_SL  320  
    AO333x2_ASAP7_75t_SL  320  
     AO33x2_ASAP7_75t_SL  320  
    AOI211x1_ASAP7_75t_SL  320  
    AOI211xp5_ASAP7_75t_SL  320  
    AOI21x1_ASAP7_75t_SL  320  
    AOI21xp33_ASAP7_75t_SL  320  
    AOI21xp5_ASAP7_75t_SL  320  
    AOI221x1_ASAP7_75t_SL  320  
    AOI221xp5_ASAP7_75t_SL  320  
    AOI222xp33_ASAP7_75t_SL  320  
    AOI22x1_ASAP7_75t_SL  320  
    AOI22xp33_ASAP7_75t_SL  320  
    AOI22xp5_ASAP7_75t_SL  320  
    AOI311xp33_ASAP7_75t_SL  320  
    AOI31xp33_ASAP7_75t_SL  320  
    AOI31xp67_ASAP7_75t_SL  320  
    AOI321xp33_ASAP7_75t_SL  320  
    AOI322xp5_ASAP7_75t_SL  320  
    AOI32xp33_ASAP7_75t_SL  320  
    AOI331xp33_ASAP7_75t_SL  320  
    AOI332xp33_ASAP7_75t_SL  320  
    AOI333xp33_ASAP7_75t_SL  320  
    AOI33xp33_ASAP7_75t_SL  320  
     BUFx10_ASAP7_75t_SL  320  
     BUFx12_ASAP7_75t_SL  320  
    BUFx12f_ASAP7_75t_SL  320  
    BUFx16f_ASAP7_75t_SL  320  
     BUFx24_ASAP7_75t_SL  320  
      BUFx2_ASAP7_75t_SL  320  
      BUFx3_ASAP7_75t_SL  320  
      BUFx4_ASAP7_75t_SL  320  
     BUFx4f_ASAP7_75t_SL  320  
      BUFx5_ASAP7_75t_SL  320  
     BUFx6f_ASAP7_75t_SL  320  
      BUFx8_ASAP7_75t_SL  320  
    CKINVDCx10_ASAP7_75t_SL  320  
    CKINVDCx11_ASAP7_75t_SL  320  
    CKINVDCx12_ASAP7_75t_SL  320  
    CKINVDCx14_ASAP7_75t_SL  320  
    CKINVDCx16_ASAP7_75t_SL  320  
    CKINVDCx20_ASAP7_75t_SL  320  
    CKINVDCx5p33_ASAP7_75t_SL  320  
    CKINVDCx6p67_ASAP7_75t_SL  320  
    CKINVDCx8_ASAP7_75t_SL  320  
    CKINVDCx9p33_ASAP7_75t_SL  320  
    DFFASRHQNx1_ASAP7_75t_SL  320  
    DFFHQNx1_ASAP7_75t_SL  320  
    DFFHQNx2_ASAP7_75t_SL  320  
    DFFHQNx3_ASAP7_75t_SL  320  
    DFFHQx4_ASAP7_75t_SL  320  
    DFFLQNx1_ASAP7_75t_SL  320  
    DFFLQNx2_ASAP7_75t_SL  320  
    DFFLQNx3_ASAP7_75t_SL  320  
    DFFLQx4_ASAP7_75t_SL  320  
      DHLx1_ASAP7_75t_SL  320  
      DHLx2_ASAP7_75t_SL  320  
      DHLx3_ASAP7_75t_SL  320  
      DLLx1_ASAP7_75t_SL  320  
      DLLx2_ASAP7_75t_SL  320  
      DLLx3_ASAP7_75t_SL  320  
       FAx1_ASAP7_75t_SL  4000  
      HAxp5_ASAP7_75t_SL  4000  
    HB1xp67_ASAP7_75t_SL  320  
    HB2xp67_ASAP7_75t_SL  320  
    HB3xp67_ASAP7_75t_SL  320  
    HB4xp67_ASAP7_75t_SL  320  
      ICGx1_ASAP7_75t_SL  320  
      ICGx2_ASAP7_75t_SL  320  
    ICGx2p67DC_ASAP7_75t_SL  320  
      ICGx3_ASAP7_75t_SL  320  
    ICGx4DC_ASAP7_75t_SL  320  
      ICGx4_ASAP7_75t_SL  320  
      ICGx5_ASAP7_75t_SL  320  
    ICGx5p33DC_ASAP7_75t_SL  320  
    ICGx6p67DC_ASAP7_75t_SL  320  
    ICGx8DC_ASAP7_75t_SL  320  
     INVx11_ASAP7_75t_SL  320  
     INVx13_ASAP7_75t_SL  320  
      INVx1_ASAP7_75t_SL  320  
      INVx2_ASAP7_75t_SL  320  
      INVx3_ASAP7_75t_SL  320  
      INVx4_ASAP7_75t_SL  320  
      INVx5_ASAP7_75t_SL  320  
      INVx6_ASAP7_75t_SL  320  
      INVx8_ASAP7_75t_SL  320  
    INVxp33_ASAP7_75t_SL  320  
    INVxp67_ASAP7_75t_SL  320  
    MAJIxp5_ASAP7_75t_SL  4000  
      MAJx2_ASAP7_75t_SL  4000  
      MAJx3_ASAP7_75t_SL  4000  
    NAND2x1_ASAP7_75t_SL  4000  
    NAND2x1p5_ASAP7_75t_SL  4000  
    NAND2x2_ASAP7_75t_SL  4000  
    NAND2xp33_ASAP7_75t_SL  4000  
    NAND2xp5_ASAP7_75t_SL  4000  
    NAND2xp67_ASAP7_75t_SL  4000  
    NAND3x1_ASAP7_75t_SL  4000  
    NAND3x2_ASAP7_75t_SL  4000  
    NAND3xp33_ASAP7_75t_SL  4000  
    NAND4xp25_ASAP7_75t_SL  4000  
    NAND4xp75_ASAP7_75t_SL  4000  
    NAND5xp2_ASAP7_75t_SL  4000  
     NOR2x1_ASAP7_75t_SL  4000  
    NOR2x1p5_ASAP7_75t_SL  4000  
     NOR2x2_ASAP7_75t_SL  4000  
    NOR2xp33_ASAP7_75t_SL  4000  
    NOR2xp67_ASAP7_75t_SL  4000  
     NOR3x1_ASAP7_75t_SL  4000  
     NOR3x2_ASAP7_75t_SL  4000  
    NOR3xp33_ASAP7_75t_SL  4000  
    NOR4xp25_ASAP7_75t_SL  4000  
    NOR4xp75_ASAP7_75t_SL  4000  
    NOR5xp2_ASAP7_75t_SL  4000  
    O2A1O1Ixp33_ASAP7_75t_SL  320  
    O2A1O1Ixp5_ASAP7_75t_SL  320  
    OA211x2_ASAP7_75t_SL  320  
     OA21x2_ASAP7_75t_SL  320  
    OA221x2_ASAP7_75t_SL  320  
    OA222x2_ASAP7_75t_SL  320  
     OA22x2_ASAP7_75t_SL  320  
     OA31x2_ASAP7_75t_SL  320  
    OA331x1_ASAP7_75t_SL  320  
    OA331x2_ASAP7_75t_SL  320  
    OA332x1_ASAP7_75t_SL  320  
    OA332x2_ASAP7_75t_SL  320  
    OA333x1_ASAP7_75t_SL  320  
    OA333x2_ASAP7_75t_SL  320  
     OA33x2_ASAP7_75t_SL  320  
    OAI211xp5_ASAP7_75t_SL  320  
    OAI21x1_ASAP7_75t_SL  320  
    OAI21xp33_ASAP7_75t_SL  320  
    OAI21xp5_ASAP7_75t_SL  320  
    OAI221xp5_ASAP7_75t_SL  320  
    OAI222xp33_ASAP7_75t_SL  320  
    OAI22x1_ASAP7_75t_SL  320  
    OAI22xp33_ASAP7_75t_SL  320  
    OAI22xp5_ASAP7_75t_SL  320  
    OAI311xp33_ASAP7_75t_SL  320  
    OAI31xp33_ASAP7_75t_SL  320  
    OAI31xp67_ASAP7_75t_SL  320  
    OAI321xp33_ASAP7_75t_SL  320  
    OAI322xp33_ASAP7_75t_SL  320  
    OAI32xp33_ASAP7_75t_SL  320  
    OAI331xp33_ASAP7_75t_SL  320  
    OAI332xp33_ASAP7_75t_SL  320  
    OAI333xp33_ASAP7_75t_SL  320  
    OAI33xp33_ASAP7_75t_SL  320  
      OR2x2_ASAP7_75t_SL  4000  
      OR2x4_ASAP7_75t_SL  4000  
      OR2x6_ASAP7_75t_SL  4000  
      OR3x1_ASAP7_75t_SL  4000  
      OR3x2_ASAP7_75t_SL  4000  
      OR3x4_ASAP7_75t_SL  4000  
      OR4x1_ASAP7_75t_SL  4000  
      OR4x2_ASAP7_75t_SL  4000  
      OR5x1_ASAP7_75t_SL  4000  
      OR5x2_ASAP7_75t_SL  4000  
     SDFHx1_ASAP7_75t_SL  320  
     SDFHx2_ASAP7_75t_SL  320  
     SDFHx3_ASAP7_75t_SL  320  
     SDFHx4_ASAP7_75t_SL  320  
     SDFLx1_ASAP7_75t_SL  320  
     SDFLx2_ASAP7_75t_SL  320  
     SDFLx3_ASAP7_75t_SL  320  
     SDFLx4_ASAP7_75t_SL  320  
    TIEHIx1_ASAP7_75t_SL  4000  
    TIELOx1_ASAP7_75t_SL  4000  
    XNOR2x1_ASAP7_75t_SL  4000  
    XNOR2x2_ASAP7_75t_SL  4000  
    XNOR2xp5_ASAP7_75t_SL  4000  
     XOR2x1_ASAP7_75t_SL  4000  
     XOR2x2_ASAP7_75t_SL  4000  
    XOR2xp5_ASAP7_75t_SL  4000  404  
# Cells in .lib with max_cap: 
    ------------------------------
    Cell List with max_cap
    ------------------------------
               Cell Name  Max Capacitance (pf)  
    A2O1A1Ixp33_ASAP7_75t_L  0.023040  
    A2O1A1O1Ixp25_ASAP7_75t_L  0.023040  
      AND2x2_ASAP7_75t_L  0.092160  
      AND2x4_ASAP7_75t_L  0.184320  
      AND2x6_ASAP7_75t_L  0.368640  
      AND3x1_ASAP7_75t_L  0.046080  
      AND3x2_ASAP7_75t_L  0.092160  
      AND3x4_ASAP7_75t_L  0.184320  
      AND4x1_ASAP7_75t_L  0.046080  
      AND4x2_ASAP7_75t_L  0.092160  
      AND5x1_ASAP7_75t_L  0.368640  
      AND5x2_ASAP7_75t_L  0.368640  
     AO211x2_ASAP7_75t_L  0.092160  
      AO21x1_ASAP7_75t_L  0.046080  
      AO21x2_ASAP7_75t_L  0.092160  
     AO221x1_ASAP7_75t_L  0.046080  
     AO221x2_ASAP7_75t_L  0.092160  
     AO222x2_ASAP7_75t_L  0.092160  
      AO22x1_ASAP7_75t_L  0.046080  
      AO22x2_ASAP7_75t_L  0.092160  
      AO31x2_ASAP7_75t_L  0.092160  
     AO322x2_ASAP7_75t_L  0.092160  
      AO32x1_ASAP7_75t_L  0.046080  
      AO32x2_ASAP7_75t_L  0.092160  
     AO331x1_ASAP7_75t_L  0.046080  
     AO331x2_ASAP7_75t_L  0.092160  
     AO332x1_ASAP7_75t_L  0.046080  
     AO332x2_ASAP7_75t_L  0.092160  
     AO333x1_ASAP7_75t_L  0.046080  
     AO333x2_ASAP7_75t_L  0.092160  
      AO33x2_ASAP7_75t_L  0.092160  
    AOI211x1_ASAP7_75t_L  0.046080  
    AOI211xp5_ASAP7_75t_L  0.023040  
     AOI21x1_ASAP7_75t_L  0.023040  
    AOI21xp33_ASAP7_75t_L  0.023040  
    AOI21xp5_ASAP7_75t_L  0.023040  
    AOI221x1_ASAP7_75t_L  0.046080  
    AOI221xp5_ASAP7_75t_L  0.023040  
    AOI222xp33_ASAP7_75t_L  0.023040  
     AOI22x1_ASAP7_75t_L  0.046080  
    AOI22xp33_ASAP7_75t_L  0.023040  
    AOI22xp5_ASAP7_75t_L  0.023040  
    AOI311xp33_ASAP7_75t_L  0.023040  
    AOI31xp33_ASAP7_75t_L  0.023040  
    AOI31xp67_ASAP7_75t_L  0.023040  
    AOI321xp33_ASAP7_75t_L  0.023040  
    AOI322xp5_ASAP7_75t_L  0.023040  
    AOI32xp33_ASAP7_75t_L  0.023040  
    AOI331xp33_ASAP7_75t_L  0.023040  
    AOI332xp33_ASAP7_75t_L  0.023040  
    AOI333xp33_ASAP7_75t_L  0.023040  
    AOI33xp33_ASAP7_75t_L  0.023040  
      BUFx10_ASAP7_75t_L  0.368640  
      BUFx12_ASAP7_75t_L  0.368640  
     BUFx12f_ASAP7_75t_L  0.368640  
     BUFx16f_ASAP7_75t_L  0.737280  
      BUFx24_ASAP7_75t_L  1.474560  
       BUFx2_ASAP7_75t_L  0.092160  
       BUFx3_ASAP7_75t_L  0.092160  
       BUFx4_ASAP7_75t_L  0.184320  
      BUFx4f_ASAP7_75t_L  0.184320  
       BUFx5_ASAP7_75t_L  0.184320  
      BUFx6f_ASAP7_75t_L  0.184320  
       BUFx8_ASAP7_75t_L  0.368640  
    CKINVDCx10_ASAP7_75t_L  0.737280  
    CKINVDCx11_ASAP7_75t_L  0.737280  
    CKINVDCx12_ASAP7_75t_L  0.737280  
    CKINVDCx14_ASAP7_75t_L  0.737280  
    CKINVDCx16_ASAP7_75t_L  0.737280  
    CKINVDCx20_ASAP7_75t_L  0.737280  
    CKINVDCx5p33_ASAP7_75t_L  0.184320  
    CKINVDCx6p67_ASAP7_75t_L  0.368640  
    CKINVDCx8_ASAP7_75t_L  0.368640  
    CKINVDCx9p33_ASAP7_75t_L  0.368640  
    DFFASRHQNx1_ASAP7_75t_L  0.046080  
    DFFHQNx1_ASAP7_75t_L  0.046080  
    DFFHQNx2_ASAP7_75t_L  0.092160  
    DFFHQNx3_ASAP7_75t_L  0.092160  
     DFFHQx4_ASAP7_75t_L  0.092160  
    DFFLQNx1_ASAP7_75t_L  0.046080  
    DFFLQNx2_ASAP7_75t_L  0.092160  
    DFFLQNx3_ASAP7_75t_L  0.092160  
     DFFLQx4_ASAP7_75t_L  0.184320  
       DHLx1_ASAP7_75t_L  0.046080  
       DHLx2_ASAP7_75t_L  0.092160  
       DHLx3_ASAP7_75t_L  0.092160  
       DLLx1_ASAP7_75t_L  0.046080  
       DLLx2_ASAP7_75t_L  0.092160  
       DLLx3_ASAP7_75t_L  0.092160  
        FAx1_ASAP7_75t_L  0.046080  
       HAxp5_ASAP7_75t_L  0.023040  
     HB1xp67_ASAP7_75t_L  0.023040  
     HB2xp67_ASAP7_75t_L  0.023040  
     HB3xp67_ASAP7_75t_L  0.023040  
     HB4xp67_ASAP7_75t_L  0.023040  
       ICGx1_ASAP7_75t_L  0.046080  
       ICGx2_ASAP7_75t_L  0.092160  
    ICGx2p67DC_ASAP7_75t_L  0.092160  
       ICGx3_ASAP7_75t_L  0.092160  
     ICGx4DC_ASAP7_75t_L  0.092160  
       ICGx4_ASAP7_75t_L  0.092160  
       ICGx5_ASAP7_75t_L  0.092160  
    ICGx5p33DC_ASAP7_75t_L  0.092160  
    ICGx6p67DC_ASAP7_75t_L  0.092160  
     ICGx8DC_ASAP7_75t_L  0.092160  
      INVx11_ASAP7_75t_L  0.368640  
      INVx13_ASAP7_75t_L  0.737280  
       INVx1_ASAP7_75t_L  0.046080  
       INVx2_ASAP7_75t_L  0.092160  
       INVx3_ASAP7_75t_L  0.092160  
       INVx4_ASAP7_75t_L  0.184320  
       INVx5_ASAP7_75t_L  0.184320  
       INVx6_ASAP7_75t_L  0.368640  
       INVx8_ASAP7_75t_L  0.368640  
     INVxp33_ASAP7_75t_L  0.023040  
     INVxp67_ASAP7_75t_L  0.023040  
     MAJIxp5_ASAP7_75t_L  0.023040  
       MAJx2_ASAP7_75t_L  0.092160  
       MAJx3_ASAP7_75t_L  0.092160  
     NAND2x1_ASAP7_75t_L  0.046080  
    NAND2x1p5_ASAP7_75t_L  0.023040  
     NAND2x2_ASAP7_75t_L  0.092160  
    NAND2xp33_ASAP7_75t_L  0.023040  
    NAND2xp5_ASAP7_75t_L  0.023040  
    NAND2xp67_ASAP7_75t_L  0.046080  
     NAND3x1_ASAP7_75t_L  0.046080  
     NAND3x2_ASAP7_75t_L  0.092160  
    NAND3xp33_ASAP7_75t_L  0.023040  
    NAND4xp25_ASAP7_75t_L  0.023040  
    NAND4xp75_ASAP7_75t_L  0.046080  
    NAND5xp2_ASAP7_75t_L  0.092160  
      NOR2x1_ASAP7_75t_L  0.046080  
    NOR2x1p5_ASAP7_75t_L  0.092160  
      NOR2x2_ASAP7_75t_L  0.092160  
    NOR2xp33_ASAP7_75t_L  0.023040  
    NOR2xp67_ASAP7_75t_L  0.046080  
      NOR3x1_ASAP7_75t_L  0.046080  
      NOR3x2_ASAP7_75t_L  0.092160  
    NOR3xp33_ASAP7_75t_L  0.023040  
    NOR4xp25_ASAP7_75t_L  0.023040  
    NOR4xp75_ASAP7_75t_L  0.046080  
     NOR5xp2_ASAP7_75t_L  0.023040  
    O2A1O1Ixp33_ASAP7_75t_L  0.023040  
    O2A1O1Ixp5_ASAP7_75t_L  0.023040  
     OA211x2_ASAP7_75t_L  0.092160  
      OA21x2_ASAP7_75t_L  0.092160  
     OA221x2_ASAP7_75t_L  0.092160  
     OA222x2_ASAP7_75t_L  0.092160  
      OA22x2_ASAP7_75t_L  0.092160  
      OA31x2_ASAP7_75t_L  0.092160  
     OA331x1_ASAP7_75t_L  0.046080  
     OA331x2_ASAP7_75t_L  0.092160  
     OA332x1_ASAP7_75t_L  0.046080  
     OA332x2_ASAP7_75t_L  0.092160  
     OA333x1_ASAP7_75t_L  0.046080  
     OA333x2_ASAP7_75t_L  0.092160  
      OA33x2_ASAP7_75t_L  0.092160  
    OAI211xp5_ASAP7_75t_L  0.023040  
     OAI21x1_ASAP7_75t_L  0.046080  
    OAI21xp33_ASAP7_75t_L  0.023040  
    OAI21xp5_ASAP7_75t_L  0.023040  
    OAI221xp5_ASAP7_75t_L  0.023040  
    OAI222xp33_ASAP7_75t_L  0.023040  
     OAI22x1_ASAP7_75t_L  0.046080  
    OAI22xp33_ASAP7_75t_L  0.023040  
    OAI22xp5_ASAP7_75t_L  0.023040  
    OAI311xp33_ASAP7_75t_L  0.023040  
    OAI31xp33_ASAP7_75t_L  0.023040  
    OAI31xp67_ASAP7_75t_L  0.023040  
    OAI321xp33_ASAP7_75t_L  0.023040  
    OAI322xp33_ASAP7_75t_L  0.023040  
    OAI32xp33_ASAP7_75t_L  0.023040  
    OAI331xp33_ASAP7_75t_L  0.023040  
    OAI332xp33_ASAP7_75t_L  0.023040  
    OAI333xp33_ASAP7_75t_L  0.023040  
    OAI33xp33_ASAP7_75t_L  0.023040  
       OR2x2_ASAP7_75t_L  0.092160  
       OR2x4_ASAP7_75t_L  0.184320  
       OR2x6_ASAP7_75t_L  0.184320  
       OR3x1_ASAP7_75t_L  0.046080  
       OR3x2_ASAP7_75t_L  0.092160  
       OR3x4_ASAP7_75t_L  0.184320  
       OR4x1_ASAP7_75t_L  0.046080  
       OR4x2_ASAP7_75t_L  0.092160  
       OR5x1_ASAP7_75t_L  0.046080  
       OR5x2_ASAP7_75t_L  0.092160  
      SDFHx1_ASAP7_75t_L  0.046080  
      SDFHx2_ASAP7_75t_L  0.092160  
      SDFHx3_ASAP7_75t_L  0.092160  
      SDFHx4_ASAP7_75t_L  0.184320  
      SDFLx1_ASAP7_75t_L  0.046080  
      SDFLx2_ASAP7_75t_L  0.092160  
      SDFLx3_ASAP7_75t_L  0.092160  
      SDFLx4_ASAP7_75t_L  0.184320  
     XNOR2x1_ASAP7_75t_L  0.046080  
     XNOR2x2_ASAP7_75t_L  0.092160  
    XNOR2xp5_ASAP7_75t_L  0.023040  
      XOR2x1_ASAP7_75t_L  0.046080  
      XOR2x2_ASAP7_75t_L  0.092160  
     XOR2xp5_ASAP7_75t_L  0.023040  
    A2O1A1Ixp33_ASAP7_75t_SL  0.023040  
    A2O1A1O1Ixp25_ASAP7_75t_SL  0.023040  
     AND2x2_ASAP7_75t_SL  0.092160  
     AND2x4_ASAP7_75t_SL  0.184320  
     AND2x6_ASAP7_75t_SL  0.368640  
     AND3x1_ASAP7_75t_SL  0.046080  
     AND3x2_ASAP7_75t_SL  0.092160  
     AND3x4_ASAP7_75t_SL  0.184320  
     AND4x1_ASAP7_75t_SL  0.046080  
     AND4x2_ASAP7_75t_SL  0.092160  
     AND5x1_ASAP7_75t_SL  0.368640  
     AND5x2_ASAP7_75t_SL  0.368640  
    AO211x2_ASAP7_75t_SL  0.092160  
     AO21x1_ASAP7_75t_SL  0.046080  
     AO21x2_ASAP7_75t_SL  0.092160  
    AO221x1_ASAP7_75t_SL  0.046080  
    AO221x2_ASAP7_75t_SL  0.092160  
    AO222x2_ASAP7_75t_SL  0.092160  
     AO22x1_ASAP7_75t_SL  0.046080  
     AO22x2_ASAP7_75t_SL  0.092160  
     AO31x2_ASAP7_75t_SL  0.092160  
    AO322x2_ASAP7_75t_SL  0.092160  
     AO32x1_ASAP7_75t_SL  0.046080  
     AO32x2_ASAP7_75t_SL  0.092160  
    AO331x1_ASAP7_75t_SL  0.046080  
    AO331x2_ASAP7_75t_SL  0.092160  
    AO332x1_ASAP7_75t_SL  0.046080  
    AO332x2_ASAP7_75t_SL  0.092160  
    AO333x1_ASAP7_75t_SL  0.046080  
    AO333x2_ASAP7_75t_SL  0.092160  
     AO33x2_ASAP7_75t_SL  0.092160  
    AOI211x1_ASAP7_75t_SL  0.046080  
    AOI211xp5_ASAP7_75t_SL  0.023040  
    AOI21x1_ASAP7_75t_SL  0.023040  
    AOI21xp33_ASAP7_75t_SL  0.023040  
    AOI21xp5_ASAP7_75t_SL  0.023040  
    AOI221x1_ASAP7_75t_SL  0.046080  
    AOI221xp5_ASAP7_75t_SL  0.023040  
    AOI222xp33_ASAP7_75t_SL  0.023040  
    AOI22x1_ASAP7_75t_SL  0.046080  
    AOI22xp33_ASAP7_75t_SL  0.023040  
    AOI22xp5_ASAP7_75t_SL  0.023040  
    AOI311xp33_ASAP7_75t_SL  0.023040  
    AOI31xp33_ASAP7_75t_SL  0.023040  
    AOI31xp67_ASAP7_75t_SL  0.023040  
    AOI321xp33_ASAP7_75t_SL  0.023040  
    AOI322xp5_ASAP7_75t_SL  0.023040  
    AOI32xp33_ASAP7_75t_SL  0.023040  
    AOI331xp33_ASAP7_75t_SL  0.023040  
    AOI332xp33_ASAP7_75t_SL  0.023040  
    AOI333xp33_ASAP7_75t_SL  0.023040  
    AOI33xp33_ASAP7_75t_SL  0.023040  
     BUFx10_ASAP7_75t_SL  0.368640  
     BUFx12_ASAP7_75t_SL  0.368640  
    BUFx12f_ASAP7_75t_SL  0.368640  
    BUFx16f_ASAP7_75t_SL  0.737280  
     BUFx24_ASAP7_75t_SL  1.474560  
      BUFx2_ASAP7_75t_SL  0.092160  
      BUFx3_ASAP7_75t_SL  0.092160  
      BUFx4_ASAP7_75t_SL  0.184320  
     BUFx4f_ASAP7_75t_SL  0.184320  
      BUFx5_ASAP7_75t_SL  0.184320  
     BUFx6f_ASAP7_75t_SL  0.184320  
      BUFx8_ASAP7_75t_SL  0.368640  
    CKINVDCx10_ASAP7_75t_SL  0.737280  
    CKINVDCx11_ASAP7_75t_SL  0.737280  
    CKINVDCx12_ASAP7_75t_SL  0.737280  
    CKINVDCx14_ASAP7_75t_SL  0.737280  
    CKINVDCx16_ASAP7_75t_SL  0.737280  
    CKINVDCx20_ASAP7_75t_SL  0.737280  
    CKINVDCx5p33_ASAP7_75t_SL  0.184320  
    CKINVDCx6p67_ASAP7_75t_SL  0.368640  
    CKINVDCx8_ASAP7_75t_SL  0.368640  
    CKINVDCx9p33_ASAP7_75t_SL  0.368640  
    DFFASRHQNx1_ASAP7_75t_SL  0.046080  
    DFFHQNx1_ASAP7_75t_SL  0.046080  
    DFFHQNx2_ASAP7_75t_SL  0.092160  
    DFFHQNx3_ASAP7_75t_SL  0.092160  
    DFFHQx4_ASAP7_75t_SL  0.092160  
    DFFLQNx1_ASAP7_75t_SL  0.046080  
    DFFLQNx2_ASAP7_75t_SL  0.092160  
    DFFLQNx3_ASAP7_75t_SL  0.092160  
    DFFLQx4_ASAP7_75t_SL  0.184320  
      DHLx1_ASAP7_75t_SL  0.046080  
      DHLx2_ASAP7_75t_SL  0.092160  
      DHLx3_ASAP7_75t_SL  0.092160  
      DLLx1_ASAP7_75t_SL  0.046080  
      DLLx2_ASAP7_75t_SL  0.092160  
      DLLx3_ASAP7_75t_SL  0.092160  
       FAx1_ASAP7_75t_SL  0.046080  
      HAxp5_ASAP7_75t_SL  0.023040  
    HB1xp67_ASAP7_75t_SL  0.023040  
    HB2xp67_ASAP7_75t_SL  0.023040  
    HB3xp67_ASAP7_75t_SL  0.023040  
    HB4xp67_ASAP7_75t_SL  0.023040  
      ICGx1_ASAP7_75t_SL  0.046080  
      ICGx2_ASAP7_75t_SL  0.092160  
    ICGx2p67DC_ASAP7_75t_SL  0.092160  
      ICGx3_ASAP7_75t_SL  0.092160  
    ICGx4DC_ASAP7_75t_SL  0.092160  
      ICGx4_ASAP7_75t_SL  0.092160  
      ICGx5_ASAP7_75t_SL  0.092160  
    ICGx5p33DC_ASAP7_75t_SL  0.092160  
    ICGx6p67DC_ASAP7_75t_SL  0.092160  
    ICGx8DC_ASAP7_75t_SL  0.092160  
     INVx11_ASAP7_75t_SL  0.368640  
     INVx13_ASAP7_75t_SL  0.737280  
      INVx1_ASAP7_75t_SL  0.046080  
      INVx2_ASAP7_75t_SL  0.092160  
      INVx3_ASAP7_75t_SL  0.092160  
      INVx4_ASAP7_75t_SL  0.184320  
      INVx5_ASAP7_75t_SL  0.184320  
      INVx6_ASAP7_75t_SL  0.368640  
      INVx8_ASAP7_75t_SL  0.368640  
    INVxp33_ASAP7_75t_SL  0.023040  
    INVxp67_ASAP7_75t_SL  0.023040  
    MAJIxp5_ASAP7_75t_SL  0.023040  
      MAJx2_ASAP7_75t_SL  0.092160  
      MAJx3_ASAP7_75t_SL  0.092160  
    NAND2x1_ASAP7_75t_SL  0.046080  
    NAND2x1p5_ASAP7_75t_SL  0.023040  
    NAND2x2_ASAP7_75t_SL  0.092160  
    NAND2xp33_ASAP7_75t_SL  0.023040  
    NAND2xp5_ASAP7_75t_SL  0.023040  
    NAND2xp67_ASAP7_75t_SL  0.046080  
    NAND3x1_ASAP7_75t_SL  0.046080  
    NAND3x2_ASAP7_75t_SL  0.092160  
    NAND3xp33_ASAP7_75t_SL  0.023040  
    NAND4xp25_ASAP7_75t_SL  0.023040  
    NAND4xp75_ASAP7_75t_SL  0.046080  
    NAND5xp2_ASAP7_75t_SL  0.092160  
     NOR2x1_ASAP7_75t_SL  0.046080  
    NOR2x1p5_ASAP7_75t_SL  0.092160  
     NOR2x2_ASAP7_75t_SL  0.092160  
    NOR2xp33_ASAP7_75t_SL  0.023040  
    NOR2xp67_ASAP7_75t_SL  0.046080  
     NOR3x1_ASAP7_75t_SL  0.046080  
     NOR3x2_ASAP7_75t_SL  0.092160  
    NOR3xp33_ASAP7_75t_SL  0.023040  
    NOR4xp25_ASAP7_75t_SL  0.023040  
    NOR4xp75_ASAP7_75t_SL  0.046080  
    NOR5xp2_ASAP7_75t_SL  0.023040  
    O2A1O1Ixp33_ASAP7_75t_SL  0.023040  
    O2A1O1Ixp5_ASAP7_75t_SL  0.023040  
    OA211x2_ASAP7_75t_SL  0.092160  
     OA21x2_ASAP7_75t_SL  0.092160  
    OA221x2_ASAP7_75t_SL  0.092160  
    OA222x2_ASAP7_75t_SL  0.092160  
     OA22x2_ASAP7_75t_SL  0.092160  
     OA31x2_ASAP7_75t_SL  0.092160  
    OA331x1_ASAP7_75t_SL  0.046080  
    OA331x2_ASAP7_75t_SL  0.092160  
    OA332x1_ASAP7_75t_SL  0.046080  
    OA332x2_ASAP7_75t_SL  0.092160  
    OA333x1_ASAP7_75t_SL  0.046080  
    OA333x2_ASAP7_75t_SL  0.092160  
     OA33x2_ASAP7_75t_SL  0.092160  
    OAI211xp5_ASAP7_75t_SL  0.023040  
    OAI21x1_ASAP7_75t_SL  0.046080  
    OAI21xp33_ASAP7_75t_SL  0.023040  
    OAI21xp5_ASAP7_75t_SL  0.023040  
    OAI221xp5_ASAP7_75t_SL  0.023040  
    OAI222xp33_ASAP7_75t_SL  0.023040  
    OAI22x1_ASAP7_75t_SL  0.046080  
    OAI22xp33_ASAP7_75t_SL  0.023040  
    OAI22xp5_ASAP7_75t_SL  0.023040  
    OAI311xp33_ASAP7_75t_SL  0.023040  
    OAI31xp33_ASAP7_75t_SL  0.023040  
    OAI31xp67_ASAP7_75t_SL  0.023040  
    OAI321xp33_ASAP7_75t_SL  0.023040  
    OAI322xp33_ASAP7_75t_SL  0.023040  
    OAI32xp33_ASAP7_75t_SL  0.023040  
    OAI331xp33_ASAP7_75t_SL  0.023040  
    OAI332xp33_ASAP7_75t_SL  0.023040  
    OAI333xp33_ASAP7_75t_SL  0.023040  
    OAI33xp33_ASAP7_75t_SL  0.023040  
      OR2x2_ASAP7_75t_SL  0.092160  
      OR2x4_ASAP7_75t_SL  0.184320  
      OR2x6_ASAP7_75t_SL  0.184320  
      OR3x1_ASAP7_75t_SL  0.046080  
      OR3x2_ASAP7_75t_SL  0.092160  
      OR3x4_ASAP7_75t_SL  0.184320  
      OR4x1_ASAP7_75t_SL  0.046080  
      OR4x2_ASAP7_75t_SL  0.092160  
      OR5x1_ASAP7_75t_SL  0.046080  
      OR5x2_ASAP7_75t_SL  0.092160  
     SDFHx1_ASAP7_75t_SL  0.046080  
     SDFHx2_ASAP7_75t_SL  0.092160  
     SDFHx3_ASAP7_75t_SL  0.092160  
     SDFHx4_ASAP7_75t_SL  0.184320  
     SDFLx1_ASAP7_75t_SL  0.046080  
     SDFLx2_ASAP7_75t_SL  0.092160  
     SDFLx3_ASAP7_75t_SL  0.092160  
     SDFLx4_ASAP7_75t_SL  0.184320  
    XNOR2x1_ASAP7_75t_SL  0.046080  
    XNOR2x2_ASAP7_75t_SL  0.092160  
    XNOR2xp5_ASAP7_75t_SL  0.023040  
     XOR2x1_ASAP7_75t_SL  0.046080  
     XOR2x2_ASAP7_75t_SL  0.092160  
    XOR2xp5_ASAP7_75t_SL  0.023040  400  
# Cells in .lib with max_fanout: 0  
SDC max_cap: N/A  
SDC max_tran: N/A  
SDC max_fanout: N/A  
Default Ext. Scale Factor: 1.000  
Detail Ext. Scale Factor: 1.000  

==============================
Floorplan/Placement Information
==============================
Total area of Standard cells: 16755.103 um^2  
Total area of Standard cells(Subtracting Physical Cells): 15614.364 um^2  
Total area of Macros: 0.000 um^2  
Total area of Blockages: 0.000 um^2  
Total area of Pad cells: 0.000 um^2  
Total area of Core: 31129.505 um^2  
Total area of Chip: 35775.323 um^2  
Effective Utilization: 5.2111e-01  
Number of Cell Rows: 163  
% Pure Gate Density #1 (Subtracting BLOCKAGES): 53.824%  
% Pure Gate Density #2 (Subtracting BLOCKAGES and Physical Cells): 50.159%  
% Pure Gate Density #3 (Subtracting MACROS): 53.824%  
% Pure Gate Density #4 (Subtracting MACROS and Physical Cells): 50.159%  
% Pure Gate Density #5 (Subtracting MACROS and BLOCKAGES): 53.824%  
% Pure Gate Density #6 ((Unpreplaced Standard Inst + Unpreplaced Block Inst + Unpreplaced Black Blob Inst + Fixed Clock Inst Area) / (Free Site Area + Fixed Clock Inst Area) for insts are placed): 52.111%  
% Core Density (Counting Std Cells and MACROs): 53.824%  
% Core Density #2(Subtracting Physical Cells): 50.159%  
% Chip Density (Counting Std Cells and MACROs and IOs): 46.834%  
% Chip Density #2(Subtracting Physical Cells): 43.646%  
# Macros within 5 sites of IO pad: No  
Macro halo defined?: No  

==============================
Wire Length Distribution
==============================
Total M1 wire length: 0.0000 um  
Total M2 wire length: 41519.4240 um  
Total M3 wire length: 45192.8760 um  
Total M4 wire length: 47998.0080 um  
Total M5 wire length: 39471.2040 um  
Total M6 wire length: 20518.3920 um  
Total M7 wire length: 8483.8400 um  
Total M8 wire length: 0.0000 um  
Total M9 wire length: 0.0000 um  
Total Pad wire length: 0.0000 um  
Total wire length: 203183.7440 um  
Average wire length/net: 20.7182 um  
Area of Power Net Distribution: 
    ------------------------------
    Area of Power Net Distribution
    ------------------------------
    Layer Name  Area of Power Net  Routable Area  Percentage  
    M1  1043.1660  31129.5053  3.3511%  
    M2  1044.0161  31129.5053  3.3538%  
    M3  2373.9206  31129.5053  7.6260%  
    M4  1413.7390  31129.5053  4.5415%  
    M5  0.0000  31129.5053  0.0000%  
    M6  788.4083  31129.5053  2.5327%  
    M7  791.2284  31129.5053  2.5417%  
    M8  0.0000  31129.5053  0.0000%  
    M9  0.0000  31129.5053  0.0000%  
    Pad  0.0000  31129.5053  0.0000%  For more information click here  
