###############################################################
#  Generated by:      Cadence Innovus 21.13-s100_1
#  OS:                Linux x86_64(Host ID ic22)
#  Generated on:      Thu Sep 25 17:05:42 2025
#  Design:            misty
#  Command:           report_timing > timing.rpt
###############################################################
Path 1: MET Late External Delay Assertion 
Endpoint:   data_out[38]       (v) checked with  leading edge of 'clk'
Beginpoint: round_reg_reg[1]/Q (^) triggered by  leading edge of 'clk'
Path Groups: {clk}
Analysis View: view_tc
Other End Arrival Time          0.000
- External Delay              925.000
+ Phase Shift                 1850.000
= Required Time               925.000
- Arrival Time                924.900
= Slack Time                    0.100
     Clock Rise Edge                 0.000
     + Clock Network Latency (Ideal) 0.000
     = Beginpoint Arrival Time       0.000
     +------------------------------------------------------------------------------------------------+ 
     |        Instance        |      Arc       |          Cell          |  Delay | Arrival | Required | 
     |                        |                |                        |        |  Time   |   Time   | 
     |------------------------+----------------+------------------------+--------+---------+----------| 
     | round_reg_reg[1]       | CLK ^          |                        |        |   0.000 |    0.100 | 
     | round_reg_reg[1]       | CLK ^ -> Q ^   | DFFHQx4_ASAP7_75t_SL   | 46.100 |  46.100 |   46.200 | 
     | FE_OCPC999_round_reg_1 | A ^ -> Y v     | INVx6_ASAP7_75t_SL     |  8.000 |  54.100 |   54.200 | 
     | g29311__1617           | B v -> Y ^     | NAND2x2_ASAP7_75t_SL   | 11.000 |  65.100 |   65.200 | 
     | FE_RC_786_0            | A ^ -> Y v     | NOR3x2_ASAP7_75t_SL    | 11.400 |  76.500 |   76.600 | 
     | g29251__6131           | B v -> Y v     | AND3x2_ASAP7_75t_SL    | 18.200 |  94.700 |   94.800 | 
     | FE_RC_79_0             | D v -> Y ^     | NOR4xp75_ASAP7_75t_SL  | 17.500 | 112.200 |  112.300 | 
     | FE_RC_849_0            | A1 ^ -> Y v    | AOI21x1_ASAP7_75t_SL   | 10.600 | 122.800 |  122.900 | 
     | FE_OFC190_FE_RN_98_0   | A v -> Y v     | BUFx6f_ASAP7_75t_SL    | 18.500 | 141.300 |  141.400 | 
     | FE_OFC460_n_6320       | A v -> Y ^     | INVx11_ASAP7_75t_SL    | 12.700 | 154.000 |  154.100 | 
     | g28725__6783           | B ^ -> Y ^     | AND2x2_ASAP7_75t_SL    | 17.900 | 171.900 |  172.000 | 
     | g28527__8246           | A1 ^ -> Y v    | OAI21x1_ASAP7_75t_SL   |  7.800 | 179.700 |  179.800 | 
     | FE_RC_674_0            | A v -> Y v     | XNOR2x1_ASAP7_75t_SL   | 20.900 | 200.600 |  200.700 | 
     | FE_RC_357_0            | A2 v -> Y ^    | OAI21x1_ASAP7_75t_SL   | 12.000 | 212.600 |  212.700 | 
     | g101141                | B ^ -> Y v     | AOI21x1_ASAP7_75t_SL   |  8.300 | 220.900 |  221.000 | 
     | g101041                | B v -> Y v     | AND2x4_ASAP7_75t_SL    | 19.700 | 240.600 |  240.700 | 
     | FE_RC_167_1            | B v -> Y v     | XNOR2x1_ASAP7_75t_SL   | 33.300 | 273.900 |  274.000 | 
     | g100808_dup            | B v -> Y v     | AND2x4_ASAP7_75t_SL    | 26.400 | 300.300 |  300.400 | 
     | g100635                | A v -> Y v     | AND2x2_ASAP7_75t_SL    | 21.700 | 322.000 |  322.100 | 
     | g100559                | A v -> Y ^     | INVx1_ASAP7_75t_SL     | 14.100 | 336.100 |  336.200 | 
     | g100246                | A2 ^ -> Y v    | OAI22xp5_ASAP7_75t_SL  | 11.700 | 347.800 |  347.900 | 
     | g100013                | B v -> Y ^     | AOI21xp5_ASAP7_75t_SL  | 12.100 | 359.900 |  360.000 | 
     | g102205                | B ^ -> Y v     | NAND3xp33_ASAP7_75t_SL | 12.900 | 372.800 |  372.900 | 
     | FE_RC_399_0            | A2 v -> Y ^    | OAI21x1_ASAP7_75t_SL   | 14.600 | 387.400 |  387.500 | 
     | FE_RC_192_1            | A1 ^ -> Y v    | AOI21x1_ASAP7_75t_SL   | 12.100 | 399.500 |  399.600 | 
     | g102278                | B v -> Y ^     | NOR2x1p5_ASAP7_75t_SL  | 13.400 | 412.900 |  413.000 | 
     | g99636                 | B ^ -> Y v     | NAND2x1p5_ASAP7_75t_SL | 10.500 | 423.400 |  423.500 | 
     | g99614_dup             | A v -> Y ^     | XOR2x2_ASAP7_75t_SL    | 31.100 | 454.500 |  454.600 | 
     | g99516_dup1            | A ^ -> Y ^     | OR2x2_ASAP7_75t_SL     | 19.900 | 474.400 |  474.500 | 
     | FE_DBTC44_FE_RN_430    | A ^ -> Y v     | INVx4_ASAP7_75t_SL     |  8.100 | 482.500 |  482.600 | 
     | g99386_dup             | B v -> Y v     | AND2x4_ASAP7_75t_SL    | 17.300 | 499.800 |  499.900 | 
     | FE_OCPC617_FE_RN_253   | A v -> Y v     | BUFx3_ASAP7_75t_L      | 21.100 | 520.900 |  521.000 | 
     | g99293                 | A v -> Y v     | AND2x2_ASAP7_75t_SL    | 23.900 | 544.800 |  544.900 | 
     | g99006                 | C v -> Y ^     | AOI221x1_ASAP7_75t_SL  | 10.700 | 555.500 |  555.600 | 
     | g98499                 | A ^ -> Y v     | NAND4xp25_ASAP7_75t_SL | 12.600 | 568.100 |  568.200 | 
     | g98185                 | B v -> Y ^     | NOR2xp33_ASAP7_75t_SL  | 16.300 | 584.400 |  584.500 | 
     | g98009                 | B ^ -> Y ^     | OA21x2_ASAP7_75t_SL    | 17.600 | 602.000 |  602.100 | 
     | g97849                 | A ^ -> Y ^     | XOR2x2_ASAP7_75t_SL    | 19.500 | 621.500 |  621.600 | 
     | g97820                 | A ^ -> Y v     | INVx2_ASAP7_75t_SL     |  8.800 | 630.300 |  630.400 | 
     | g102164                | A2 v -> Y v    | AO22x2_ASAP7_75t_SL    | 20.400 | 650.700 |  650.800 | 
     | g97632                 | A v -> Y v     | XNOR2xp5_ASAP7_75t_SL  | 26.300 | 677.000 |  677.100 | 
     | FE_RC_930_0            | A v -> Y v     | XNOR2xp5_ASAP7_75t_SL  | 19.700 | 696.700 |  696.800 | 
     | FE_RC_929_0            | A v -> Y ^     | INVx1_ASAP7_75t_L      | 14.200 | 710.900 |  711.000 | 
     | FE_RC_62_0             | A ^ -> Y v     | INVxp67_ASAP7_75t_SL   |  6.500 | 717.400 |  717.500 | 
     | FE_RC_59_1             | B1 v -> Y v    | OA22x2_ASAP7_75t_SL    | 19.800 | 737.200 |  737.300 | 
     | FE_OFC803_FE_RN_24_1   | A v -> Y ^     | INVx4_ASAP7_75t_SL     | 14.200 | 751.400 |  751.500 | 
     | g97130_dup             | B ^ -> Y ^     | AND2x4_ASAP7_75t_SL    | 27.300 | 778.700 |  778.800 | 
     | FE_OFC762_FE_RN_190    | A ^ -> Y ^     | BUFx2_ASAP7_75t_SL     | 25.100 | 803.800 |  803.900 | 
     | g96553                 | A1 ^ -> Y ^    | AO22x1_ASAP7_75t_SL    | 27.000 | 830.800 |  830.900 | 
     | g96213                 | B ^ -> Y v     | NOR3x1_ASAP7_75t_SL    | 13.200 | 844.000 |  844.100 | 
     | FE_RC_133_0            | B1 v -> Y v    | OA22x2_ASAP7_75t_SL    | 20.300 | 864.300 |  864.400 | 
     | FE_RC_178_0            | B v -> Y ^     | NAND4xp75_ASAP7_75t_SL | 10.600 | 874.900 |  875.000 | 
     | FE_RC_85_1             | B ^ -> Y v     | NAND2xp5_ASAP7_75t_SL  |  9.000 | 883.900 |  884.000 | 
     | FE_RC_84_1             | B v -> Y ^     | OAI21xp5_ASAP7_75t_SL  |  9.500 | 893.400 |  893.500 | 
     | FE_RC_1184_0           | A2 ^ -> Y v    | OAI21x1_ASAP7_75t_SL   |  8.000 | 901.400 |  901.500 | 
     | FE_RC_861_0            | A2 v -> Y v    | AO21x2_ASAP7_75t_SL    | 22.500 | 923.900 |  924.000 | 
     |                        | data_out[38] v |                        |  1.000 | 924.900 |  925.000 | 
     +------------------------------------------------------------------------------------------------+ 

